#-----------------------------------------------------------
# Vivado v2023.1 (64-bit)
# SW Build 3865809 on Sun May  7 15:05:29 MDT 2023
# IP Build 3864474 on Sun May  7 20:36:21 MDT 2023
# SharedData Build 3865790 on Sun May 07 13:33:03 MDT 2023
# Start of session at: Tue May 12 17:00:43 2026
# Process ID: 10024
# Current directory: D:/STUDY/HE_THONG_HDL/DO_AN/code/AES256_Copy
# Command line: vivado.exe -mode batch -source D:\STUDY\HE_THONG_HDL\DO_AN\code\AES256_Copy\scripts\run_synth_impl.tcl -tclargs D:\STUDY\HE_THONG_HDL\DO_AN\code\AES256_Copy\project_1\project_1.xpr D:\STUDY\HE_THONG_HDL\DO_AN\code\AES256_Copy\results
# Log file: D:/STUDY/HE_THONG_HDL/DO_AN/code/AES256_Copy/vivado.log
# Journal file: D:/STUDY/HE_THONG_HDL/DO_AN/code/AES256_Copy\vivado.jou
# Running On: DESKTOP-DGP33K4, OS: Windows, CPU Frequency: 1596 MHz, CPU Physical cores: 2, Host memory: 17079 MB
#-----------------------------------------------------------
source {D:\STUDY\HE_THONG_HDL\DO_AN\code\AES256_Copy\scripts\run_synth_impl.tcl}
# if {$argc < 2} {
#     puts "Usage: run_synth_impl.tcl <project_xpr> <out_dir>"
#     exit 2
# }
# set project_xpr [lindex $argv 0]
# set out_dir [lindex $argv 1]
# file mkdir $out_dir
# open_project $project_xpr
INFO: [filemgmt 56-3] Default IP Output Path : Could not find the directory 'D:/STUDY/HE_THONG_HDL/DO_AN/code/AES256_Copy/project_1/project_1.gen/sources_1'.
Scanning sources...
Finished scanning sources
open_project: Time (s): cpu = 00:00:14 ; elapsed = 00:00:17 . Memory (MB): peak = 476.750 ; gain = 181.109
# reset_run synth_1
WARNING: [Vivado 12-1017] Problems encountered:
1. PID not specified

# reset_run impl_1
# launch_runs synth_1 -jobs 8
[Tue May 12 17:01:10 2026] Launched synth_1...
Run output will be captured here: D:/STUDY/HE_THONG_HDL/DO_AN/code/AES256_Copy/project_1/project_1.runs/synth_1/runme.log
# wait_on_run synth_1
[Tue May 12 17:01:10 2026] Waiting for synth_1 to finish...

*** Running vivado
    with args -log top.vds -m64 -product Vivado -mode batch -messageDb vivado.pb -notrace -source top.tcl


ECHO is off.
ECHO is off.

****** Vivado v2023.1 (64-bit)
  **** SW Build 3865809 on Sun May  7 15:05:29 MDT 2023
  **** IP Build 3864474 on Sun May  7 20:36:21 MDT 2023
  **** SharedData Build 3865790 on Sun May 07 13:33:03 MDT 2023
    ** Copyright 1986-2022 Xilinx, Inc. All Rights Reserved.
    ** Copyright 2022-2023 Advanced Micro Devices, Inc. All Rights Reserved.

source top.tcl -notrace
create_project: Time (s): cpu = 00:00:15 ; elapsed = 00:00:18 . Memory (MB): peak = 454.520 ; gain = 159.066
Command: read_checkpoint -auto_incremental -incremental D:/STUDY/HE_THONG_HDL/DO_AN/code/AES256_Copy/project_1/project_1.srcs/utils_1/imports/synth_1/top.dcp
INFO: [Vivado 12-5825] Read reference checkpoint from D:/STUDY/HE_THONG_HDL/DO_AN/code/AES256_Copy/project_1/project_1.srcs/utils_1/imports/synth_1/top.dcp for incremental synthesis
INFO: [Vivado 12-7989] Please ensure there are no constraint changes
Command: synth_design -top top -part xc7vx485tffg1157-1
Starting synth_design
Attempting to get a license for feature 'Synthesis' and/or device 'xc7vx485t'
INFO: [Common 17-349] Got license for feature 'Synthesis' and/or device 'xc7vx485t'
INFO: [Common 17-86] Your Synthesis license expires in 21 day(s)
INFO: [Device 21-403] Loading part xc7vx485tffg1157-1
INFO: [Designutils 20-5440] No compile time benefit to using incremental synthesis; A full resynthesis will be run
INFO: [Designutils 20-4379] Flow is switching to default flow due to incremental criteria not met. If you would like to alter this behaviour and have the flow terminate instead, please set the following parameter config_implementation {autoIncr.Synth.RejectBehavior Terminate}
INFO: [Synth 8-7079] Multithreading enabled for synth_design using a maximum of 2 processes.
INFO: [Synth 8-7078] Launching helper process for spawning children vivado processes
INFO: [Synth 8-7075] Helper process launched with PID 8092
---------------------------------------------------------------------------------
Starting RTL Elaboration : Time (s): cpu = 00:00:13 ; elapsed = 00:00:14 . Memory (MB): peak = 1451.945 ; gain = 412.535
---------------------------------------------------------------------------------
INFO: [Synth 8-6157] synthesizing module 'top' [D:/STUDY/HE_THONG_HDL/DO_AN/code/AES256_Copy/top.v:3]
INFO: [Synth 8-6157] synthesizing module 'key_expansion' [D:/STUDY/HE_THONG_HDL/DO_AN/code/AES256_Copy/KeyExpansion.v:1]
INFO: [Synth 8-6157] synthesizing module 'rcon' [D:/STUDY/HE_THONG_HDL/DO_AN/code/AES256_Copy/rcon.v:1]
INFO: [Synth 8-6155] done synthesizing module 'rcon' (0#1) [D:/STUDY/HE_THONG_HDL/DO_AN/code/AES256_Copy/rcon.v:1]
INFO: [Synth 8-6157] synthesizing module 'sbox' [D:/STUDY/HE_THONG_HDL/DO_AN/code/AES256_Copy/sbox.v:1]
INFO: [Synth 8-6155] done synthesizing module 'sbox' (0#1) [D:/STUDY/HE_THONG_HDL/DO_AN/code/AES256_Copy/sbox.v:1]
INFO: [Synth 8-6155] done synthesizing module 'key_expansion' (0#1) [D:/STUDY/HE_THONG_HDL/DO_AN/code/AES256_Copy/KeyExpansion.v:1]
INFO: [Synth 8-6157] synthesizing module 'sub_bytes' [D:/STUDY/HE_THONG_HDL/DO_AN/code/AES256_Copy/SubBytes.v:1]
INFO: [Synth 8-6155] done synthesizing module 'sub_bytes' (0#1) [D:/STUDY/HE_THONG_HDL/DO_AN/code/AES256_Copy/SubBytes.v:1]
INFO: [Synth 8-6157] synthesizing module 'shift_rows' [D:/STUDY/HE_THONG_HDL/DO_AN/code/AES256_Copy/ShiftRows.v:1]
INFO: [Synth 8-6155] done synthesizing module 'shift_rows' (0#1) [D:/STUDY/HE_THONG_HDL/DO_AN/code/AES256_Copy/ShiftRows.v:1]
INFO: [Synth 8-6157] synthesizing module 'MixColumns' [D:/STUDY/HE_THONG_HDL/DO_AN/code/AES256_Copy/MixColumns.v:1]
INFO: [Synth 8-6155] done synthesizing module 'MixColumns' (0#1) [D:/STUDY/HE_THONG_HDL/DO_AN/code/AES256_Copy/MixColumns.v:1]
INFO: [Synth 8-6157] synthesizing module 'addRoundKey' [D:/STUDY/HE_THONG_HDL/DO_AN/code/AES256_Copy/AddRoundKey.v:1]
INFO: [Synth 8-6155] done synthesizing module 'addRoundKey' (0#1) [D:/STUDY/HE_THONG_HDL/DO_AN/code/AES256_Copy/AddRoundKey.v:1]
INFO: [Synth 8-6155] done synthesizing module 'top' (0#1) [D:/STUDY/HE_THONG_HDL/DO_AN/code/AES256_Copy/top.v:3]
WARNING: [Synth 8-7129] Port clk in module key_expansion is either unconnected or has no load
---------------------------------------------------------------------------------
Finished RTL Elaboration : Time (s): cpu = 00:00:18 ; elapsed = 00:00:21 . Memory (MB): peak = 1551.367 ; gain = 511.957
---------------------------------------------------------------------------------
---------------------------------------------------------------------------------
Start Handling Custom Attributes
---------------------------------------------------------------------------------
---------------------------------------------------------------------------------
Finished Handling Custom Attributes : Time (s): cpu = 00:00:19 ; elapsed = 00:00:21 . Memory (MB): peak = 1551.367 ; gain = 511.957
---------------------------------------------------------------------------------
---------------------------------------------------------------------------------
Finished RTL Optimization Phase 1 : Time (s): cpu = 00:00:19 ; elapsed = 00:00:21 . Memory (MB): peak = 1551.367 ; gain = 511.957
---------------------------------------------------------------------------------
Netlist sorting complete. Time (s): cpu = 00:00:01 ; elapsed = 00:00:00.245 . Memory (MB): peak = 1551.367 ; gain = 0.000
INFO: [Project 1-570] Preparing netlist for logic optimization

Processing XDC Constraints
Initializing timing engine
Parsing XDC File [D:/STUDY/HE_THONG_HDL/DO_AN/code/AES256_Copy/project_1/project_1.srcs/constrs_1/new/timing.xdc]
Finished Parsing XDC File [D:/STUDY/HE_THONG_HDL/DO_AN/code/AES256_Copy/project_1/project_1.srcs/constrs_1/new/timing.xdc]
Completed Processing XDC Constraints

Netlist sorting complete. Time (s): cpu = 00:00:00 ; elapsed = 00:00:00.001 . Memory (MB): peak = 1660.609 ; gain = 0.000
INFO: [Project 1-111] Unisim Transformation Summary:
No Unisim elements were transformed.

Constraint Validation Runtime : Time (s): cpu = 00:00:00 ; elapsed = 00:00:00.022 . Memory (MB): peak = 1660.609 ; gain = 0.000
INFO: [Designutils 20-5440] No compile time benefit to using incremental synthesis; A full resynthesis will be run
INFO: [Designutils 20-4379] Flow is switching to default flow due to incremental criteria not met. If you would like to alter this behaviour and have the flow terminate instead, please set the following parameter config_implementation {autoIncr.Synth.RejectBehavior Terminate}
---------------------------------------------------------------------------------
Finished Constraint Validation : Time (s): cpu = 00:00:40 ; elapsed = 00:00:45 . Memory (MB): peak = 1660.609 ; gain = 621.199
---------------------------------------------------------------------------------
---------------------------------------------------------------------------------
Start Loading Part and Timing Information
---------------------------------------------------------------------------------
Loading part: xc7vx485tffg1157-1
---------------------------------------------------------------------------------
Finished Loading Part and Timing Information : Time (s): cpu = 00:00:40 ; elapsed = 00:00:45 . Memory (MB): peak = 1660.609 ; gain = 621.199
---------------------------------------------------------------------------------
---------------------------------------------------------------------------------
Start Applying 'set_property' XDC Constraints
---------------------------------------------------------------------------------
---------------------------------------------------------------------------------
Finished applying 'set_property' XDC Constraints : Time (s): cpu = 00:00:40 ; elapsed = 00:00:45 . Memory (MB): peak = 1660.609 ; gain = 621.199
---------------------------------------------------------------------------------
---------------------------------------------------------------------------------
Finished RTL Optimization Phase 2 : Time (s): cpu = 00:00:42 ; elapsed = 00:00:48 . Memory (MB): peak = 1660.609 ; gain = 621.199
---------------------------------------------------------------------------------
---------------------------------------------------------------------------------
Start RTL Component Statistics 
---------------------------------------------------------------------------------
Detailed RTL Component Info : 
+---Adders : 
	   2 Input    4 Bit       Adders := 2     
+---XORs : 
	   2 Input    128 Bit         XORs := 1     
	   3 Input     32 Bit         XORs := 7     
	   2 Input     32 Bit         XORs := 45    
	   2 Input      8 Bit         XORs := 20    
	   3 Input      8 Bit         XORs := 10    
	   5 Input      8 Bit         XORs := 6     
	   4 Input      8 Bit         XORs := 2     
+---Registers : 
	              128 Bit    Registers := 2     
	                4 Bit    Registers := 2     
+---Muxes : 
	  15 Input  128 Bit        Muxes := 1     
	   2 Input   31 Bit        Muxes := 7     
	   8 Input   31 Bit        Muxes := 7     
	   2 Input    8 Bit        Muxes := 16    
	  17 Input    4 Bit        Muxes := 1     
	   2 Input    1 Bit        Muxes := 2     
---------------------------------------------------------------------------------
Finished RTL Component Statistics 
---------------------------------------------------------------------------------
---------------------------------------------------------------------------------
Start Part Resource Summary
---------------------------------------------------------------------------------
Part Resources:
DSPs: 2800 (col length:140)
BRAMs: 2060 (col length: RAMB18 140 RAMB36 70)
---------------------------------------------------------------------------------
Finished Part Resource Summary
---------------------------------------------------------------------------------
---------------------------------------------------------------------------------
Start Cross Boundary and Area Optimization
---------------------------------------------------------------------------------
WARNING: [Synth 8-7080] Parallel synthesis criteria is not met

*** Running vivado
    with args -log top.vds -m64 -product Vivado -mode batch -messageDb vivado.pb -notrace -source top.tcl


ECHO is off.
ECHO is off.

****** Vivado v2023.1 (64-bit)
  **** SW Build 3865809 on Sun May  7 15:05:29 MDT 2023
  **** IP Build 3864474 on Sun May  7 20:36:21 MDT 2023
  **** SharedData Build 3865790 on Sun May 07 13:33:03 MDT 2023
    ** Copyright 1986-2022 Xilinx, Inc. All Rights Reserved.
    ** Copyright 2022-2023 Advanced Micro Devices, Inc. All Rights Reserved.

source top.tcl -notrace
create_project: Time (s): cpu = 00:00:14 ; elapsed = 00:00:15 . Memory (MB): peak = 453.598 ; gain = 158.582
Command: read_checkpoint -auto_incremental -incremental D:/STUDY/HE_THONG_HDL/DO_AN/code/AES256_Copy/project_1/project_1.srcs/utils_1/imports/synth_1/top.dcp
INFO: [Vivado 12-5825] Read reference checkpoint from D:/STUDY/HE_THONG_HDL/DO_AN/code/AES256_Copy/project_1/project_1.srcs/utils_1/imports/synth_1/top.dcp for incremental synthesis
INFO: [Vivado 12-7989] Please ensure there are no constraint changes
Command: synth_design -top top -part xc7vx485tffg1157-1
Starting synth_design
Attempting to get a license for feature 'Synthesis' and/or device 'xc7vx485t'
INFO: [Common 17-349] Got license for feature 'Synthesis' and/or device 'xc7vx485t'
INFO: [Common 17-86] Your Synthesis license expires in 21 day(s)
INFO: [Device 21-403] Loading part xc7vx485tffg1157-1
INFO: [Designutils 20-5440] No compile time benefit to using incremental synthesis; A full resynthesis will be run
INFO: [Designutils 20-4379] Flow is switching to default flow due to incremental criteria not met. If you would like to alter this behaviour and have the flow terminate instead, please set the following parameter config_implementation {autoIncr.Synth.RejectBehavior Terminate}
INFO: [Synth 8-7079] Multithreading enabled for synth_design using a maximum of 2 processes.
INFO: [Synth 8-7078] Launching helper process for spawning children vivado processes
INFO: [Synth 8-7075] Helper process launched with PID 5720
---------------------------------------------------------------------------------
Starting RTL Elaboration : Time (s): cpu = 00:00:12 ; elapsed = 00:00:15 . Memory (MB): peak = 1450.684 ; gain = 411.207
---------------------------------------------------------------------------------
INFO: [Synth 8-6157] synthesizing module 'top' [D:/STUDY/HE_THONG_HDL/DO_AN/code/AES256_Copy/top.v:3]
INFO: [Synth 8-6157] synthesizing module 'key_expansion' [D:/STUDY/HE_THONG_HDL/DO_AN/code/AES256_Copy/KeyExpansion.v:1]
INFO: [Synth 8-6157] synthesizing module 'rcon' [D:/STUDY/HE_THONG_HDL/DO_AN/code/AES256_Copy/rcon.v:1]
INFO: [Synth 8-6155] done synthesizing module 'rcon' (0#1) [D:/STUDY/HE_THONG_HDL/DO_AN/code/AES256_Copy/rcon.v:1]
INFO: [Synth 8-6157] synthesizing module 'sbox' [D:/STUDY/HE_THONG_HDL/DO_AN/code/AES256_Copy/sbox.v:1]
INFO: [Synth 8-6155] done synthesizing module 'sbox' (0#1) [D:/STUDY/HE_THONG_HDL/DO_AN/code/AES256_Copy/sbox.v:1]
INFO: [Synth 8-6155] done synthesizing module 'key_expansion' (0#1) [D:/STUDY/HE_THONG_HDL/DO_AN/code/AES256_Copy/KeyExpansion.v:1]
INFO: [Synth 8-6157] synthesizing module 'sub_bytes' [D:/STUDY/HE_THONG_HDL/DO_AN/code/AES256_Copy/SubBytes.v:1]
INFO: [Synth 8-6155] done synthesizing module 'sub_bytes' (0#1) [D:/STUDY/HE_THONG_HDL/DO_AN/code/AES256_Copy/SubBytes.v:1]
INFO: [Synth 8-6157] synthesizing module 'shift_rows' [D:/STUDY/HE_THONG_HDL/DO_AN/code/AES256_Copy/ShiftRows.v:1]
INFO: [Synth 8-6155] done synthesizing module 'shift_rows' (0#1) [D:/STUDY/HE_THONG_HDL/DO_AN/code/AES256_Copy/ShiftRows.v:1]
INFO: [Synth 8-6157] synthesizing module 'MixColumns' [D:/STUDY/HE_THONG_HDL/DO_AN/code/AES256_Copy/MixColumns.v:1]
INFO: [Synth 8-6155] done synthesizing module 'MixColumns' (0#1) [D:/STUDY/HE_THONG_HDL/DO_AN/code/AES256_Copy/MixColumns.v:1]
INFO: [Synth 8-6157] synthesizing module 'addRoundKey' [D:/STUDY/HE_THONG_HDL/DO_AN/code/AES256_Copy/AddRoundKey.v:1]
INFO: [Synth 8-6155] done synthesizing module 'addRoundKey' (0#1) [D:/STUDY/HE_THONG_HDL/DO_AN/code/AES256_Copy/AddRoundKey.v:1]
INFO: [Synth 8-6155] done synthesizing module 'top' (0#1) [D:/STUDY/HE_THONG_HDL/DO_AN/code/AES256_Copy/top.v:3]
WARNING: [Synth 8-7129] Port clk in module key_expansion is either unconnected or has no load
---------------------------------------------------------------------------------
Finished RTL Elaboration : Time (s): cpu = 00:00:17 ; elapsed = 00:00:20 . Memory (MB): peak = 1551.254 ; gain = 511.777
---------------------------------------------------------------------------------
---------------------------------------------------------------------------------
Start Handling Custom Attributes
---------------------------------------------------------------------------------
---------------------------------------------------------------------------------
Finished Handling Custom Attributes : Time (s): cpu = 00:00:17 ; elapsed = 00:00:21 . Memory (MB): peak = 1551.254 ; gain = 511.777
---------------------------------------------------------------------------------
---------------------------------------------------------------------------------
Finished RTL Optimization Phase 1 : Time (s): cpu = 00:00:17 ; elapsed = 00:00:21 . Memory (MB): peak = 1551.254 ; gain = 511.777
---------------------------------------------------------------------------------
Netlist sorting complete. Time (s): cpu = 00:00:00 ; elapsed = 00:00:00.083 . Memory (MB): peak = 1551.254 ; gain = 0.000
INFO: [Project 1-570] Preparing netlist for logic optimization

Processing XDC Constraints
Initializing timing engine
Parsing XDC File [D:/STUDY/HE_THONG_HDL/DO_AN/code/AES256_Copy/project_1/project_1.srcs/constrs_1/new/timing.xdc]
Finished Parsing XDC File [D:/STUDY/HE_THONG_HDL/DO_AN/code/AES256_Copy/project_1/project_1.srcs/constrs_1/new/timing.xdc]
Completed Processing XDC Constraints

Netlist sorting complete. Time (s): cpu = 00:00:00 ; elapsed = 00:00:00.001 . Memory (MB): peak = 1658.992 ; gain = 0.000
INFO: [Project 1-111] Unisim Transformation Summary:
No Unisim elements were transformed.

Constraint Validation Runtime : Time (s): cpu = 00:00:00 ; elapsed = 00:00:00.026 . Memory (MB): peak = 1658.992 ; gain = 0.000
INFO: [Designutils 20-5440] No compile time benefit to using incremental synthesis; A full resynthesis will be run
INFO: [Designutils 20-4379] Flow is switching to default flow due to incremental criteria not met. If you would like to alter this behaviour and have the flow terminate instead, please set the following parameter config_implementation {autoIncr.Synth.RejectBehavior Terminate}
---------------------------------------------------------------------------------
Finished Constraint Validation : Time (s): cpu = 00:00:37 ; elapsed = 00:00:44 . Memory (MB): peak = 1658.992 ; gain = 619.516
---------------------------------------------------------------------------------
---------------------------------------------------------------------------------
Start Loading Part and Timing Information
---------------------------------------------------------------------------------
Loading part: xc7vx485tffg1157-1
---------------------------------------------------------------------------------
Finished Loading Part and Timing Information : Time (s): cpu = 00:00:37 ; elapsed = 00:00:44 . Memory (MB): peak = 1658.992 ; gain = 619.516
---------------------------------------------------------------------------------
---------------------------------------------------------------------------------
Start Applying 'set_property' XDC Constraints
---------------------------------------------------------------------------------
---------------------------------------------------------------------------------
Finished applying 'set_property' XDC Constraints : Time (s): cpu = 00:00:37 ; elapsed = 00:00:44 . Memory (MB): peak = 1658.992 ; gain = 619.516
---------------------------------------------------------------------------------
---------------------------------------------------------------------------------
Finished RTL Optimization Phase 2 : Time (s): cpu = 00:00:39 ; elapsed = 00:00:47 . Memory (MB): peak = 1658.992 ; gain = 619.516
---------------------------------------------------------------------------------
---------------------------------------------------------------------------------
Start RTL Component Statistics 
---------------------------------------------------------------------------------
Detailed RTL Component Info : 
+---Adders : 
	   2 Input    4 Bit       Adders := 2     
+---XORs : 
	   2 Input    128 Bit         XORs := 1     
	   3 Input     32 Bit         XORs := 7     
	   2 Input     32 Bit         XORs := 45    
	   2 Input      8 Bit         XORs := 20    
	   3 Input      8 Bit         XORs := 10    
	   5 Input      8 Bit         XORs := 6     
	   4 Input      8 Bit         XORs := 2     
+---Registers : 
	              128 Bit    Registers := 2     
	                4 Bit    Registers := 2     
+---Muxes : 
	  15 Input  128 Bit        Muxes := 1     
	   2 Input   31 Bit        Muxes := 7     
	   8 Input   31 Bit        Muxes := 7     
	   2 Input    8 Bit        Muxes := 16    
	  17 Input    4 Bit        Muxes := 1     
	   2 Input    1 Bit        Muxes := 2     
---------------------------------------------------------------------------------
Finished RTL Component Statistics 
---------------------------------------------------------------------------------
---------------------------------------------------------------------------------
Start Part Resource Summary
---------------------------------------------------------------------------------
Part Resources:
DSPs: 2800 (col length:140)
BRAMs: 2060 (col length: RAMB18 140 RAMB36 70)
---------------------------------------------------------------------------------
Finished Part Resource Summary
---------------------------------------------------------------------------------
---------------------------------------------------------------------------------
Start Cross Boundary and Area Optimization
---------------------------------------------------------------------------------
WARNING: [Synth 8-7080] Parallel synthesis criteria is not met
WARNING: [Synth 8-6040] Register state_reg_reg_rep driving address of a ROM cannot be packed in BRAM/URAM because of presence of initial value.
WARNING: [Synth 8-7129] Port clk in module key_expansion is either unconnected or has no load
---------------------------------------------------------------------------------
Finished Cross Boundary and Area Optimization : Time (s): cpu = 00:02:24 ; elapsed = 00:02:40 . Memory (MB): peak = 1908.469 ; gain = 868.992
---------------------------------------------------------------------------------
---------------------------------------------------------------------------------
Start ROM, RAM, DSP, Shift Register and Retiming Reporting
---------------------------------------------------------------------------------

ROM: Preliminary Mapping Report
+--------------+-------------------+---------------+----------------+
|Module Name   | RTL Object        | Depth x Width | Implemented As | 
+--------------+-------------------+---------------+----------------+
|sbox          | sbox_data         | 256x8         | LUT            | 
|key_expansion | s7_3/sbox_data    | 256x8         | LUT            | 
|key_expansion | s7_2/sbox_data    | 256x8         | LUT            | 
|key_expansion | s7_1/sbox_data    | 256x8         | LUT            | 
|key_expansion | s7_0/sbox_data    | 256x8         | LUT            | 
|key_expansion | s11_3/sbox_data   | 256x8         | LUT            | 
|key_expansion | s11_2/sbox_data   | 256x8         | LUT            | 
|key_expansion | s11_1/sbox_data   | 256x8         | LUT            | 
|key_expansion | s11_0/sbox_data   | 256x8         | LUT            | 
|key_expansion | s15_3/sbox_data   | 256x8         | LUT            | 
|key_expansion | s15_2/sbox_data   | 256x8         | LUT            | 
|key_expansion | s15_1/sbox_data   | 256x8         | LUT            | 
|key_expansion | s15_0/sbox_data   | 256x8         | LUT            | 
|key_expansion | s19_3/sbox_data   | 256x8         | LUT            | 
|key_expansion | s19_2/sbox_data   | 256x8         | LUT            | 
|key_expansion | s19_1/sbox_data   | 256x8         | LUT            | 
|key_expansion | s19_0/sbox_data   | 256x8         | LUT            | 
|key_expansion | s23_3/sbox_data   | 256x8         | LUT            | 
|key_expansion | s23_2/sbox_data   | 256x8         | LUT            | 
|key_expansion | s23_1/sbox_data   | 256x8         | LUT            | 
|key_expansion | s23_0/sbox_data   | 256x8         | LUT            | 
|key_expansion | s27_3/sbox_data   | 256x8         | LUT            | 
|key_expansion | s27_2/sbox_data   | 256x8         | LUT            | 
|key_expansion | s27_1/sbox_data   | 256x8         | LUT            | 
|key_expansion | s27_0/sbox_data   | 256x8         | LUT            | 
|key_expansion | s31_3/sbox_data   | 256x8         | LUT            | 
|key_expansion | s31_2/sbox_data   | 256x8         | LUT            | 
|key_expansion | s31_1/sbox_data   | 256x8         | LUT            | 
|key_expansion | s31_0/sbox_data   | 256x8         | LUT            | 
|key_expansion | s35_3/sbox_data   | 256x8         | LUT            | 
|key_expansion | s35_2/sbox_data   | 256x8         | LUT            | 
|key_expansion | s35_1/sbox_data   | 256x8         | LUT            | 
|key_expansion | s35_0/sbox_data   | 256x8         | LUT            | 
|key_expansion | s39_3/sbox_data   | 256x8         | LUT            | 
|key_expansion | s39_2/sbox_data   | 256x8         | LUT            | 
|key_expansion | s39_1/sbox_data   | 256x8         | LUT            | 
|key_expansion | s39_0/sbox_data   | 256x8         | LUT            | 
|key_expansion | s43_3/sbox_data   | 256x8         | LUT            | 
|key_expansion | s43_2/sbox_data   | 256x8         | LUT            | 
|key_expansion | s43_1/sbox_data   | 256x8         | LUT            | 
|key_expansion | s43_0/sbox_data   | 256x8         | LUT            | 
|key_expansion | s47_3/sbox_data   | 256x8         | LUT            | 
|key_expansion | s47_2/sbox_data   | 256x8         | LUT            | 
|key_expansion | s47_1/sbox_data   | 256x8         | LUT            | 
|key_expansion | s47_0/sbox_data   | 256x8         | LUT            | 
|key_expansion | s51_3/sbox_data   | 256x8         | LUT            | 
|key_expansion | s51_2/sbox_data   | 256x8         | LUT            | 
|key_expansion | s51_1/sbox_data   | 256x8         | LUT            | 
|key_expansion | s51_0/sbox_data   | 256x8         | LUT            | 
|key_expansion | s55_3/sbox_data   | 256x8         | LUT            | 
|key_expansion | s55_2/sbox_data   | 256x8         | LUT            | 
|key_expansion | s55_1/sbox_data   | 256x8         | LUT            | 
|key_expansion | s55_0/sbox_data   | 256x8         | LUT            | 
|top           | sb/s3_3/sbox_data | 256x8         | LUT            | 
|top           | sb/s3_2/sbox_data | 256x8         | Block RAM      | 
|top           | sb/s3_1/sbox_data | 256x8         | Block RAM      | 
|top           | sb/s3_0/sbox_data | 256x8         | Block RAM      | 
|top           | sb/s2_3/sbox_data | 256x8         | Block RAM      | 
|top           | sb/s2_2/sbox_data | 256x8         | Block RAM      | 
|top           | sb/s2_1/sbox_data | 256x8         | Block RAM      | 
|top           | sb/s2_0/sbox_data | 256x8         | Block RAM      | 
|top           | sb/s1_3/sbox_data | 256x8         | Block RAM      | 
|top           | sb/s1_2/sbox_data | 256x8         | Block RAM      | 
|top           | sb/s1_1/sbox_data | 256x8         | Block RAM      | 
|top           | sb/s1_0/sbox_data | 256x8         | Block RAM      | 
|top           | sb/s0_3/sbox_data | 256x8         | Block RAM      | 
|top           | sb/s0_2/sbox_data | 256x8         | Block RAM      | 
|top           | sb/s0_1/sbox_data | 256x8         | Block RAM      | 
|top           | sb/s0_0/sbox_data | 256x8         | Block RAM      | 
+--------------+-------------------+---------------+----------------+

---------------------------------------------------------------------------------
Finished ROM, RAM, DSP, Shift Register and Retiming Reporting
---------------------------------------------------------------------------------
---------------------------------------------------------------------------------
Start Applying XDC Timing Constraints
---------------------------------------------------------------------------------
---------------------------------------------------------------------------------
Finished Applying XDC Timing Constraints : Time (s): cpu = 00:02:35 ; elapsed = 00:02:52 . Memory (MB): peak = 1908.469 ; gain = 868.992
---------------------------------------------------------------------------------
---------------------------------------------------------------------------------
Start Timing Optimization
---------------------------------------------------------------------------------
---------------------------------------------------------------------------------
Finished Timing Optimization : Time (s): cpu = 00:03:37 ; elapsed = 00:03:56 . Memory (MB): peak = 2087.730 ; gain = 1048.254
---------------------------------------------------------------------------------
---------------------------------------------------------------------------------
Start Technology Mapping
---------------------------------------------------------------------------------
---------------------------------------------------------------------------------
Finished Technology Mapping : Time (s): cpu = 00:03:43 ; elapsed = 00:04:03 . Memory (MB): peak = 2087.730 ; gain = 1048.254
---------------------------------------------------------------------------------
---------------------------------------------------------------------------------
Start IO Insertion
---------------------------------------------------------------------------------
---------------------------------------------------------------------------------
Start Flattening Before IO Insertion
---------------------------------------------------------------------------------
---------------------------------------------------------------------------------
Finished Flattening Before IO Insertion
---------------------------------------------------------------------------------
---------------------------------------------------------------------------------
Start Final Netlist Cleanup
---------------------------------------------------------------------------------
---------------------------------------------------------------------------------
Finished Final Netlist Cleanup
---------------------------------------------------------------------------------
---------------------------------------------------------------------------------
Finished IO Insertion : Time (s): cpu = 00:03:56 ; elapsed = 00:04:20 . Memory (MB): peak = 2087.730 ; gain = 1048.254
---------------------------------------------------------------------------------
---------------------------------------------------------------------------------
Start Renaming Generated Instances
---------------------------------------------------------------------------------
---------------------------------------------------------------------------------
Finished Renaming Generated Instances : Time (s): cpu = 00:03:56 ; elapsed = 00:04:20 . Memory (MB): peak = 2087.730 ; gain = 1048.254
---------------------------------------------------------------------------------
---------------------------------------------------------------------------------
Start Rebuilding User Hierarchy
---------------------------------------------------------------------------------
---------------------------------------------------------------------------------
Finished Rebuilding User Hierarchy : Time (s): cpu = 00:03:57 ; elapsed = 00:04:21 . Memory (MB): peak = 2087.730 ; gain = 1048.254
---------------------------------------------------------------------------------
---------------------------------------------------------------------------------
Start Renaming Generated Ports
---------------------------------------------------------------------------------
---------------------------------------------------------------------------------
Finished Renaming Generated Ports : Time (s): cpu = 00:03:57 ; elapsed = 00:04:22 . Memory (MB): peak = 2087.730 ; gain = 1048.254
---------------------------------------------------------------------------------
---------------------------------------------------------------------------------
Start Handling Custom Attributes
---------------------------------------------------------------------------------
---------------------------------------------------------------------------------
Finished Handling Custom Attributes : Time (s): cpu = 00:03:58 ; elapsed = 00:04:22 . Memory (MB): peak = 2087.730 ; gain = 1048.254
---------------------------------------------------------------------------------
---------------------------------------------------------------------------------
Start Renaming Generated Nets
---------------------------------------------------------------------------------
---------------------------------------------------------------------------------
Finished Renaming Generated Nets : Time (s): cpu = 00:03:58 ; elapsed = 00:04:22 . Memory (MB): peak = 2087.730 ; gain = 1048.254
---------------------------------------------------------------------------------
---------------------------------------------------------------------------------
Start Writing Synthesis Report
---------------------------------------------------------------------------------

Report BlackBoxes: 
+-+--------------+----------+
| |BlackBox name |Instances |
+-+--------------+----------+
+-+--------------+----------+

Report Cell Usage: 
+------+------+------+
|      |Cell  |Count |
+------+------+------+
|1     |BUFG  |     1|
|2     |LUT1  |     2|
|3     |LUT2  |   525|
|4     |LUT3  |   298|
|5     |LUT4  |   167|
|6     |LUT5  |   269|
|7     |LUT6  |  3637|
|8     |MUXF7 |   896|
|9     |MUXF8 |   180|
|10    |FDRE  |   263|
|11    |FDSE  |     1|
|12    |IBUF  |   386|
|13    |OBUF  |   128|
+------+------+------+
---------------------------------------------------------------------------------
Finished Writing Synthesis Report : Time (s): cpu = 00:03:58 ; elapsed = 00:04:22 . Memory (MB): peak = 2087.730 ; gain = 1048.254
---------------------------------------------------------------------------------
Synthesis finished with 0 errors, 0 critical warnings and 3 warnings.
Synthesis Optimization Runtime : Time (s): cpu = 00:03:33 ; elapsed = 00:04:12 . Memory (MB): peak = 2087.730 ; gain = 940.516
Synthesis Optimization Complete : Time (s): cpu = 00:03:58 ; elapsed = 00:04:22 . Memory (MB): peak = 2087.730 ; gain = 1048.254
INFO: [Project 1-571] Translating synthesized netlist
Netlist sorting complete. Time (s): cpu = 00:00:01 ; elapsed = 00:00:00.234 . Memory (MB): peak = 2087.730 ; gain = 0.000
INFO: [Netlist 29-17] Analyzing 1076 Unisim elements for replacement
INFO: [Netlist 29-28] Unisim Transformation completed in 0 CPU seconds
INFO: [Project 1-570] Preparing netlist for logic optimization
INFO: [Opt 31-138] Pushed 0 inverter(s) to 0 load pin(s).
Netlist sorting complete. Time (s): cpu = 00:00:00 ; elapsed = 00:00:00.006 . Memory (MB): peak = 2087.730 ; gain = 0.000
INFO: [Project 1-111] Unisim Transformation Summary:
No Unisim elements were transformed.

Synth Design complete | Checksum: c1d84cc9
INFO: [Common 17-83] Releasing license: Synthesis
37 Infos, 4 Warnings, 0 Critical Warnings and 0 Errors encountered.
synth_design completed successfully
synth_design: Time (s): cpu = 00:04:19 ; elapsed = 00:04:46 . Memory (MB): peak = 2087.730 ; gain = 1609.297
INFO: [Common 17-1381] The checkpoint 'D:/STUDY/HE_THONG_HDL/DO_AN/code/AES256_Copy/project_1/project_1.runs/synth_1/top.dcp' has been generated.
INFO: [runtcl-4] Executing : report_utilization -file top_utilization_synth.rpt -pb top_utilization_synth.pb
INFO: [Common 17-206] Exiting Vivado at Tue May 12 17:06:33 2026...
[Tue May 12 17:06:37 2026] synth_1 finished
wait_on_runs: Time (s): cpu = 00:00:00 ; elapsed = 00:05:27 . Memory (MB): peak = 481.719 ; gain = 0.000
# launch_runs impl_1 -to_step route_design -jobs 8
[Tue May 12 17:06:37 2026] Launched impl_1...
Run output will be captured here: D:/STUDY/HE_THONG_HDL/DO_AN/code/AES256_Copy/project_1/project_1.runs/impl_1/runme.log
# wait_on_run impl_1
[Tue May 12 17:06:37 2026] Waiting for impl_1 to finish...

*** Running vivado
    with args -log top.vdi -applog -m64 -product Vivado -messageDb vivado.pb -mode batch -source top.tcl -notrace


ECHO is off.
ECHO is off.

****** Vivado v2023.1 (64-bit)
  **** SW Build 3865809 on Sun May  7 15:05:29 MDT 2023
  **** IP Build 3864474 on Sun May  7 20:36:21 MDT 2023
  **** SharedData Build 3865790 on Sun May 07 13:33:03 MDT 2023
    ** Copyright 1986-2022 Xilinx, Inc. All Rights Reserved.
    ** Copyright 2022-2023 Advanced Micro Devices, Inc. All Rights Reserved.

source top.tcl -notrace
create_project: Time (s): cpu = 00:00:13 ; elapsed = 00:00:15 . Memory (MB): peak = 454.914 ; gain = 158.484
Command: link_design -top top -part xc7vx485tffg1157-1
Design is defaulting to srcset: sources_1
Design is defaulting to constrset: constrs_1
INFO: [Device 21-403] Loading part xc7vx485tffg1157-1
Netlist sorting complete. Time (s): cpu = 00:00:00 ; elapsed = 00:00:00.116 . Memory (MB): peak = 1042.859 ; gain = 0.000
INFO: [Netlist 29-17] Analyzing 1076 Unisim elements for replacement
INFO: [Netlist 29-28] Unisim Transformation completed in 0 CPU seconds
INFO: [Project 1-479] Netlist was created with Vivado 2023.1
INFO: [Project 1-570] Preparing netlist for logic optimization
Parsing XDC File [D:/STUDY/HE_THONG_HDL/DO_AN/code/AES256_Copy/project_1/project_1.srcs/constrs_1/new/timing.xdc]
Finished Parsing XDC File [D:/STUDY/HE_THONG_HDL/DO_AN/code/AES256_Copy/project_1/project_1.srcs/constrs_1/new/timing.xdc]
INFO: [Opt 31-138] Pushed 0 inverter(s) to 0 load pin(s).
Netlist sorting complete. Time (s): cpu = 00:00:00 ; elapsed = 00:00:00.003 . Memory (MB): peak = 1202.992 ; gain = 0.000
INFO: [Project 1-111] Unisim Transformation Summary:
No Unisim elements were transformed.

7 Infos, 0 Warnings, 0 Critical Warnings and 0 Errors encountered.
link_design completed successfully
link_design: Time (s): cpu = 00:00:22 ; elapsed = 00:00:25 . Memory (MB): peak = 1206.992 ; gain = 747.375
Command: opt_design
Attempting to get a license for feature 'Implementation' and/or device 'xc7vx485t'
INFO: [Common 17-349] Got license for feature 'Implementation' and/or device 'xc7vx485t'
INFO: [Common 17-86] Your Implementation license expires in 21 day(s)
Running DRC as a precondition to command opt_design

Starting DRC Task
INFO: [DRC 23-27] Running DRC with 2 threads
INFO: [Project 1-461] DRC finished with 0 Errors
INFO: [Project 1-462] Please refer to the DRC report (report_drc) for more information.

Time (s): cpu = 00:00:04 ; elapsed = 00:00:02 . Memory (MB): peak = 1224.980 ; gain = 17.988

Starting Cache Timing Information Task
INFO: [Timing 38-35] Done setting XDC timing constraints.
Ending Cache Timing Information Task | Checksum: c7c4bfc9

Time (s): cpu = 00:00:19 ; elapsed = 00:00:20 . Memory (MB): peak = 1888.703 ; gain = 663.723

Starting Logic Optimization Task

Phase 1 Retarget
INFO: [Opt 31-138] Pushed 0 inverter(s) to 0 load pin(s).
INFO: [Opt 31-49] Retargeted 0 cell(s).
Phase 1 Retarget | Checksum: c7c4bfc9

Time (s): cpu = 00:00:01 ; elapsed = 00:00:00.337 . Memory (MB): peak = 2225.871 ; gain = 0.000
INFO: [Opt 31-389] Phase Retarget created 0 cells and removed 0 cells

Phase 2 Constant propagation
INFO: [Opt 31-138] Pushed 0 inverter(s) to 0 load pin(s).
Phase 2 Constant propagation | Checksum: c7c4bfc9

Time (s): cpu = 00:00:01 ; elapsed = 00:00:00.406 . Memory (MB): peak = 2225.871 ; gain = 0.000
INFO: [Opt 31-389] Phase Constant propagation created 0 cells and removed 0 cells

Phase 3 Sweep
Phase 3 Sweep | Checksum: c7c4bfc9

Time (s): cpu = 00:00:01 ; elapsed = 00:00:00.481 . Memory (MB): peak = 2225.871 ; gain = 0.000
INFO: [Opt 31-389] Phase Sweep created 0 cells and removed 0 cells

Phase 4 BUFG optimization
Phase 4 BUFG optimization | Checksum: c7c4bfc9

Time (s): cpu = 00:00:01 ; elapsed = 00:00:00.604 . Memory (MB): peak = 2225.871 ; gain = 0.000
INFO: [Opt 31-662] Phase BUFG optimization created 0 cells of which 0 are BUFGs and removed 0 cells.

Phase 5 Shift Register Optimization
INFO: [Opt 31-1064] SRL Remap converted 0 SRLs to 0 registers and converted 0 registers of register chains to 0 SRLs
Phase 5 Shift Register Optimization | Checksum: c7c4bfc9

Time (s): cpu = 00:00:01 ; elapsed = 00:00:00.690 . Memory (MB): peak = 2225.871 ; gain = 0.000
INFO: [Opt 31-389] Phase Shift Register Optimization created 0 cells and removed 0 cells

Phase 6 Post Processing Netlist
Phase 6 Post Processing Netlist | Checksum: c7c4bfc9

Time (s): cpu = 00:00:01 ; elapsed = 00:00:00.711 . Memory (MB): peak = 2225.871 ; gain = 0.000
INFO: [Opt 31-389] Phase Post Processing Netlist created 0 cells and removed 0 cells
Opt_design Change Summary
=========================


-------------------------------------------------------------------------------------------------------------------------
|  Phase                        |  #Cells created  |  #Cells Removed  |  #Constrained objects preventing optimizations  |
-------------------------------------------------------------------------------------------------------------------------
|  Retarget                     |               0  |               0  |                                              0  |
|  Constant propagation         |               0  |               0  |                                              0  |
|  Sweep                        |               0  |               0  |                                              0  |
|  BUFG optimization            |               0  |               0  |                                              0  |
|  Shift Register Optimization  |               0  |               0  |                                              0  |
|  Post Processing Netlist      |               0  |               0  |                                              0  |
-------------------------------------------------------------------------------------------------------------------------



Starting Connectivity Check Task

Time (s): cpu = 00:00:00 ; elapsed = 00:00:00.019 . Memory (MB): peak = 2225.871 ; gain = 0.000
Ending Logic Optimization Task | Checksum: c7c4bfc9

Time (s): cpu = 00:00:01 ; elapsed = 00:00:00.736 . Memory (MB): peak = 2225.871 ; gain = 0.000

Starting Power Optimization Task
INFO: [Pwropt 34-132] Skipping clock gating for clocks with a period < 2.00 ns.
Ending Power Optimization Task | Checksum: c7c4bfc9

Time (s): cpu = 00:00:00 ; elapsed = 00:00:00.018 . Memory (MB): peak = 2225.871 ; gain = 0.000

Starting Final Cleanup Task
Ending Final Cleanup Task | Checksum: c7c4bfc9

Time (s): cpu = 00:00:00 ; elapsed = 00:00:00.002 . Memory (MB): peak = 2225.871 ; gain = 0.000

Starting Netlist Obfuscation Task
Netlist sorting complete. Time (s): cpu = 00:00:00 ; elapsed = 00:00:00.002 . Memory (MB): peak = 2225.871 ; gain = 0.000
Ending Netlist Obfuscation Task | Checksum: c7c4bfc9

Time (s): cpu = 00:00:00 ; elapsed = 00:00:00.005 . Memory (MB): peak = 2225.871 ; gain = 0.000
INFO: [Common 17-83] Releasing license: Implementation
25 Infos, 0 Warnings, 0 Critical Warnings and 0 Errors encountered.
opt_design completed successfully
opt_design: Time (s): cpu = 00:00:29 ; elapsed = 00:00:28 . Memory (MB): peak = 2225.871 ; gain = 1018.879
INFO: [runtcl-4] Executing : report_drc -file top_drc_opted.rpt -pb top_drc_opted.pb -rpx top_drc_opted.rpx
Command: report_drc -file top_drc_opted.rpt -pb top_drc_opted.pb -rpx top_drc_opted.rpx
INFO: [IP_Flow 19-234] Refreshing IP repositories
INFO: [IP_Flow 19-1704] No user IP repositories specified
INFO: [IP_Flow 19-2313] Loaded Vivado IP repository 'C:/Xilinx/Vivado/2023.1/data/ip'.
INFO: [DRC 23-27] Running DRC with 2 threads
INFO: [Vivado_Tcl 2-168] The results of DRC are in file D:/STUDY/HE_THONG_HDL/DO_AN/code/AES256_Copy/project_1/project_1.runs/impl_1/top_drc_opted.rpt.
report_drc completed successfully
INFO: [Timing 38-480] Writing timing data to binary archive.
INFO: [Common 17-1381] The checkpoint 'D:/STUDY/HE_THONG_HDL/DO_AN/code/AES256_Copy/project_1/project_1.runs/impl_1/top_opt.dcp' has been generated.
Command: place_design
Attempting to get a license for feature 'Implementation' and/or device 'xc7vx485t'
INFO: [Common 17-349] Got license for feature 'Implementation' and/or device 'xc7vx485t'
INFO: [Common 17-86] Your Implementation license expires in 21 day(s)
INFO: [DRC 23-27] Running DRC with 2 threads
INFO: [Vivado_Tcl 4-198] DRC finished with 0 Errors
INFO: [Vivado_Tcl 4-199] Please refer to the DRC report (report_drc) for more information.
Running DRC as a precondition to command place_design
INFO: [DRC 23-27] Running DRC with 2 threads
INFO: [Vivado_Tcl 4-198] DRC finished with 0 Errors
INFO: [Vivado_Tcl 4-199] Please refer to the DRC report (report_drc) for more information.

Starting Placer Task
INFO: [Place 30-611] Multithreading enabled for place_design using a maximum of 2 CPUs

Phase 1 Placer Initialization

Phase 1.1 Placer Initialization Netlist Sorting
Netlist sorting complete. Time (s): cpu = 00:00:00 ; elapsed = 00:00:00.002 . Memory (MB): peak = 2225.871 ; gain = 0.000
Phase 1.1 Placer Initialization Netlist Sorting | Checksum: 05ec7300

Time (s): cpu = 00:00:00 ; elapsed = 00:00:00.013 . Memory (MB): peak = 2225.871 ; gain = 0.000
Netlist sorting complete. Time (s): cpu = 00:00:00 ; elapsed = 00:00:00.003 . Memory (MB): peak = 2225.871 ; gain = 0.000

Phase 1.2 IO Placement/ Clock Placement/ Build Placer Device
INFO: [Timing 38-35] Done setting XDC timing constraints.
Phase 1.2 IO Placement/ Clock Placement/ Build Placer Device | Checksum: c802be14

Time (s): cpu = 00:00:16 ; elapsed = 00:00:13 . Memory (MB): peak = 2225.871 ; gain = 0.000

Phase 1.3 Build Placer Netlist Model
Phase 1.3 Build Placer Netlist Model | Checksum: 101765844

Time (s): cpu = 00:00:18 ; elapsed = 00:00:15 . Memory (MB): peak = 2227.961 ; gain = 2.090

Phase 1.4 Constrain Clocks/Macros
Phase 1.4 Constrain Clocks/Macros | Checksum: 101765844

Time (s): cpu = 00:00:18 ; elapsed = 00:00:15 . Memory (MB): peak = 2227.961 ; gain = 2.090
Phase 1 Placer Initialization | Checksum: 101765844

Time (s): cpu = 00:00:18 ; elapsed = 00:00:15 . Memory (MB): peak = 2227.961 ; gain = 2.090

Phase 2 Global Placement

Phase 2.1 Floorplanning
Phase 2.1 Floorplanning | Checksum: cdda2054

Time (s): cpu = 00:00:19 ; elapsed = 00:00:16 . Memory (MB): peak = 2227.961 ; gain = 2.090

Phase 2.2 Update Timing before SLR Path Opt
Phase 2.2 Update Timing before SLR Path Opt | Checksum: cb967cb9

Time (s): cpu = 00:00:19 ; elapsed = 00:00:16 . Memory (MB): peak = 2227.961 ; gain = 2.090

Phase 2.3 Post-Processing in Floorplanning
Phase 2.3 Post-Processing in Floorplanning | Checksum: cb967cb9

Time (s): cpu = 00:00:19 ; elapsed = 00:00:16 . Memory (MB): peak = 2227.961 ; gain = 2.090

Phase 2.4 Global Placement Core

Phase 2.4.1 UpdateTiming Before Physical Synthesis
Phase 2.4.1 UpdateTiming Before Physical Synthesis | Checksum: 19150bf74

Time (s): cpu = 00:00:37 ; elapsed = 00:00:26 . Memory (MB): peak = 2239.410 ; gain = 13.539

Phase 2.4.2 Physical Synthesis In Placer
INFO: [Physopt 32-1035] Found 59 LUTNM shape to break, 316 LUT instances to create LUTNM shape
INFO: [Physopt 32-1044] Break lutnm for timing: one critical 38, two critical 21, total 59, new lutff created 0
INFO: [Physopt 32-1138] End 1 Pass. Optimized 196 nets or LUTs. Breaked 59 LUTs, combined 137 existing LUTs and moved 0 existing LUT
INFO: [Physopt 32-65] No nets found for high-fanout optimization.
INFO: [Physopt 32-232] Optimized 0 net. Created 0 new instance.
INFO: [Physopt 32-775] End 1 Pass. Optimized 0 net or cell. Created 0 new cell, deleted 0 existing cell and moved 0 existing cell
INFO: [Physopt 32-456] No candidate cells for DSP register optimization found in the design.
INFO: [Physopt 32-775] End 2 Pass. Optimized 0 net or cell. Created 0 new cell, deleted 0 existing cell and moved 0 existing cell
INFO: [Physopt 32-1123] No candidate cells found for Shift Register to Pipeline optimization
INFO: [Physopt 32-775] End 2 Pass. Optimized 0 net or cell. Created 0 new cell, deleted 0 existing cell and moved 0 existing cell
INFO: [Physopt 32-677] No candidate cells for Shift Register optimization found in the design
INFO: [Physopt 32-775] End 1 Pass. Optimized 0 net or cell. Created 0 new cell, deleted 0 existing cell and moved 0 existing cell
INFO: [Physopt 32-526] No candidate cells for BRAM register optimization found in the design
INFO: [Physopt 32-775] End 1 Pass. Optimized 0 net or cell. Created 0 new cell, deleted 0 existing cell and moved 0 existing cell
INFO: [Physopt 32-846] No candidate cells for URAM register optimization found in the design
INFO: [Physopt 32-775] End 1 Pass. Optimized 0 net or cell. Created 0 new cell, deleted 0 existing cell and moved 0 existing cell
INFO: [Physopt 32-846] No candidate cells for URAM register optimization found in the design
INFO: [Physopt 32-775] End 1 Pass. Optimized 0 net or cell. Created 0 new cell, deleted 0 existing cell and moved 0 existing cell
INFO: [Physopt 32-949] No candidate nets found for dynamic/static region interface net replication
INFO: [Physopt 32-775] End 1 Pass. Optimized 0 net or cell. Created 0 new cell, deleted 0 existing cell and moved 0 existing cell
Netlist sorting complete. Time (s): cpu = 00:00:00 ; elapsed = 00:00:00.005 . Memory (MB): peak = 2241.852 ; gain = 0.000

Summary of Physical Synthesis Optimizations
============================================


-----------------------------------------------------------------------------------------------------------------------------------------------------------
|  Optimization                                     |  Added Cells  |  Removed Cells  |  Optimized Cells/Nets  |  Dont Touch  |  Iterations  |  Elapsed   |
-----------------------------------------------------------------------------------------------------------------------------------------------------------
|  LUT Combining                                    |           59  |            137  |                   196  |           0  |           1  |  00:00:01  |
|  Retime                                           |            0  |              0  |                     0  |           0  |           1  |  00:00:00  |
|  Very High Fanout                                 |            0  |              0  |                     0  |           0  |           1  |  00:00:00  |
|  DSP Register                                     |            0  |              0  |                     0  |           0  |           1  |  00:00:00  |
|  Shift Register to Pipeline                       |            0  |              0  |                     0  |           0  |           1  |  00:00:00  |
|  Shift Register                                   |            0  |              0  |                     0  |           0  |           1  |  00:00:00  |
|  BRAM Register                                    |            0  |              0  |                     0  |           0  |           1  |  00:00:00  |
|  URAM Register                                    |            0  |              0  |                     0  |           0  |           1  |  00:00:00  |
|  Dynamic/Static Region Interface Net Replication  |            0  |              0  |                     0  |           0  |           1  |  00:00:00  |
|  Total                                            |           59  |            137  |                   196  |           0  |           9  |  00:00:01  |
-----------------------------------------------------------------------------------------------------------------------------------------------------------


Phase 2.4.2 Physical Synthesis In Placer | Checksum: 17d80daf8

Time (s): cpu = 00:00:38 ; elapsed = 00:00:27 . Memory (MB): peak = 2241.852 ; gain = 15.980
Phase 2.4 Global Placement Core | Checksum: 1e0429941

Time (s): cpu = 00:00:39 ; elapsed = 00:00:28 . Memory (MB): peak = 2241.852 ; gain = 15.980
Phase 2 Global Placement | Checksum: 1e0429941

Time (s): cpu = 00:00:39 ; elapsed = 00:00:28 . Memory (MB): peak = 2241.852 ; gain = 15.980

Phase 3 Detail Placement

Phase 3.1 Commit Multi Column Macros
Phase 3.1 Commit Multi Column Macros | Checksum: 179940b96

Time (s): cpu = 00:00:40 ; elapsed = 00:00:29 . Memory (MB): peak = 2241.852 ; gain = 15.980

Phase 3.2 Commit Most Macros & LUTRAMs
Phase 3.2 Commit Most Macros & LUTRAMs | Checksum: 17309a643

Time (s): cpu = 00:00:41 ; elapsed = 00:00:29 . Memory (MB): peak = 2241.852 ; gain = 15.980

Phase 3.3 Area Swap Optimization
Phase 3.3 Area Swap Optimization | Checksum: 12bb20ed2

Time (s): cpu = 00:00:41 ; elapsed = 00:00:29 . Memory (MB): peak = 2241.852 ; gain = 15.980

Phase 3.4 Pipeline Register Optimization
Phase 3.4 Pipeline Register Optimization | Checksum: 1795cfce5

Time (s): cpu = 00:00:41 ; elapsed = 00:00:29 . Memory (MB): peak = 2241.852 ; gain = 15.980

Phase 3.5 Fast Optimization
Phase 3.5 Fast Optimization | Checksum: 1e01b9461

Time (s): cpu = 00:00:46 ; elapsed = 00:00:34 . Memory (MB): peak = 2241.852 ; gain = 15.980

Phase 3.6 Small Shape Detail Placement
Phase 3.6 Small Shape Detail Placement | Checksum: 1cae183bd

Time (s): cpu = 00:00:51 ; elapsed = 00:00:38 . Memory (MB): peak = 2245.758 ; gain = 19.887

Phase 3.7 Re-assign LUT pins
Phase 3.7 Re-assign LUT pins | Checksum: 1d63238b5

Time (s): cpu = 00:00:52 ; elapsed = 00:00:39 . Memory (MB): peak = 2245.758 ; gain = 19.887

Phase 3.8 Pipeline Register Optimization
Phase 3.8 Pipeline Register Optimization | Checksum: 1b9366ee7

Time (s): cpu = 00:00:52 ; elapsed = 00:00:39 . Memory (MB): peak = 2245.758 ; gain = 19.887
Phase 3 Detail Placement | Checksum: 1b9366ee7

Time (s): cpu = 00:00:52 ; elapsed = 00:00:39 . Memory (MB): peak = 2245.758 ; gain = 19.887

Phase 4 Post Placement Optimization and Clean-Up

Phase 4.1 Post Commit Optimization
INFO: [Timing 38-35] Done setting XDC timing constraints.

Phase 4.1.1 Post Placement Optimization
Post Placement Optimization Initialization | Checksum: 112710919

Phase 4.1.1.1 BUFG Insertion

Starting Physical Synthesis Task

Phase 1 Physical Synthesis Initialization
INFO: [Physopt 32-721] Multithreading enabled for phys_opt_design using a maximum of 2 CPUs
INFO: [Physopt 32-619] Estimated Timing Summary | WNS=-0.610 | TNS=-5.968 |
Phase 1 Physical Synthesis Initialization | Checksum: 1b2c1b454

Time (s): cpu = 00:00:00 ; elapsed = 00:00:00.184 . Memory (MB): peak = 2315.652 ; gain = 0.000
INFO: [Place 46-56] BUFG insertion identified 0 candidate nets. Inserted BUFG: 0, Replicated BUFG Driver: 0, Skipped due to Placement/Routing Conflicts: 0, Skipped due to Timing Degradation: 0, Skipped due to netlist editing failed: 0.
Ending Physical Synthesis Task | Checksum: 1b2c1b454

Time (s): cpu = 00:00:00 ; elapsed = 00:00:00.258 . Memory (MB): peak = 2315.652 ; gain = 0.000
Phase 4.1.1.1 BUFG Insertion | Checksum: 112710919

Time (s): cpu = 00:00:55 ; elapsed = 00:00:42 . Memory (MB): peak = 2315.652 ; gain = 89.781

Phase 4.1.1.2 Post Placement Timing Optimization
INFO: [Place 30-746] Post Placement Timing Summary WNS=0.263. For the most accurate timing information please run report_timing.
Phase 4.1.1.2 Post Placement Timing Optimization | Checksum: 1bc559aeb

Time (s): cpu = 00:01:58 ; elapsed = 00:01:53 . Memory (MB): peak = 2315.652 ; gain = 89.781

Time (s): cpu = 00:01:58 ; elapsed = 00:01:53 . Memory (MB): peak = 2315.652 ; gain = 89.781
Phase 4.1 Post Commit Optimization | Checksum: 1bc559aeb

Time (s): cpu = 00:01:58 ; elapsed = 00:01:53 . Memory (MB): peak = 2315.652 ; gain = 89.781

Phase 4.2 Post Placement Cleanup
Phase 4.2 Post Placement Cleanup | Checksum: 1bc559aeb

Time (s): cpu = 00:01:59 ; elapsed = 00:01:53 . Memory (MB): peak = 2315.652 ; gain = 89.781

Phase 4.3 Placer Reporting

Phase 4.3.1 Print Estimated Congestion
INFO: [Place 30-612] Post-Placement Estimated Congestion 
 ____________________________________________________
|           | Global Congestion | Short Congestion  |
| Direction | Region Size       | Region Size       |
|___________|___________________|___________________|
|      North|                1x1|                2x2|
|___________|___________________|___________________|
|      South|                1x1|                1x1|
|___________|___________________|___________________|
|       East|                1x1|                1x1|
|___________|___________________|___________________|
|       West|                1x1|                1x1|
|___________|___________________|___________________|

Phase 4.3.1 Print Estimated Congestion | Checksum: 1bc559aeb

Time (s): cpu = 00:01:59 ; elapsed = 00:01:53 . Memory (MB): peak = 2315.652 ; gain = 89.781
Phase 4.3 Placer Reporting | Checksum: 1bc559aeb

Time (s): cpu = 00:01:59 ; elapsed = 00:01:53 . Memory (MB): peak = 2315.652 ; gain = 89.781

Phase 4.4 Final Placement Cleanup
Netlist sorting complete. Time (s): cpu = 00:00:00 ; elapsed = 00:00:00.003 . Memory (MB): peak = 2315.652 ; gain = 0.000

Time (s): cpu = 00:01:59 ; elapsed = 00:01:53 . Memory (MB): peak = 2315.652 ; gain = 89.781
Phase 4 Post Placement Optimization and Clean-Up | Checksum: 1a33911c1

Time (s): cpu = 00:01:59 ; elapsed = 00:01:53 . Memory (MB): peak = 2315.652 ; gain = 89.781
Ending Placer Task | Checksum: 14a82cbcb

Time (s): cpu = 00:01:59 ; elapsed = 00:01:53 . Memory (MB): peak = 2315.652 ; gain = 89.781
INFO: [Common 17-83] Releasing license: Implementation
70 Infos, 0 Warnings, 0 Critical Warnings and 0 Errors encountered.
place_design completed successfully
place_design: Time (s): cpu = 00:02:02 ; elapsed = 00:01:56 . Memory (MB): peak = 2315.652 ; gain = 89.781
INFO: [runtcl-4] Executing : report_io -file top_io_placed.rpt
report_io: Time (s): cpu = 00:00:01 ; elapsed = 00:00:00.710 . Memory (MB): peak = 2315.652 ; gain = 0.000
INFO: [runtcl-4] Executing : report_utilization -file top_utilization_placed.rpt -pb top_utilization_placed.pb
INFO: [runtcl-4] Executing : report_control_sets -verbose -file top_control_sets_placed.rpt
report_control_sets: Time (s): cpu = 00:00:00 ; elapsed = 00:00:00.005 . Memory (MB): peak = 2315.652 ; gain = 0.000
INFO: [Timing 38-480] Writing timing data to binary archive.
Writing XDEF routing.
Writing XDEF routing logical nets.
Writing XDEF routing special nets.
Write XDEF Complete: Time (s): cpu = 00:00:03 ; elapsed = 00:00:02 . Memory (MB): peak = 2315.652 ; gain = 0.000
INFO: [Common 17-1381] The checkpoint 'D:/STUDY/HE_THONG_HDL/DO_AN/code/AES256_Copy/project_1/project_1.runs/impl_1/top_placed.dcp' has been generated.
Command: phys_opt_design
Attempting to get a license for feature 'Implementation' and/or device 'xc7vx485t'
INFO: [Common 17-349] Got license for feature 'Implementation' and/or device 'xc7vx485t'
INFO: [Common 17-86] Your Implementation license expires in 21 day(s)

Starting Initial Update Timing Task

Time (s): cpu = 00:00:01 ; elapsed = 00:00:00.572 . Memory (MB): peak = 2315.652 ; gain = 0.000
INFO: [Vivado_Tcl 4-383] Design worst setup slack (WNS) is greater than or equal to 0.000 ns. Skipping all physical synthesis optimizations.
INFO: [Vivado_Tcl 4-232] No setup violation found. The netlist was not modified.
INFO: [Common 17-83] Releasing license: Implementation
80 Infos, 0 Warnings, 0 Critical Warnings and 0 Errors encountered.
phys_opt_design completed successfully
INFO: [Timing 38-480] Writing timing data to binary archive.
Writing XDEF routing.
Writing XDEF routing logical nets.
Writing XDEF routing special nets.
Write XDEF Complete: Time (s): cpu = 00:00:03 ; elapsed = 00:00:02 . Memory (MB): peak = 2318.504 ; gain = 2.852
INFO: [Common 17-1381] The checkpoint 'D:/STUDY/HE_THONG_HDL/DO_AN/code/AES256_Copy/project_1/project_1.runs/impl_1/top_physopt.dcp' has been generated.
Command: route_design
Attempting to get a license for feature 'Implementation' and/or device 'xc7vx485t'
INFO: [Common 17-349] Got license for feature 'Implementation' and/or device 'xc7vx485t'
INFO: [Common 17-86] Your Implementation license expires in 21 day(s)
Running DRC as a precondition to command route_design
INFO: [DRC 23-27] Running DRC with 2 threads
INFO: [Vivado_Tcl 4-198] DRC finished with 0 Errors
INFO: [Vivado_Tcl 4-199] Please refer to the DRC report (report_drc) for more information.


Starting Routing Task
INFO: [Route 35-254] Multithreading enabled for route_design using a maximum of 2 CPUs

Phase 1 Build RT Design
Checksum: PlaceDB: db30bf12 ConstDB: 0 ShapeSum: 6f520cb9 RouteDB: 0
Post Restoration Checksum: NetGraph: dc6426f8 | NumContArr: c8513a2 | Constraints: 190a55ad | Timing: 0
Phase 1 Build RT Design | Checksum: 101f39047

Time (s): cpu = 00:01:59 ; elapsed = 00:01:33 . Memory (MB): peak = 2672.969 ; gain = 345.371

Phase 2 Router Initialization

Phase 2.1 Fix Topology Constraints
Phase 2.1 Fix Topology Constraints | Checksum: 101f39047

Time (s): cpu = 00:01:59 ; elapsed = 00:01:33 . Memory (MB): peak = 2672.969 ; gain = 345.371

Phase 2.2 Pre Route Cleanup
Phase 2.2 Pre Route Cleanup | Checksum: 101f39047

Time (s): cpu = 00:01:59 ; elapsed = 00:01:33 . Memory (MB): peak = 2672.969 ; gain = 345.371
 Number of Nodes with overlaps = 0

Phase 2.3 Update Timing
Phase 2.3 Update Timing | Checksum: 2001892f0

Time (s): cpu = 00:02:05 ; elapsed = 00:01:37 . Memory (MB): peak = 2717.367 ; gain = 389.770
INFO: [Route 35-416] Intermediate Timing Summary | WNS=0.306  | TNS=0.000  | WHS=-0.031 | THS=-0.127 |


Router Utilization Summary
  Global Vertical Routing Utilization    = 0 %
  Global Horizontal Routing Utilization  = 0 %
  Routable Net Status*
  *Does not include unroutable nets such as driverless and loadless.
  Run report_route_status for detailed report.
  Number of Failed Nets               = 5126
    (Failed Nets is the sum of unrouted and partially routed nets)
  Number of Unrouted Nets             = 5126
  Number of Partially Routed Nets     = 0
  Number of Node Overlaps             = 0

Phase 2 Router Initialization | Checksum: 23745aceb

Time (s): cpu = 00:02:09 ; elapsed = 00:01:39 . Memory (MB): peak = 2730.656 ; gain = 403.059

Phase 3 Initial Routing

Phase 3.1 Global Routing
Phase 3.1 Global Routing | Checksum: 23745aceb

Time (s): cpu = 00:02:09 ; elapsed = 00:01:39 . Memory (MB): peak = 2730.656 ; gain = 403.059
Phase 3 Initial Routing | Checksum: 1516a4fb0

Time (s): cpu = 00:02:14 ; elapsed = 00:01:42 . Memory (MB): peak = 2730.656 ; gain = 403.059

Phase 4 Rip-up And Reroute

Phase 4.1 Global Iteration 0
 Number of Nodes with overlaps = 2528
 Number of Nodes with overlaps = 778
 Number of Nodes with overlaps = 438
 Number of Nodes with overlaps = 201
 Number of Nodes with overlaps = 56
 Number of Nodes with overlaps = 24
 Number of Nodes with overlaps = 21
 Number of Nodes with overlaps = 6
 Number of Nodes with overlaps = 2
 Number of Nodes with overlaps = 1
 Number of Nodes with overlaps = 0
INFO: [Route 35-416] Intermediate Timing Summary | WNS=-0.332 | TNS=-3.442 | WHS=N/A    | THS=N/A    |

Phase 4.1 Global Iteration 0 | Checksum: 28c5521e8

Time (s): cpu = 00:02:40 ; elapsed = 00:02:10 . Memory (MB): peak = 2730.656 ; gain = 403.059

Phase 4.2 Global Iteration 1
 Number of Nodes with overlaps = 498
 Number of Nodes with overlaps = 281
 Number of Nodes with overlaps = 150
 Number of Nodes with overlaps = 83
 Number of Nodes with overlaps = 46
 Number of Nodes with overlaps = 13
 Number of Nodes with overlaps = 13
 Number of Nodes with overlaps = 8
 Number of Nodes with overlaps = 2
 Number of Nodes with overlaps = 1
 Number of Nodes with overlaps = 1
 Number of Nodes with overlaps = 2
 Number of Nodes with overlaps = 1
 Number of Nodes with overlaps = 0
INFO: [Route 35-416] Intermediate Timing Summary | WNS=-0.231 | TNS=-0.578 | WHS=N/A    | THS=N/A    |

Phase 4.2 Global Iteration 1 | Checksum: 167de0843

Time (s): cpu = 00:03:00 ; elapsed = 00:02:24 . Memory (MB): peak = 2730.656 ; gain = 403.059

Phase 4.3 Global Iteration 2
 Number of Nodes with overlaps = 872
 Number of Nodes with overlaps = 485
 Number of Nodes with overlaps = 205
 Number of Nodes with overlaps = 106
 Number of Nodes with overlaps = 42
 Number of Nodes with overlaps = 18
 Number of Nodes with overlaps = 7
 Number of Nodes with overlaps = 3
 Number of Nodes with overlaps = 1
 Number of Nodes with overlaps = 1
 Number of Nodes with overlaps = 0
INFO: [Route 35-416] Intermediate Timing Summary | WNS=-0.076 | TNS=-0.173 | WHS=N/A    | THS=N/A    |

Phase 4.3 Global Iteration 2 | Checksum: 24a1b4dc5

Time (s): cpu = 00:03:25 ; elapsed = 00:02:43 . Memory (MB): peak = 2730.656 ; gain = 403.059

Phase 4.4 Global Iteration 3
 Number of Nodes with overlaps = 785
 Number of Nodes with overlaps = 407
 Number of Nodes with overlaps = 222
 Number of Nodes with overlaps = 129
 Number of Nodes with overlaps = 70
 Number of Nodes with overlaps = 39
 Number of Nodes with overlaps = 23
 Number of Nodes with overlaps = 9
 Number of Nodes with overlaps = 0
INFO: [Route 35-416] Intermediate Timing Summary | WNS=-0.066 | TNS=-0.181 | WHS=N/A    | THS=N/A    |

Phase 4.4 Global Iteration 3 | Checksum: 17d43f6ce

Time (s): cpu = 00:03:54 ; elapsed = 00:03:03 . Memory (MB): peak = 2730.656 ; gain = 403.059
Phase 4 Rip-up And Reroute | Checksum: 17d43f6ce

Time (s): cpu = 00:03:54 ; elapsed = 00:03:03 . Memory (MB): peak = 2730.656 ; gain = 403.059

Phase 5 Delay and Skew Optimization

Phase 5.1 Delay CleanUp

Phase 5.1.1 Update Timing
Phase 5.1.1 Update Timing | Checksum: 1f44db3c4

Time (s): cpu = 00:03:55 ; elapsed = 00:03:03 . Memory (MB): peak = 2730.656 ; gain = 403.059
INFO: [Route 35-416] Intermediate Timing Summary | WNS=0.016  | TNS=0.000  | WHS=N/A    | THS=N/A    |

Phase 5.1 Delay CleanUp | Checksum: 1f44db3c4

Time (s): cpu = 00:03:55 ; elapsed = 00:03:03 . Memory (MB): peak = 2730.656 ; gain = 403.059

Phase 5.2 Clock Skew Optimization
Phase 5.2 Clock Skew Optimization | Checksum: 1f44db3c4

Time (s): cpu = 00:03:55 ; elapsed = 00:03:03 . Memory (MB): peak = 2730.656 ; gain = 403.059
Phase 5 Delay and Skew Optimization | Checksum: 1f44db3c4

Time (s): cpu = 00:03:55 ; elapsed = 00:03:03 . Memory (MB): peak = 2730.656 ; gain = 403.059

Phase 6 Post Hold Fix

Phase 6.1 Hold Fix Iter

Phase 6.1.1 Update Timing
Phase 6.1.1 Update Timing | Checksum: 1b0879424

Time (s): cpu = 00:03:55 ; elapsed = 00:03:04 . Memory (MB): peak = 2730.656 ; gain = 403.059
INFO: [Route 35-416] Intermediate Timing Summary | WNS=0.016  | TNS=0.000  | WHS=0.184  | THS=0.000  |

Phase 6.1 Hold Fix Iter | Checksum: 1b0879424

Time (s): cpu = 00:03:55 ; elapsed = 00:03:04 . Memory (MB): peak = 2730.656 ; gain = 403.059
Phase 6 Post Hold Fix | Checksum: 1b0879424

Time (s): cpu = 00:03:55 ; elapsed = 00:03:04 . Memory (MB): peak = 2730.656 ; gain = 403.059

Phase 7 Route finalize

Router Utilization Summary
  Global Vertical Routing Utilization    = 0.591015 %
  Global Horizontal Routing Utilization  = 0.669048 %
  Routable Net Status*
  *Does not include unroutable nets such as driverless and loadless.
  Run report_route_status for detailed report.
  Number of Failed Nets               = 0
    (Failed Nets is the sum of unrouted and partially routed nets)
  Number of Unrouted Nets             = 0
  Number of Partially Routed Nets     = 0
  Number of Node Overlaps             = 0

Phase 7 Route finalize | Checksum: 136cc9c9a

Time (s): cpu = 00:03:56 ; elapsed = 00:03:04 . Memory (MB): peak = 2730.656 ; gain = 403.059

Phase 8 Verifying routed nets

 Verification completed successfully
Phase 8 Verifying routed nets | Checksum: 136cc9c9a

Time (s): cpu = 00:03:56 ; elapsed = 00:03:04 . Memory (MB): peak = 2730.656 ; gain = 403.059

Phase 9 Depositing Routes
Phase 9 Depositing Routes | Checksum: 881ea8dd

Time (s): cpu = 00:03:57 ; elapsed = 00:03:05 . Memory (MB): peak = 2730.656 ; gain = 403.059

Phase 10 Post Router Timing
INFO: [Route 35-57] Estimated Timing Summary | WNS=0.016  | TNS=0.000  | WHS=0.184  | THS=0.000  |

INFO: [Route 35-327] The final timing numbers are based on the router estimated timing analysis. For a complete and accurate timing signoff, please run report_timing_summary.
Phase 10 Post Router Timing | Checksum: 881ea8dd

Time (s): cpu = 00:03:58 ; elapsed = 00:03:06 . Memory (MB): peak = 2730.656 ; gain = 403.059
INFO: [Route 35-16] Router Completed Successfully

Phase 11 Post-Route Event Processing
Phase 11 Post-Route Event Processing | Checksum: 734b17d3

Time (s): cpu = 00:03:58 ; elapsed = 00:03:06 . Memory (MB): peak = 2730.656 ; gain = 403.059

Time (s): cpu = 00:03:58 ; elapsed = 00:03:06 . Memory (MB): peak = 2730.656 ; gain = 403.059

Routing Is Done.
INFO: [Common 17-83] Releasing license: Implementation
99 Infos, 0 Warnings, 0 Critical Warnings and 0 Errors encountered.
route_design completed successfully
route_design: Time (s): cpu = 00:04:03 ; elapsed = 00:03:09 . Memory (MB): peak = 2730.656 ; gain = 412.152
INFO: [runtcl-4] Executing : report_drc -file top_drc_routed.rpt -pb top_drc_routed.pb -rpx top_drc_routed.rpx
Command: report_drc -file top_drc_routed.rpt -pb top_drc_routed.pb -rpx top_drc_routed.rpx
INFO: [IP_Flow 19-1839] IP Catalog is up to date.
INFO: [DRC 23-27] Running DRC with 2 threads
INFO: [Vivado_Tcl 2-168] The results of DRC are in file D:/STUDY/HE_THONG_HDL/DO_AN/code/AES256_Copy/project_1/project_1.runs/impl_1/top_drc_routed.rpt.
report_drc completed successfully
INFO: [runtcl-4] Executing : report_methodology -file top_methodology_drc_routed.rpt -pb top_methodology_drc_routed.pb -rpx top_methodology_drc_routed.rpx
Command: report_methodology -file top_methodology_drc_routed.rpt -pb top_methodology_drc_routed.pb -rpx top_methodology_drc_routed.rpx
INFO: [Timing 38-35] Done setting XDC timing constraints.
INFO: [DRC 23-133] Running Methodology with 2 threads
INFO: [Vivado_Tcl 2-1520] The results of Report Methodology are in file D:/STUDY/HE_THONG_HDL/DO_AN/code/AES256_Copy/project_1/project_1.runs/impl_1/top_methodology_drc_routed.rpt.
report_methodology completed successfully
report_methodology: Time (s): cpu = 00:00:10 ; elapsed = 00:00:07 . Memory (MB): peak = 2730.656 ; gain = 0.000
INFO: [runtcl-4] Executing : report_power -file top_power_routed.rpt -pb top_power_summary_routed.pb -rpx top_power_routed.rpx
Command: report_power -file top_power_routed.rpt -pb top_power_summary_routed.pb -rpx top_power_routed.rpx
INFO: [Timing 38-35] Done setting XDC timing constraints.
Running Vector-less Activity Propagation...

Finished Running Vector-less Activity Propagation
WARNING: [Power 33-332] Found switching activity that implies high-fanout reset nets being asserted for excessive periods of time which may result in inaccurate power analysis.
Resolution: To review and fix problems, please run Power Constraints Advisor in the GUI from Tools > Power Constraints Advisor or run report_power with the -advisory option to generate a text report.
109 Infos, 1 Warnings, 0 Critical Warnings and 0 Errors encountered.
report_power completed successfully
report_power: Time (s): cpu = 00:00:22 ; elapsed = 00:00:16 . Memory (MB): peak = 2846.012 ; gain = 115.355
INFO: [runtcl-4] Executing : report_route_status -file top_route_status.rpt -pb top_route_status.pb
INFO: [runtcl-4] Executing : report_timing_summary -max_paths 10 -report_unconstrained -file top_timing_summary_routed.rpt -pb top_timing_summary_routed.pb -rpx top_timing_summary_routed.rpx -warn_on_violation 
INFO: [Timing 38-91] UpdateTimingParams: Speed grade: -1, Delay Type: min_max.
INFO: [Timing 38-191] Multithreading enabled for timing update using a maximum of 2 CPUs
report_timing_summary: Time (s): cpu = 00:00:06 ; elapsed = 00:00:08 . Memory (MB): peak = 2846.012 ; gain = 0.000
INFO: [runtcl-4] Executing : report_incremental_reuse -file top_incremental_reuse_routed.rpt
INFO: [Vivado_Tcl 4-1062] Incremental flow is disabled. No incremental reuse Info to report.
INFO: [runtcl-4] Executing : report_clock_utilization -file top_clock_utilization_routed.rpt
INFO: [runtcl-4] Executing : report_bus_skew -warn_on_violation -file top_bus_skew_routed.rpt -pb top_bus_skew_routed.pb -rpx top_bus_skew_routed.rpx
INFO: [Timing 38-91] UpdateTimingParams: Speed grade: -1, Delay Type: min_max.
INFO: [Timing 38-191] Multithreading enabled for timing update using a maximum of 2 CPUs
INFO: [Timing 38-480] Writing timing data to binary archive.
Writing XDEF routing.
Writing XDEF routing logical nets.
Writing XDEF routing special nets.
Write XDEF Complete: Time (s): cpu = 00:00:04 ; elapsed = 00:00:04 . Memory (MB): peak = 2846.012 ; gain = 0.000
INFO: [Common 17-1381] The checkpoint 'D:/STUDY/HE_THONG_HDL/DO_AN/code/AES256_Copy/project_1/project_1.runs/impl_1/top_routed.dcp' has been generated.
write_checkpoint: Time (s): cpu = 00:00:05 ; elapsed = 00:00:07 . Memory (MB): peak = 2846.012 ; gain = 0.000
INFO: [Common 17-206] Exiting Vivado at Tue May 12 17:14:06 2026...
[Tue May 12 17:14:11 2026] impl_1 finished
wait_on_runs: Time (s): cpu = 00:00:01 ; elapsed = 00:07:34 . Memory (MB): peak = 481.719 ; gain = 0.000
# open_run impl_1
INFO: [Device 21-403] Loading part xc7vx485tffg1157-1
Netlist sorting complete. Time (s): cpu = 00:00:00 ; elapsed = 00:00:00.143 . Memory (MB): peak = 1043.637 ; gain = 0.000
INFO: [Netlist 29-17] Analyzing 1076 Unisim elements for replacement
INFO: [Netlist 29-28] Unisim Transformation completed in 0 CPU seconds
INFO: [Project 1-479] Netlist was created with Vivado 2023.1
INFO: [Project 1-570] Preparing netlist for logic optimization
INFO: [Timing 38-478] Restoring timing data from binary archive.
INFO: [Timing 38-479] Binary timing data restore complete.
INFO: [Project 1-856] Restoring constraints from binary archive.
INFO: [Project 1-853] Binary constraint restore complete.
Reading XDEF placement.
Reading placer database...
Reading XDEF routing.
Read XDEF Files: Time (s): cpu = 00:00:02 ; elapsed = 00:00:01 . Memory (MB): peak = 1887.727 ; gain = 2.961
Restored from archive | CPU: 2.000000 secs | Memory: 0.000000 MB |
Finished XDEF File Restore: Time (s): cpu = 00:00:02 ; elapsed = 00:00:01 . Memory (MB): peak = 1887.727 ; gain = 2.961
Netlist sorting complete. Time (s): cpu = 00:00:00 ; elapsed = 00:00:00.007 . Memory (MB): peak = 1887.727 ; gain = 0.000
INFO: [Project 1-111] Unisim Transformation Summary:
No Unisim elements were transformed.

open_run: Time (s): cpu = 00:00:49 ; elapsed = 00:01:01 . Memory (MB): peak = 1887.727 ; gain = 1406.008
# report_timing_summary -file [file join $out_dir timing_summary.rpt]
INFO: [Timing 38-91] UpdateTimingParams: Speed grade: -1, Delay Type: min_max.
INFO: [Timing 38-191] Multithreading enabled for timing update using a maximum of 2 CPUs
report_timing_summary: Time (s): cpu = 00:00:10 ; elapsed = 00:00:10 . Memory (MB): peak = 1914.523 ; gain = 26.797
# report_utilization -file [file join $out_dir utilization.rpt]
# report_power -file [file join $out_dir power.rpt]
Command: report_power -file D:/STUDY/HE_THONG_HDL/DO_AN/code/AES256_Copy/results/power.rpt
Running Vector-less Activity Propagation...

Finished Running Vector-less Activity Propagation
WARNING: [Power 33-332] Found switching activity that implies high-fanout reset nets being asserted for excessive periods of time which may result in inaccurate power analysis.
Resolution: To review and fix problems, please run Power Constraints Advisor in the GUI from Tools > Power Constraints Advisor or run report_power with the -advisory option to generate a text report.
0 Infos, 1 Warnings, 0 Critical Warnings and 0 Errors encountered.
report_power completed successfully
report_power: Time (s): cpu = 00:00:24 ; elapsed = 00:00:14 . Memory (MB): peak = 2113.527 ; gain = 197.859
# close_project
# exit 0
INFO: [Common 17-206] Exiting Vivado at Tue May 12 17:15:37 2026...
