#-----------------------------------------------------------
# Vivado v2023.1 (64-bit)
# SW Build 3865809 on Sun May  7 15:05:29 MDT 2023
# IP Build 3864474 on Sun May  7 20:36:21 MDT 2023
# SharedData Build 3865790 on Sun May 07 13:33:03 MDT 2023
# Start of session at: Tue May 12 16:32:30 2026
# Process ID: 11148
# Current directory: D:/STUDY/HE_THONG_HDL/DO_AN/code/AES256_Copy
# Command line: vivado.exe -mode batch -source D:\STUDY\HE_THONG_HDL\DO_AN\code\AES256_Copy\scripts\run_synth_impl.tcl -tclargs D:\STUDY\HE_THONG_HDL\DO_AN\code\AES256_Copy\project_1\project_1.xpr D:\STUDY\HE_THONG_HDL\DO_AN\code\AES256_Copy\results
# Log file: D:/STUDY/HE_THONG_HDL/DO_AN/code/AES256_Copy/vivado.log
# Journal file: D:/STUDY/HE_THONG_HDL/DO_AN/code/AES256_Copy\vivado.jou
# Running On: DESKTOP-DGP33K4, OS: Windows, CPU Frequency: 1596 MHz, CPU Physical cores: 2, Host memory: 17079 MB
#-----------------------------------------------------------
source {D:\STUDY\HE_THONG_HDL\DO_AN\code\AES256_Copy\scripts\run_synth_impl.tcl}
# if {$argc < 2} {
#     puts "Usage: run_synth_impl.tcl <project_xpr> <out_dir>"
#     exit 2
# }
# set project_xpr [lindex $argv 0]
# set out_dir [lindex $argv 1]
# file mkdir $out_dir
# open_project $project_xpr
INFO: [Project 1-313] Project file moved from 'D:/STUDY/HE_THONG_HDL/DO_AN/code/AES256 - Copy/project_1' since last save.
INFO: [filemgmt 56-3] Default IP Output Path : Could not find the directory 'D:/STUDY/HE_THONG_HDL/DO_AN/code/AES256_Copy/project_1/project_1.gen/sources_1'.
Scanning sources...
Finished scanning sources
open_project: Time (s): cpu = 00:00:13 ; elapsed = 00:00:14 . Memory (MB): peak = 478.867 ; gain = 183.824
# reset_run synth_1
INFO: [Project 1-1160] Copying file D:/STUDY/HE_THONG_HDL/DO_AN/code/AES256_Copy/project_1/project_1.runs/synth_1/top.dcp to D:/STUDY/HE_THONG_HDL/DO_AN/code/AES256_Copy/project_1/project_1.srcs/utils_1/imports/synth_1 and adding it to utils fileset
WARNING: [Vivado 12-1017] Problems encountered:
1. Failed to delete one or more files in run directory D:/STUDY/HE_THONG_HDL/DO_AN/code/AES256_Copy/project_1/project_1.runs/synth_1

# reset_run impl_1
# launch_runs synth_1 -jobs 8
[Tue May 12 16:32:52 2026] Launched synth_1...
Run output will be captured here: D:/STUDY/HE_THONG_HDL/DO_AN/code/AES256_Copy/project_1/project_1.runs/synth_1/runme.log
# wait_on_run synth_1
[Tue May 12 16:32:52 2026] Waiting for synth_1 to finish...

*** Running vivado
    with args -log top.vds -m64 -product Vivado -mode batch -messageDb vivado.pb -notrace -source top.tcl


ECHO is off.
ECHO is off.

****** Vivado v2023.1 (64-bit)
  **** SW Build 3865809 on Sun May  7 15:05:29 MDT 2023
  **** IP Build 3864474 on Sun May  7 20:36:21 MDT 2023
  **** SharedData Build 3865790 on Sun May 07 13:33:03 MDT 2023
    ** Copyright 1986-2022 Xilinx, Inc. All Rights Reserved.
    ** Copyright 2022-2023 Advanced Micro Devices, Inc. All Rights Reserved.

source top.tcl -notrace
create_project: Time (s): cpu = 00:00:12 ; elapsed = 00:00:13 . Memory (MB): peak = 455.418 ; gain = 159.047
Command: read_checkpoint -auto_incremental -incremental D:/STUDY/HE_THONG_HDL/DO_AN/code/AES256_Copy/project_1/project_1.srcs/utils_1/imports/synth_1/top.dcp
INFO: [Vivado 12-5825] Read reference checkpoint from D:/STUDY/HE_THONG_HDL/DO_AN/code/AES256_Copy/project_1/project_1.srcs/utils_1/imports/synth_1/top.dcp for incremental synthesis
INFO: [Vivado 12-7989] Please ensure there are no constraint changes
Command: synth_design -top top -part xc7vx485tffg1157-1
Starting synth_design
Attempting to get a license for feature 'Synthesis' and/or device 'xc7vx485t'
INFO: [Common 17-349] Got license for feature 'Synthesis' and/or device 'xc7vx485t'
INFO: [Common 17-86] Your Synthesis license expires in 21 day(s)
INFO: [Device 21-403] Loading part xc7vx485tffg1157-1
INFO: [Designutils 20-5440] No compile time benefit to using incremental synthesis; A full resynthesis will be run
INFO: [Designutils 20-4379] Flow is switching to default flow due to incremental criteria not met. If you would like to alter this behaviour and have the flow terminate instead, please set the following parameter config_implementation {autoIncr.Synth.RejectBehavior Terminate}
INFO: [Synth 8-7079] Multithreading enabled for synth_design using a maximum of 2 processes.
INFO: [Synth 8-7078] Launching helper process for spawning children vivado processes
INFO: [Synth 8-7075] Helper process launched with PID 12116
---------------------------------------------------------------------------------
Starting RTL Elaboration : Time (s): cpu = 00:00:10 ; elapsed = 00:00:12 . Memory (MB): peak = 1453.832 ; gain = 413.848
---------------------------------------------------------------------------------
INFO: [Synth 8-6157] synthesizing module 'top' [D:/STUDY/HE_THONG_HDL/DO_AN/code/AES256_Copy/top.v:3]
INFO: [Synth 8-6157] synthesizing module 'key_expansion' [D:/STUDY/HE_THONG_HDL/DO_AN/code/AES256_Copy/KeyExpansion.v:1]
INFO: [Synth 8-6157] synthesizing module 'rcon' [D:/STUDY/HE_THONG_HDL/DO_AN/code/AES256_Copy/rcon.v:1]
INFO: [Synth 8-6155] done synthesizing module 'rcon' (0#1) [D:/STUDY/HE_THONG_HDL/DO_AN/code/AES256_Copy/rcon.v:1]
INFO: [Synth 8-6157] synthesizing module 'sbox' [D:/STUDY/HE_THONG_HDL/DO_AN/code/AES256_Copy/sbox.v:1]
INFO: [Synth 8-6155] done synthesizing module 'sbox' (0#1) [D:/STUDY/HE_THONG_HDL/DO_AN/code/AES256_Copy/sbox.v:1]
INFO: [Synth 8-6155] done synthesizing module 'key_expansion' (0#1) [D:/STUDY/HE_THONG_HDL/DO_AN/code/AES256_Copy/KeyExpansion.v:1]
INFO: [Synth 8-6157] synthesizing module 'sub_bytes' [D:/STUDY/HE_THONG_HDL/DO_AN/code/AES256_Copy/SubBytes.v:1]
INFO: [Synth 8-6155] done synthesizing module 'sub_bytes' (0#1) [D:/STUDY/HE_THONG_HDL/DO_AN/code/AES256_Copy/SubBytes.v:1]
INFO: [Synth 8-6157] synthesizing module 'shift_rows' [D:/STUDY/HE_THONG_HDL/DO_AN/code/AES256_Copy/ShiftRows.v:1]
INFO: [Synth 8-6155] done synthesizing module 'shift_rows' (0#1) [D:/STUDY/HE_THONG_HDL/DO_AN/code/AES256_Copy/ShiftRows.v:1]
INFO: [Synth 8-6157] synthesizing module 'MixColumns' [D:/STUDY/HE_THONG_HDL/DO_AN/code/AES256_Copy/MixColumns.v:1]
INFO: [Synth 8-6155] done synthesizing module 'MixColumns' (0#1) [D:/STUDY/HE_THONG_HDL/DO_AN/code/AES256_Copy/MixColumns.v:1]
INFO: [Synth 8-6157] synthesizing module 'addRoundKey' [D:/STUDY/HE_THONG_HDL/DO_AN/code/AES256_Copy/AddRoundKey.v:1]
INFO: [Synth 8-6155] done synthesizing module 'addRoundKey' (0#1) [D:/STUDY/HE_THONG_HDL/DO_AN/code/AES256_Copy/AddRoundKey.v:1]
INFO: [Synth 8-6155] done synthesizing module 'top' (0#1) [D:/STUDY/HE_THONG_HDL/DO_AN/code/AES256_Copy/top.v:3]
WARNING: [Synth 8-7129] Port clk in module key_expansion is either unconnected or has no load
---------------------------------------------------------------------------------
Finished RTL Elaboration : Time (s): cpu = 00:00:14 ; elapsed = 00:00:15 . Memory (MB): peak = 1552.688 ; gain = 512.703
---------------------------------------------------------------------------------
---------------------------------------------------------------------------------
Start Handling Custom Attributes
---------------------------------------------------------------------------------
---------------------------------------------------------------------------------
Finished Handling Custom Attributes : Time (s): cpu = 00:00:14 ; elapsed = 00:00:16 . Memory (MB): peak = 1552.688 ; gain = 512.703
---------------------------------------------------------------------------------
---------------------------------------------------------------------------------
Finished RTL Optimization Phase 1 : Time (s): cpu = 00:00:14 ; elapsed = 00:00:16 . Memory (MB): peak = 1552.688 ; gain = 512.703
---------------------------------------------------------------------------------
Netlist sorting complete. Time (s): cpu = 00:00:00 ; elapsed = 00:00:00.072 . Memory (MB): peak = 1552.688 ; gain = 0.000
INFO: [Project 1-570] Preparing netlist for logic optimization

Processing XDC Constraints
Initializing timing engine
Parsing XDC File [D:/STUDY/HE_THONG_HDL/DO_AN/code/AES256_Copy/project_1/project_1.srcs/constrs_1/new/timing.xdc]
Finished Parsing XDC File [D:/STUDY/HE_THONG_HDL/DO_AN/code/AES256_Copy/project_1/project_1.srcs/constrs_1/new/timing.xdc]
Completed Processing XDC Constraints

Netlist sorting complete. Time (s): cpu = 00:00:00 ; elapsed = 00:00:00.001 . Memory (MB): peak = 1588.465 ; gain = 0.000
INFO: [Project 1-111] Unisim Transformation Summary:
No Unisim elements were transformed.

Constraint Validation Runtime : Time (s): cpu = 00:00:00 ; elapsed = 00:00:00.030 . Memory (MB): peak = 1588.465 ; gain = 0.000
INFO: [Designutils 20-5440] No compile time benefit to using incremental synthesis; A full resynthesis will be run
INFO: [Designutils 20-4379] Flow is switching to default flow due to incremental criteria not met. If you would like to alter this behaviour and have the flow terminate instead, please set the following parameter config_implementation {autoIncr.Synth.RejectBehavior Terminate}
---------------------------------------------------------------------------------
Finished Constraint Validation : Time (s): cpu = 00:00:31 ; elapsed = 00:00:34 . Memory (MB): peak = 1588.465 ; gain = 548.480
---------------------------------------------------------------------------------
---------------------------------------------------------------------------------
Start Loading Part and Timing Information
---------------------------------------------------------------------------------
Loading part: xc7vx485tffg1157-1
---------------------------------------------------------------------------------
Finished Loading Part and Timing Information : Time (s): cpu = 00:00:31 ; elapsed = 00:00:34 . Memory (MB): peak = 1588.465 ; gain = 548.480
---------------------------------------------------------------------------------
---------------------------------------------------------------------------------
Start Applying 'set_property' XDC Constraints
---------------------------------------------------------------------------------
---------------------------------------------------------------------------------
Finished applying 'set_property' XDC Constraints : Time (s): cpu = 00:00:31 ; elapsed = 00:00:34 . Memory (MB): peak = 1588.465 ; gain = 548.480
---------------------------------------------------------------------------------
---------------------------------------------------------------------------------
Finished RTL Optimization Phase 2 : Time (s): cpu = 00:00:34 ; elapsed = 00:00:38 . Memory (MB): peak = 1588.465 ; gain = 548.480
---------------------------------------------------------------------------------
---------------------------------------------------------------------------------
Start RTL Component Statistics 
---------------------------------------------------------------------------------
Detailed RTL Component Info : 
+---Adders : 
	   2 Input    4 Bit       Adders := 2     
+---XORs : 
	   2 Input    128 Bit         XORs := 1     
	   3 Input     32 Bit         XORs := 7     
	   2 Input     32 Bit         XORs := 45    
	   2 Input      8 Bit         XORs := 20    
	   3 Input      8 Bit         XORs := 10    
	   5 Input      8 Bit         XORs := 6     
	   4 Input      8 Bit         XORs := 2     
+---Registers : 
	              128 Bit    Registers := 2     
	                4 Bit    Registers := 2     
+---Muxes : 
	  15 Input  128 Bit        Muxes := 1     
	   2 Input   31 Bit        Muxes := 7     
	   8 Input   31 Bit        Muxes := 7     
	   2 Input    8 Bit        Muxes := 16    
	  17 Input    4 Bit        Muxes := 1     
	   2 Input    1 Bit        Muxes := 2     
---------------------------------------------------------------------------------
Finished RTL Component Statistics 
---------------------------------------------------------------------------------
---------------------------------------------------------------------------------
Start Part Resource Summary
---------------------------------------------------------------------------------
Part Resources:
DSPs: 2800 (col length:140)
BRAMs: 2060 (col length: RAMB18 140 RAMB36 70)
---------------------------------------------------------------------------------
Finished Part Resource Summary
---------------------------------------------------------------------------------
---------------------------------------------------------------------------------
Start Cross Boundary and Area Optimization
---------------------------------------------------------------------------------
WARNING: [Synth 8-7080] Parallel synthesis criteria is not met
WARNING: [Synth 8-6040] Register state_reg_reg_rep driving address of a ROM cannot be packed in BRAM/URAM because of presence of initial value.
WARNING: [Synth 8-7129] Port clk in module key_expansion is either unconnected or has no load
---------------------------------------------------------------------------------
Finished Cross Boundary and Area Optimization : Time (s): cpu = 00:02:17 ; elapsed = 00:02:26 . Memory (MB): peak = 1919.508 ; gain = 879.523
---------------------------------------------------------------------------------
---------------------------------------------------------------------------------
Start ROM, RAM, DSP, Shift Register and Retiming Reporting
---------------------------------------------------------------------------------

ROM: Preliminary Mapping Report
+--------------+-------------------+---------------+----------------+
|Module Name   | RTL Object        | Depth x Width | Implemented As | 
+--------------+-------------------+---------------+----------------+
|sbox          | sbox_data         | 256x8         | LUT            | 
|key_expansion | s7_3/sbox_data    | 256x8         | LUT            | 
|key_expansion | s7_2/sbox_data    | 256x8         | LUT            | 
|key_expansion | s7_1/sbox_data    | 256x8         | LUT            | 
|key_expansion | s7_0/sbox_data    | 256x8         | LUT            | 
|key_expansion | s11_3/sbox_data   | 256x8         | LUT            | 
|key_expansion | s11_2/sbox_data   | 256x8         | LUT            | 
|key_expansion | s11_1/sbox_data   | 256x8         | LUT            | 
|key_expansion | s11_0/sbox_data   | 256x8         | LUT            | 
|key_expansion | s15_3/sbox_data   | 256x8         | LUT            | 
|key_expansion | s15_2/sbox_data   | 256x8         | LUT            | 
|key_expansion | s15_1/sbox_data   | 256x8         | LUT            | 
|key_expansion | s15_0/sbox_data   | 256x8         | LUT            | 
|key_expansion | s19_3/sbox_data   | 256x8         | LUT            | 
|key_expansion | s19_2/sbox_data   | 256x8         | LUT            | 
|key_expansion | s19_1/sbox_data   | 256x8         | LUT            | 
|key_expansion | s19_0/sbox_data   | 256x8         | LUT            | 
|key_expansion | s23_3/sbox_data   | 256x8         | LUT            | 
|key_expansion | s23_2/sbox_data   | 256x8         | LUT            | 
|key_expansion | s23_1/sbox_data   | 256x8         | LUT            | 
|key_expansion | s23_0/sbox_data   | 256x8         | LUT            | 
|key_expansion | s27_3/sbox_data   | 256x8         | LUT            | 
|key_expansion | s27_2/sbox_data   | 256x8         | LUT            | 
|key_expansion | s27_1/sbox_data   | 256x8         | LUT            | 
|key_expansion | s27_0/sbox_data   | 256x8         | LUT            | 
|key_expansion | s31_3/sbox_data   | 256x8         | LUT            | 
|key_expansion | s31_2/sbox_data   | 256x8         | LUT            | 
|key_expansion | s31_1/sbox_data   | 256x8         | LUT            | 
|key_expansion | s31_0/sbox_data   | 256x8         | LUT            | 
|key_expansion | s35_3/sbox_data   | 256x8         | LUT            | 
|key_expansion | s35_2/sbox_data   | 256x8         | LUT            | 
|key_expansion | s35_1/sbox_data   | 256x8         | LUT            | 
|key_expansion | s35_0/sbox_data   | 256x8         | LUT            | 
|key_expansion | s39_3/sbox_data   | 256x8         | LUT            | 
|key_expansion | s39_2/sbox_data   | 256x8         | LUT            | 
|key_expansion | s39_1/sbox_data   | 256x8         | LUT            | 
|key_expansion | s39_0/sbox_data   | 256x8         | LUT            | 
|key_expansion | s43_3/sbox_data   | 256x8         | LUT            | 
|key_expansion | s43_2/sbox_data   | 256x8         | LUT            | 
|key_expansion | s43_1/sbox_data   | 256x8         | LUT            | 
|key_expansion | s43_0/sbox_data   | 256x8         | LUT            | 
|key_expansion | s47_3/sbox_data   | 256x8         | LUT            | 
|key_expansion | s47_2/sbox_data   | 256x8         | LUT            | 
|key_expansion | s47_1/sbox_data   | 256x8         | LUT            | 
|key_expansion | s47_0/sbox_data   | 256x8         | LUT            | 
|key_expansion | s51_3/sbox_data   | 256x8         | LUT            | 
|key_expansion | s51_2/sbox_data   | 256x8         | LUT            | 
|key_expansion | s51_1/sbox_data   | 256x8         | LUT            | 
|key_expansion | s51_0/sbox_data   | 256x8         | LUT            | 
|key_expansion | s55_3/sbox_data   | 256x8         | LUT            | 
|key_expansion | s55_2/sbox_data   | 256x8         | LUT            | 
|key_expansion | s55_1/sbox_data   | 256x8         | LUT            | 
|key_expansion | s55_0/sbox_data   | 256x8         | LUT            | 
|top           | sb/s3_3/sbox_data | 256x8         | LUT            | 
|top           | sb/s3_2/sbox_data | 256x8         | Block RAM      | 
|top           | sb/s3_1/sbox_data | 256x8         | Block RAM      | 
|top           | sb/s3_0/sbox_data | 256x8         | Block RAM      | 
|top           | sb/s2_3/sbox_data | 256x8         | Block RAM      | 
|top           | sb/s2_2/sbox_data | 256x8         | Block RAM      | 
|top           | sb/s2_1/sbox_data | 256x8         | Block RAM      | 
|top           | sb/s2_0/sbox_data | 256x8         | Block RAM      | 
|top           | sb/s1_3/sbox_data | 256x8         | Block RAM      | 
|top           | sb/s1_2/sbox_data | 256x8         | Block RAM      | 
|top           | sb/s1_1/sbox_data | 256x8         | Block RAM      | 
|top           | sb/s1_0/sbox_data | 256x8         | Block RAM      | 
|top           | sb/s0_3/sbox_data | 256x8         | Block RAM      | 
|top           | sb/s0_2/sbox_data | 256x8         | Block RAM      | 
|top           | sb/s0_1/sbox_data | 256x8         | Block RAM      | 
|top           | sb/s0_0/sbox_data | 256x8         | Block RAM      | 
+--------------+-------------------+---------------+----------------+

---------------------------------------------------------------------------------
Finished ROM, RAM, DSP, Shift Register and Retiming Reporting
---------------------------------------------------------------------------------
---------------------------------------------------------------------------------
Start Applying XDC Timing Constraints
---------------------------------------------------------------------------------
---------------------------------------------------------------------------------
Finished Applying XDC Timing Constraints : Time (s): cpu = 00:02:27 ; elapsed = 00:02:37 . Memory (MB): peak = 1919.508 ; gain = 879.523
---------------------------------------------------------------------------------
---------------------------------------------------------------------------------
Start Timing Optimization
---------------------------------------------------------------------------------
---------------------------------------------------------------------------------
Finished Timing Optimization : Time (s): cpu = 00:03:27 ; elapsed = 00:03:38 . Memory (MB): peak = 2093.461 ; gain = 1053.477
---------------------------------------------------------------------------------
---------------------------------------------------------------------------------
Start Technology Mapping
---------------------------------------------------------------------------------
---------------------------------------------------------------------------------
Finished Technology Mapping : Time (s): cpu = 00:03:32 ; elapsed = 00:03:44 . Memory (MB): peak = 2093.461 ; gain = 1053.477
---------------------------------------------------------------------------------
---------------------------------------------------------------------------------
Start IO Insertion
---------------------------------------------------------------------------------
---------------------------------------------------------------------------------
Start Flattening Before IO Insertion
---------------------------------------------------------------------------------
---------------------------------------------------------------------------------
Finished Flattening Before IO Insertion
---------------------------------------------------------------------------------
---------------------------------------------------------------------------------
Start Final Netlist Cleanup
---------------------------------------------------------------------------------
---------------------------------------------------------------------------------
Finished Final Netlist Cleanup
---------------------------------------------------------------------------------
---------------------------------------------------------------------------------
Finished IO Insertion : Time (s): cpu = 00:03:42 ; elapsed = 00:03:53 . Memory (MB): peak = 2093.461 ; gain = 1053.477
---------------------------------------------------------------------------------
---------------------------------------------------------------------------------
Start Renaming Generated Instances
---------------------------------------------------------------------------------
---------------------------------------------------------------------------------
Finished Renaming Generated Instances : Time (s): cpu = 00:03:42 ; elapsed = 00:03:53 . Memory (MB): peak = 2093.461 ; gain = 1053.477
---------------------------------------------------------------------------------
---------------------------------------------------------------------------------
Start Rebuilding User Hierarchy
---------------------------------------------------------------------------------
---------------------------------------------------------------------------------
Finished Rebuilding User Hierarchy : Time (s): cpu = 00:03:42 ; elapsed = 00:03:54 . Memory (MB): peak = 2093.461 ; gain = 1053.477
---------------------------------------------------------------------------------
---------------------------------------------------------------------------------
Start Renaming Generated Ports
---------------------------------------------------------------------------------
---------------------------------------------------------------------------------
Finished Renaming Generated Ports : Time (s): cpu = 00:03:43 ; elapsed = 00:03:55 . Memory (MB): peak = 2093.461 ; gain = 1053.477
---------------------------------------------------------------------------------
---------------------------------------------------------------------------------
Start Handling Custom Attributes
---------------------------------------------------------------------------------
---------------------------------------------------------------------------------
Finished Handling Custom Attributes : Time (s): cpu = 00:03:43 ; elapsed = 00:03:55 . Memory (MB): peak = 2093.461 ; gain = 1053.477
---------------------------------------------------------------------------------
---------------------------------------------------------------------------------
Start Renaming Generated Nets
---------------------------------------------------------------------------------
---------------------------------------------------------------------------------
Finished Renaming Generated Nets : Time (s): cpu = 00:03:43 ; elapsed = 00:03:55 . Memory (MB): peak = 2093.461 ; gain = 1053.477
---------------------------------------------------------------------------------
---------------------------------------------------------------------------------
Start Writing Synthesis Report
---------------------------------------------------------------------------------

Report BlackBoxes: 
+-+--------------+----------+
| |BlackBox name |Instances |
+-+--------------+----------+
+-+--------------+----------+

Report Cell Usage: 
+------+------+------+
|      |Cell  |Count |
+------+------+------+
|1     |BUFG  |     1|
|2     |LUT1  |     2|
|3     |LUT2  |   525|
|4     |LUT3  |   298|
|5     |LUT4  |   167|
|6     |LUT5  |   269|
|7     |LUT6  |  3637|
|8     |MUXF7 |   896|
|9     |MUXF8 |   180|
|10    |FDRE  |   263|
|11    |FDSE  |     1|
|12    |IBUF  |   386|
|13    |OBUF  |   128|
+------+------+------+
---------------------------------------------------------------------------------
Finished Writing Synthesis Report : Time (s): cpu = 00:03:43 ; elapsed = 00:03:55 . Memory (MB): peak = 2093.461 ; gain = 1053.477
---------------------------------------------------------------------------------
Synthesis finished with 0 errors, 0 critical warnings and 3 warnings.
Synthesis Optimization Runtime : Time (s): cpu = 00:03:22 ; elapsed = 00:03:48 . Memory (MB): peak = 2093.461 ; gain = 1017.699
Synthesis Optimization Complete : Time (s): cpu = 00:03:43 ; elapsed = 00:03:55 . Memory (MB): peak = 2093.461 ; gain = 1053.477
INFO: [Project 1-571] Translating synthesized netlist
Netlist sorting complete. Time (s): cpu = 00:00:00 ; elapsed = 00:00:00.153 . Memory (MB): peak = 2093.461 ; gain = 0.000
INFO: [Netlist 29-17] Analyzing 1076 Unisim elements for replacement
INFO: [Netlist 29-28] Unisim Transformation completed in 0 CPU seconds
INFO: [Project 1-570] Preparing netlist for logic optimization
INFO: [Opt 31-138] Pushed 0 inverter(s) to 0 load pin(s).
Netlist sorting complete. Time (s): cpu = 00:00:00 ; elapsed = 00:00:00.003 . Memory (MB): peak = 2093.461 ; gain = 0.000
INFO: [Project 1-111] Unisim Transformation Summary:
No Unisim elements were transformed.

Synth Design complete | Checksum: c1d84cc9
INFO: [Common 17-83] Releasing license: Synthesis
37 Infos, 4 Warnings, 0 Critical Warnings and 0 Errors encountered.
synth_design completed successfully
synth_design: Time (s): cpu = 00:04:02 ; elapsed = 00:04:31 . Memory (MB): peak = 2093.461 ; gain = 1613.215
INFO: [Common 17-1381] The checkpoint 'D:/STUDY/HE_THONG_HDL/DO_AN/code/AES256_Copy/project_1/project_1.runs/synth_1/top.dcp' has been generated.
INFO: [runtcl-4] Executing : report_utilization -file top_utilization_synth.rpt -pb top_utilization_synth.pb
INFO: [Common 17-206] Exiting Vivado at Tue May 12 16:37:51 2026...
[Tue May 12 16:37:58 2026] synth_1 finished
wait_on_runs: Time (s): cpu = 00:00:01 ; elapsed = 00:05:07 . Memory (MB): peak = 481.875 ; gain = 0.000
# launch_runs impl_1 -to_step route_design -jobs 8
[Tue May 12 16:37:58 2026] Launched impl_1...
Run output will be captured here: D:/STUDY/HE_THONG_HDL/DO_AN/code/AES256_Copy/project_1/project_1.runs/impl_1/runme.log
# wait_on_run impl_1
[Tue May 12 16:37:59 2026] Waiting for impl_1 to finish...

*** Running vivado
    with args -log top.vdi -applog -m64 -product Vivado -messageDb vivado.pb -mode batch -source top.tcl -notrace


ECHO is off.
ECHO is off.

****** Vivado v2023.1 (64-bit)
  **** SW Build 3865809 on Sun May  7 15:05:29 MDT 2023
  **** IP Build 3864474 on Sun May  7 20:36:21 MDT 2023
  **** SharedData Build 3865790 on Sun May 07 13:33:03 MDT 2023
    ** Copyright 1986-2022 Xilinx, Inc. All Rights Reserved.
    ** Copyright 2022-2023 Advanced Micro Devices, Inc. All Rights Reserved.

source top.tcl -notrace
create_project: Time (s): cpu = 00:00:13 ; elapsed = 00:00:13 . Memory (MB): peak = 454.512 ; gain = 159.289
Command: link_design -top top -part xc7vx485tffg1157-1
Design is defaulting to srcset: sources_1
Design is defaulting to constrset: constrs_1
INFO: [Device 21-403] Loading part xc7vx485tffg1157-1
Netlist sorting complete. Time (s): cpu = 00:00:01 ; elapsed = 00:00:00.133 . Memory (MB): peak = 1044.273 ; gain = 0.000
INFO: [Netlist 29-17] Analyzing 1076 Unisim elements for replacement
INFO: [Netlist 29-28] Unisim Transformation completed in 0 CPU seconds
INFO: [Project 1-479] Netlist was created with Vivado 2023.1
INFO: [Project 1-570] Preparing netlist for logic optimization
Parsing XDC File [D:/STUDY/HE_THONG_HDL/DO_AN/code/AES256_Copy/project_1/project_1.srcs/constrs_1/new/timing.xdc]
Finished Parsing XDC File [D:/STUDY/HE_THONG_HDL/DO_AN/code/AES256_Copy/project_1/project_1.srcs/constrs_1/new/timing.xdc]
INFO: [Opt 31-138] Pushed 0 inverter(s) to 0 load pin(s).
Netlist sorting complete. Time (s): cpu = 00:00:00 ; elapsed = 00:00:00.003 . Memory (MB): peak = 1203.875 ; gain = 0.000
INFO: [Project 1-111] Unisim Transformation Summary:
No Unisim elements were transformed.

7 Infos, 0 Warnings, 0 Critical Warnings and 0 Errors encountered.
link_design completed successfully
link_design: Time (s): cpu = 00:00:24 ; elapsed = 00:00:34 . Memory (MB): peak = 1207.891 ; gain = 748.527
Command: opt_design
Attempting to get a license for feature 'Implementation' and/or device 'xc7vx485t'
INFO: [Common 17-349] Got license for feature 'Implementation' and/or device 'xc7vx485t'
INFO: [Common 17-86] Your Implementation license expires in 21 day(s)
Running DRC as a precondition to command opt_design

Starting DRC Task
INFO: [DRC 23-27] Running DRC with 2 threads
INFO: [Project 1-461] DRC finished with 0 Errors
INFO: [Project 1-462] Please refer to the DRC report (report_drc) for more information.

Time (s): cpu = 00:00:04 ; elapsed = 00:00:02 . Memory (MB): peak = 1222.887 ; gain = 14.996

Starting Cache Timing Information Task
INFO: [Timing 38-35] Done setting XDC timing constraints.
Ending Cache Timing Information Task | Checksum: c7c4bfc9

Time (s): cpu = 00:00:22 ; elapsed = 00:00:25 . Memory (MB): peak = 1887.680 ; gain = 664.793

Starting Logic Optimization Task

Phase 1 Retarget
INFO: [Opt 31-138] Pushed 0 inverter(s) to 0 load pin(s).
INFO: [Opt 31-49] Retargeted 0 cell(s).
Phase 1 Retarget | Checksum: c7c4bfc9

Time (s): cpu = 00:00:01 ; elapsed = 00:00:00.366 . Memory (MB): peak = 2223.715 ; gain = 0.000
INFO: [Opt 31-389] Phase Retarget created 0 cells and removed 0 cells

Phase 2 Constant propagation
INFO: [Opt 31-138] Pushed 0 inverter(s) to 0 load pin(s).
Phase 2 Constant propagation | Checksum: c7c4bfc9

Time (s): cpu = 00:00:01 ; elapsed = 00:00:00.435 . Memory (MB): peak = 2223.715 ; gain = 0.000
INFO: [Opt 31-389] Phase Constant propagation created 0 cells and removed 0 cells

Phase 3 Sweep
Phase 3 Sweep | Checksum: c7c4bfc9

Time (s): cpu = 00:00:01 ; elapsed = 00:00:00.516 . Memory (MB): peak = 2223.715 ; gain = 0.000
INFO: [Opt 31-389] Phase Sweep created 0 cells and removed 0 cells

Phase 4 BUFG optimization
Phase 4 BUFG optimization | Checksum: c7c4bfc9

Time (s): cpu = 00:00:01 ; elapsed = 00:00:00.652 . Memory (MB): peak = 2223.715 ; gain = 0.000
INFO: [Opt 31-662] Phase BUFG optimization created 0 cells of which 0 are BUFGs and removed 0 cells.

Phase 5 Shift Register Optimization
INFO: [Opt 31-1064] SRL Remap converted 0 SRLs to 0 registers and converted 0 registers of register chains to 0 SRLs
Phase 5 Shift Register Optimization | Checksum: c7c4bfc9

Time (s): cpu = 00:00:01 ; elapsed = 00:00:00.788 . Memory (MB): peak = 2223.715 ; gain = 0.000
INFO: [Opt 31-389] Phase Shift Register Optimization created 0 cells and removed 0 cells

Phase 6 Post Processing Netlist
Phase 6 Post Processing Netlist | Checksum: c7c4bfc9

Time (s): cpu = 00:00:01 ; elapsed = 00:00:00.827 . Memory (MB): peak = 2223.715 ; gain = 0.000
INFO: [Opt 31-389] Phase Post Processing Netlist created 0 cells and removed 0 cells
Opt_design Change Summary
=========================


-------------------------------------------------------------------------------------------------------------------------
|  Phase                        |  #Cells created  |  #Cells Removed  |  #Constrained objects preventing optimizations  |
-------------------------------------------------------------------------------------------------------------------------
|  Retarget                     |               0  |               0  |                                              0  |
|  Constant propagation         |               0  |               0  |                                              0  |
|  Sweep                        |               0  |               0  |                                              0  |
|  BUFG optimization            |               0  |               0  |                                              0  |
|  Shift Register Optimization  |               0  |               0  |                                              0  |
|  Post Processing Netlist      |               0  |               0  |                                              0  |
-------------------------------------------------------------------------------------------------------------------------



Starting Connectivity Check Task

Time (s): cpu = 00:00:00 ; elapsed = 00:00:00.035 . Memory (MB): peak = 2223.715 ; gain = 0.000
Ending Logic Optimization Task | Checksum: c7c4bfc9

Time (s): cpu = 00:00:01 ; elapsed = 00:00:00.873 . Memory (MB): peak = 2223.715 ; gain = 0.000

Starting Power Optimization Task
INFO: [Pwropt 34-132] Skipping clock gating for clocks with a period < 2.00 ns.
Ending Power Optimization Task | Checksum: c7c4bfc9

Time (s): cpu = 00:00:00 ; elapsed = 00:00:00.041 . Memory (MB): peak = 2223.715 ; gain = 0.000

Starting Final Cleanup Task
Ending Final Cleanup Task | Checksum: c7c4bfc9

Time (s): cpu = 00:00:00 ; elapsed = 00:00:00.004 . Memory (MB): peak = 2223.715 ; gain = 0.000

Starting Netlist Obfuscation Task
Netlist sorting complete. Time (s): cpu = 00:00:00 ; elapsed = 00:00:00.004 . Memory (MB): peak = 2223.715 ; gain = 0.000
Ending Netlist Obfuscation Task | Checksum: c7c4bfc9

Time (s): cpu = 00:00:00 ; elapsed = 00:00:00.008 . Memory (MB): peak = 2223.715 ; gain = 0.000
INFO: [Common 17-83] Releasing license: Implementation
25 Infos, 0 Warnings, 0 Critical Warnings and 0 Errors encountered.
opt_design completed successfully
opt_design: Time (s): cpu = 00:00:32 ; elapsed = 00:00:34 . Memory (MB): peak = 2223.715 ; gain = 1015.824
INFO: [runtcl-4] Executing : report_drc -file top_drc_opted.rpt -pb top_drc_opted.pb -rpx top_drc_opted.rpx
Command: report_drc -file top_drc_opted.rpt -pb top_drc_opted.pb -rpx top_drc_opted.rpx
INFO: [IP_Flow 19-234] Refreshing IP repositories
INFO: [IP_Flow 19-1704] No user IP repositories specified
INFO: [IP_Flow 19-2313] Loaded Vivado IP repository 'C:/Xilinx/Vivado/2023.1/data/ip'.
INFO: [DRC 23-27] Running DRC with 2 threads
INFO: [Vivado_Tcl 2-168] The results of DRC are in file D:/STUDY/HE_THONG_HDL/DO_AN/code/AES256_Copy/project_1/project_1.runs/impl_1/top_drc_opted.rpt.
report_drc completed successfully
INFO: [Timing 38-480] Writing timing data to binary archive.
INFO: [Common 17-1381] The checkpoint 'D:/STUDY/HE_THONG_HDL/DO_AN/code/AES256_Copy/project_1/project_1.runs/impl_1/top_opt.dcp' has been generated.
Command: place_design
Attempting to get a license for feature 'Implementation' and/or device 'xc7vx485t'
INFO: [Common 17-349] Got license for feature 'Implementation' and/or device 'xc7vx485t'
INFO: [Common 17-86] Your Implementation license expires in 21 day(s)
INFO: [DRC 23-27] Running DRC with 2 threads
INFO: [Vivado_Tcl 4-198] DRC finished with 0 Errors
INFO: [Vivado_Tcl 4-199] Please refer to the DRC report (report_drc) for more information.
Running DRC as a precondition to command place_design
INFO: [DRC 23-27] Running DRC with 2 threads
INFO: [Vivado_Tcl 4-198] DRC finished with 0 Errors
INFO: [Vivado_Tcl 4-199] Please refer to the DRC report (report_drc) for more information.

Starting Placer Task
INFO: [Place 30-611] Multithreading enabled for place_design using a maximum of 2 CPUs

Phase 1 Placer Initialization

Phase 1.1 Placer Initialization Netlist Sorting
Netlist sorting complete. Time (s): cpu = 00:00:00 ; elapsed = 00:00:00.002 . Memory (MB): peak = 2223.715 ; gain = 0.000
Phase 1.1 Placer Initialization Netlist Sorting | Checksum: 05ec7300

Time (s): cpu = 00:00:01 ; elapsed = 00:00:00.028 . Memory (MB): peak = 2223.715 ; gain = 0.000
Netlist sorting complete. Time (s): cpu = 00:00:00 ; elapsed = 00:00:00.002 . Memory (MB): peak = 2223.715 ; gain = 0.000

Phase 1.2 IO Placement/ Clock Placement/ Build Placer Device
INFO: [Timing 38-35] Done setting XDC timing constraints.
Phase 1.2 IO Placement/ Clock Placement/ Build Placer Device | Checksum: c802be14

Time (s): cpu = 00:00:14 ; elapsed = 00:00:10 . Memory (MB): peak = 2223.715 ; gain = 0.000

Phase 1.3 Build Placer Netlist Model
Phase 1.3 Build Placer Netlist Model | Checksum: fd59e3fc

Time (s): cpu = 00:00:16 ; elapsed = 00:00:12 . Memory (MB): peak = 2226.922 ; gain = 3.207

Phase 1.4 Constrain Clocks/Macros
Phase 1.4 Constrain Clocks/Macros | Checksum: fd59e3fc

Time (s): cpu = 00:00:16 ; elapsed = 00:00:12 . Memory (MB): peak = 2226.922 ; gain = 3.207
Phase 1 Placer Initialization | Checksum: fd59e3fc

Time (s): cpu = 00:00:16 ; elapsed = 00:00:12 . Memory (MB): peak = 2226.922 ; gain = 3.207

Phase 2 Global Placement

Phase 2.1 Floorplanning
Phase 2.1 Floorplanning | Checksum: 11339afc4

Time (s): cpu = 00:00:17 ; elapsed = 00:00:12 . Memory (MB): peak = 2226.922 ; gain = 3.207

Phase 2.2 Update Timing before SLR Path Opt
Phase 2.2 Update Timing before SLR Path Opt | Checksum: 1a986c998

Time (s): cpu = 00:00:17 ; elapsed = 00:00:13 . Memory (MB): peak = 2226.922 ; gain = 3.207

Phase 2.3 Post-Processing in Floorplanning
Phase 2.3 Post-Processing in Floorplanning | Checksum: 1a986c998

Time (s): cpu = 00:00:17 ; elapsed = 00:00:13 . Memory (MB): peak = 2226.922 ; gain = 3.207

Phase 2.4 Global Placement Core

Phase 2.4.1 UpdateTiming Before Physical Synthesis
Phase 2.4.1 UpdateTiming Before Physical Synthesis | Checksum: f10bf800

Time (s): cpu = 00:00:41 ; elapsed = 00:00:28 . Memory (MB): peak = 2237.273 ; gain = 13.559

Phase 2.4.2 Physical Synthesis In Placer
INFO: [Physopt 32-1035] Found 92 LUTNM shape to break, 295 LUT instances to create LUTNM shape
INFO: [Physopt 32-1044] Break lutnm for timing: one critical 17, two critical 75, total 92, new lutff created 0
INFO: [Physopt 32-1138] End 1 Pass. Optimized 220 nets or LUTs. Breaked 92 LUTs, combined 128 existing LUTs and moved 0 existing LUT
INFO: [Physopt 32-65] No nets found for high-fanout optimization.
INFO: [Physopt 32-232] Optimized 0 net. Created 0 new instance.
INFO: [Physopt 32-775] End 1 Pass. Optimized 0 net or cell. Created 0 new cell, deleted 0 existing cell and moved 0 existing cell
INFO: [Physopt 32-456] No candidate cells for DSP register optimization found in the design.
INFO: [Physopt 32-775] End 2 Pass. Optimized 0 net or cell. Created 0 new cell, deleted 0 existing cell and moved 0 existing cell
INFO: [Physopt 32-1123] No candidate cells found for Shift Register to Pipeline optimization
INFO: [Physopt 32-775] End 2 Pass. Optimized 0 net or cell. Created 0 new cell, deleted 0 existing cell and moved 0 existing cell
INFO: [Physopt 32-677] No candidate cells for Shift Register optimization found in the design
INFO: [Physopt 32-775] End 1 Pass. Optimized 0 net or cell. Created 0 new cell, deleted 0 existing cell and moved 0 existing cell
INFO: [Physopt 32-526] No candidate cells for BRAM register optimization found in the design
INFO: [Physopt 32-775] End 1 Pass. Optimized 0 net or cell. Created 0 new cell, deleted 0 existing cell and moved 0 existing cell
INFO: [Physopt 32-846] No candidate cells for URAM register optimization found in the design
INFO: [Physopt 32-775] End 1 Pass. Optimized 0 net or cell. Created 0 new cell, deleted 0 existing cell and moved 0 existing cell
INFO: [Physopt 32-846] No candidate cells for URAM register optimization found in the design
INFO: [Physopt 32-775] End 1 Pass. Optimized 0 net or cell. Created 0 new cell, deleted 0 existing cell and moved 0 existing cell
INFO: [Physopt 32-949] No candidate nets found for dynamic/static region interface net replication
INFO: [Physopt 32-775] End 1 Pass. Optimized 0 net or cell. Created 0 new cell, deleted 0 existing cell and moved 0 existing cell
Netlist sorting complete. Time (s): cpu = 00:00:00 ; elapsed = 00:00:00.005 . Memory (MB): peak = 2239.723 ; gain = 0.000

Summary of Physical Synthesis Optimizations
============================================


-----------------------------------------------------------------------------------------------------------------------------------------------------------
|  Optimization                                     |  Added Cells  |  Removed Cells  |  Optimized Cells/Nets  |  Dont Touch  |  Iterations  |  Elapsed   |
-----------------------------------------------------------------------------------------------------------------------------------------------------------
|  LUT Combining                                    |           92  |            128  |                   220  |           0  |           1  |  00:00:01  |
|  Retime                                           |            0  |              0  |                     0  |           0  |           1  |  00:00:00  |
|  Very High Fanout                                 |            0  |              0  |                     0  |           0  |           1  |  00:00:00  |
|  DSP Register                                     |            0  |              0  |                     0  |           0  |           1  |  00:00:00  |
|  Shift Register to Pipeline                       |            0  |              0  |                     0  |           0  |           1  |  00:00:00  |
|  Shift Register                                   |            0  |              0  |                     0  |           0  |           1  |  00:00:00  |
|  BRAM Register                                    |            0  |              0  |                     0  |           0  |           1  |  00:00:00  |
|  URAM Register                                    |            0  |              0  |                     0  |           0  |           1  |  00:00:00  |
|  Dynamic/Static Region Interface Net Replication  |            0  |              0  |                     0  |           0  |           1  |  00:00:00  |
|  Total                                            |           92  |            128  |                   220  |           0  |           9  |  00:00:01  |
-----------------------------------------------------------------------------------------------------------------------------------------------------------


Phase 2.4.2 Physical Synthesis In Placer | Checksum: f930b3d6

Time (s): cpu = 00:00:43 ; elapsed = 00:00:30 . Memory (MB): peak = 2239.723 ; gain = 16.008
Phase 2.4 Global Placement Core | Checksum: 13223d7e1

Time (s): cpu = 00:00:44 ; elapsed = 00:00:31 . Memory (MB): peak = 2239.723 ; gain = 16.008
Phase 2 Global Placement | Checksum: 13223d7e1

Time (s): cpu = 00:00:44 ; elapsed = 00:00:31 . Memory (MB): peak = 2239.723 ; gain = 16.008

Phase 3 Detail Placement

Phase 3.1 Commit Multi Column Macros
Phase 3.1 Commit Multi Column Macros | Checksum: f6f5157f

Time (s): cpu = 00:00:45 ; elapsed = 00:00:32 . Memory (MB): peak = 2239.723 ; gain = 16.008

Phase 3.2 Commit Most Macros & LUTRAMs
Phase 3.2 Commit Most Macros & LUTRAMs | Checksum: d554cb83

Time (s): cpu = 00:00:46 ; elapsed = 00:00:33 . Memory (MB): peak = 2239.723 ; gain = 16.008

Phase 3.3 Area Swap Optimization
Phase 3.3 Area Swap Optimization | Checksum: e828f332

Time (s): cpu = 00:00:47 ; elapsed = 00:00:33 . Memory (MB): peak = 2239.723 ; gain = 16.008

Phase 3.4 Pipeline Register Optimization
Phase 3.4 Pipeline Register Optimization | Checksum: 67331593

Time (s): cpu = 00:00:47 ; elapsed = 00:00:33 . Memory (MB): peak = 2239.723 ; gain = 16.008

Phase 3.5 Fast Optimization
Phase 3.5 Fast Optimization | Checksum: 121a673a3

Time (s): cpu = 00:00:55 ; elapsed = 00:00:41 . Memory (MB): peak = 2239.723 ; gain = 16.008

Phase 3.6 Small Shape Detail Placement
Phase 3.6 Small Shape Detail Placement | Checksum: 16cc228e9

Time (s): cpu = 00:01:00 ; elapsed = 00:00:46 . Memory (MB): peak = 2243.621 ; gain = 19.906

Phase 3.7 Re-assign LUT pins
Phase 3.7 Re-assign LUT pins | Checksum: 17b35ce6a

Time (s): cpu = 00:01:01 ; elapsed = 00:00:46 . Memory (MB): peak = 2243.621 ; gain = 19.906

Phase 3.8 Pipeline Register Optimization
Phase 3.8 Pipeline Register Optimization | Checksum: a7a03cc5

Time (s): cpu = 00:01:01 ; elapsed = 00:00:46 . Memory (MB): peak = 2243.621 ; gain = 19.906

Phase 3.9 Fast Optimization
Phase 3.9 Fast Optimization | Checksum: 7ac5edb4

Time (s): cpu = 00:01:18 ; elapsed = 00:01:05 . Memory (MB): peak = 2243.621 ; gain = 19.906
Phase 3 Detail Placement | Checksum: 7ac5edb4

Time (s): cpu = 00:01:18 ; elapsed = 00:01:05 . Memory (MB): peak = 2243.621 ; gain = 19.906

Phase 4 Post Placement Optimization and Clean-Up

Phase 4.1 Post Commit Optimization
INFO: [Timing 38-35] Done setting XDC timing constraints.

Phase 4.1.1 Post Placement Optimization
Post Placement Optimization Initialization | Checksum: f951de98

Phase 4.1.1.1 BUFG Insertion

Starting Physical Synthesis Task

Phase 1 Physical Synthesis Initialization
INFO: [Physopt 32-721] Multithreading enabled for phys_opt_design using a maximum of 2 CPUs
INFO: [Physopt 32-619] Estimated Timing Summary | WNS=-0.628 | TNS=-29.346 |
Phase 1 Physical Synthesis Initialization | Checksum: 1a9f2dcdd

Time (s): cpu = 00:00:00 ; elapsed = 00:00:00.312 . Memory (MB): peak = 2313.520 ; gain = 0.000
INFO: [Place 46-56] BUFG insertion identified 0 candidate nets. Inserted BUFG: 0, Replicated BUFG Driver: 0, Skipped due to Placement/Routing Conflicts: 0, Skipped due to Timing Degradation: 0, Skipped due to netlist editing failed: 0.
Ending Physical Synthesis Task | Checksum: 1a9f2dcdd

Time (s): cpu = 00:00:01 ; elapsed = 00:00:00.493 . Memory (MB): peak = 2313.520 ; gain = 0.000
Phase 4.1.1.1 BUFG Insertion | Checksum: f951de98

Time (s): cpu = 00:01:22 ; elapsed = 00:01:09 . Memory (MB): peak = 2313.520 ; gain = 89.805

Phase 4.1.1.2 Post Placement Timing Optimization
INFO: [Place 30-746] Post Placement Timing Summary WNS=-0.044. For the most accurate timing information please run report_timing.
Phase 4.1.1.2 Post Placement Timing Optimization | Checksum: 1a2b1b3d3

Time (s): cpu = 00:02:19 ; elapsed = 00:02:13 . Memory (MB): peak = 2313.520 ; gain = 89.805

Time (s): cpu = 00:02:19 ; elapsed = 00:02:13 . Memory (MB): peak = 2313.520 ; gain = 89.805
Phase 4.1 Post Commit Optimization | Checksum: 1a2b1b3d3

Time (s): cpu = 00:02:19 ; elapsed = 00:02:13 . Memory (MB): peak = 2313.520 ; gain = 89.805

Phase 4.2 Post Placement Cleanup
Phase 4.2 Post Placement Cleanup | Checksum: 1a2b1b3d3

Time (s): cpu = 00:02:19 ; elapsed = 00:02:13 . Memory (MB): peak = 2313.520 ; gain = 89.805

Phase 4.3 Placer Reporting

Phase 4.3.1 Print Estimated Congestion
INFO: [Place 30-612] Post-Placement Estimated Congestion 
 ____________________________________________________
|           | Global Congestion | Short Congestion  |
| Direction | Region Size       | Region Size       |
|___________|___________________|___________________|
|      North|                1x1|                1x1|
|___________|___________________|___________________|
|      South|                1x1|                2x2|
|___________|___________________|___________________|
|       East|                1x1|                1x1|
|___________|___________________|___________________|
|       West|                1x1|                1x1|
|___________|___________________|___________________|

Phase 4.3.1 Print Estimated Congestion | Checksum: 1a2b1b3d3

Time (s): cpu = 00:02:19 ; elapsed = 00:02:13 . Memory (MB): peak = 2313.520 ; gain = 89.805
Phase 4.3 Placer Reporting | Checksum: 1a2b1b3d3

Time (s): cpu = 00:02:19 ; elapsed = 00:02:13 . Memory (MB): peak = 2313.520 ; gain = 89.805

Phase 4.4 Final Placement Cleanup
Netlist sorting complete. Time (s): cpu = 00:00:00 ; elapsed = 00:00:00.002 . Memory (MB): peak = 2313.520 ; gain = 0.000

Time (s): cpu = 00:02:19 ; elapsed = 00:02:13 . Memory (MB): peak = 2313.520 ; gain = 89.805
Phase 4 Post Placement Optimization and Clean-Up | Checksum: 178a248e5

Time (s): cpu = 00:02:19 ; elapsed = 00:02:13 . Memory (MB): peak = 2313.520 ; gain = 89.805
Ending Placer Task | Checksum: 90d33b08

Time (s): cpu = 00:02:19 ; elapsed = 00:02:13 . Memory (MB): peak = 2313.520 ; gain = 89.805
INFO: [Common 17-83] Releasing license: Implementation
70 Infos, 0 Warnings, 0 Critical Warnings and 0 Errors encountered.
place_design completed successfully
place_design: Time (s): cpu = 00:02:23 ; elapsed = 00:02:16 . Memory (MB): peak = 2313.520 ; gain = 89.805
INFO: [runtcl-4] Executing : report_io -file top_io_placed.rpt
report_io: Time (s): cpu = 00:00:01 ; elapsed = 00:00:00.561 . Memory (MB): peak = 2313.520 ; gain = 0.000
INFO: [runtcl-4] Executing : report_utilization -file top_utilization_placed.rpt -pb top_utilization_placed.pb
INFO: [runtcl-4] Executing : report_control_sets -verbose -file top_control_sets_placed.rpt
report_control_sets: Time (s): cpu = 00:00:00 ; elapsed = 00:00:00.005 . Memory (MB): peak = 2313.520 ; gain = 0.000
INFO: [Timing 38-480] Writing timing data to binary archive.
Writing XDEF routing.
Writing XDEF routing logical nets.
Writing XDEF routing special nets.
Write XDEF Complete: Time (s): cpu = 00:00:03 ; elapsed = 00:00:01 . Memory (MB): peak = 2313.520 ; gain = 0.000
INFO: [Common 17-1381] The checkpoint 'D:/STUDY/HE_THONG_HDL/DO_AN/code/AES256_Copy/project_1/project_1.runs/impl_1/top_placed.dcp' has been generated.
Command: phys_opt_design
Attempting to get a license for feature 'Implementation' and/or device 'xc7vx485t'
INFO: [Common 17-349] Got license for feature 'Implementation' and/or device 'xc7vx485t'
INFO: [Common 17-86] Your Implementation license expires in 21 day(s)

Starting Initial Update Timing Task

Time (s): cpu = 00:00:01 ; elapsed = 00:00:00.547 . Memory (MB): peak = 2313.520 ; gain = 0.000
INFO: [Vivado_Tcl 4-1435] PhysOpt_Tcl_Interface Runtime Before Starting Physical Synthesis Task | CPU: 1.00s |  WALL: 0.63s
Netlist sorting complete. Time (s): cpu = 00:00:00 ; elapsed = 00:00:00.003 . Memory (MB): peak = 2313.520 ; gain = 0.000

Starting Physical Synthesis Task

Phase 1 Physical Synthesis Initialization
INFO: [Physopt 32-721] Multithreading enabled for phys_opt_design using a maximum of 2 CPUs
INFO: [Physopt 32-619] Estimated Timing Summary | WNS=-0.067 | TNS=-0.591 |
Phase 1 Physical Synthesis Initialization | Checksum: 1d6fb0439

Time (s): cpu = 00:00:02 ; elapsed = 00:00:02 . Memory (MB): peak = 2316.012 ; gain = 2.492
INFO: [Physopt 32-619] Estimated Timing Summary | WNS=-0.067 | TNS=-0.591 |

Phase 2 DSP Register Optimization
INFO: [Physopt 32-456] No candidate cells for DSP register optimization found in the design.
INFO: [Physopt 32-775] End 2 Pass. Optimized 0 net or cell. Created 0 new cell, deleted 0 existing cell and moved 0 existing cell
Phase 2 DSP Register Optimization | Checksum: 1d6fb0439

Time (s): cpu = 00:00:02 ; elapsed = 00:00:02 . Memory (MB): peak = 2316.012 ; gain = 2.492

Phase 3 Critical Path Optimization
INFO: [Physopt 32-619] Estimated Timing Summary | WNS=-0.067 | TNS=-0.591 |
INFO: [Physopt 32-663] Processed net ciphertext_OBUF[66].  Re-placed instance ciphertext_reg_reg[66]
INFO: [Physopt 32-735] Processed net ciphertext_OBUF[66]. Optimization improves timing on the net.
INFO: [Physopt 32-619] Estimated Timing Summary | WNS=-0.044 | TNS=-0.524 |
INFO: [Physopt 32-663] Processed net g0_b0__57_i_2_n_0.  Re-placed instance g0_b0__57_i_2
INFO: [Physopt 32-735] Processed net g0_b0__57_i_2_n_0. Optimization improves timing on the net.
INFO: [Physopt 32-619] Estimated Timing Summary | WNS=-0.038 | TNS=-0.574 |
INFO: [Physopt 32-702] Processed net g0_b0__61_i_2_n_0. Optimizations did not improve timing on the net.
INFO: [Physopt 32-601] Processed net g0_b0__57_i_2_n_0. Net driver g0_b0__57_i_2 was replaced.
INFO: [Physopt 32-735] Processed net g0_b0__57_i_2_n_0. Optimization improves timing on the net.
INFO: [Physopt 32-619] Estimated Timing Summary | WNS=-0.036 | TNS=-0.429 |
INFO: [Physopt 32-663] Processed net ciphertext_OBUF[79].  Re-placed instance ciphertext_reg_reg[79]
INFO: [Physopt 32-735] Processed net ciphertext_OBUF[79]. Optimization improves timing on the net.
INFO: [Physopt 32-619] Estimated Timing Summary | WNS=-0.028 | TNS=-0.393 |
INFO: [Physopt 32-663] Processed net g0_b0__53_i_6_n_0.  Re-placed instance g0_b0__53_i_6
INFO: [Physopt 32-735] Processed net g0_b0__53_i_6_n_0. Optimization improves timing on the net.
INFO: [Physopt 32-619] Estimated Timing Summary | WNS=-0.022 | TNS=-0.365 |
INFO: [Physopt 32-663] Processed net ciphertext_reg_reg[63]_i_53_n_0.  Re-placed instance ciphertext_reg_reg[63]_i_53
INFO: [Physopt 32-735] Processed net ciphertext_reg_reg[63]_i_53_n_0. Optimization improves timing on the net.
INFO: [Physopt 32-619] Estimated Timing Summary | WNS=-0.021 | TNS=-0.342 |
INFO: [Physopt 32-663] Processed net state_reg_reg_rep[7]_i_56_n_0.  Re-placed instance state_reg_reg_rep[7]_i_56
INFO: [Physopt 32-735] Processed net state_reg_reg_rep[7]_i_56_n_0. Optimization improves timing on the net.
INFO: [Physopt 32-619] Estimated Timing Summary | WNS=-0.021 | TNS=-0.321 |
INFO: [Physopt 32-702] Processed net g0_b0__61_i_1_n_0. Optimizations did not improve timing on the net.
INFO: [Physopt 32-663] Processed net g0_b0__52_i_2_n_0.  Re-placed instance g0_b0__52_i_2
INFO: [Physopt 32-735] Processed net g0_b0__52_i_2_n_0. Optimization improves timing on the net.
INFO: [Physopt 32-619] Estimated Timing Summary | WNS=-0.021 | TNS=-0.325 |
INFO: [Physopt 32-663] Processed net g0_b0__64_i_3_n_0.  Re-placed instance g0_b0__64_i_3
INFO: [Physopt 32-735] Processed net g0_b0__64_i_3_n_0. Optimization improves timing on the net.
INFO: [Physopt 32-619] Estimated Timing Summary | WNS=-0.019 | TNS=-0.304 |
INFO: [Physopt 32-663] Processed net ciphertext_reg_reg[95]_i_48_n_0.  Re-placed instance ciphertext_reg_reg[95]_i_48
INFO: [Physopt 32-735] Processed net ciphertext_reg_reg[95]_i_48_n_0. Optimization improves timing on the net.
INFO: [Physopt 32-619] Estimated Timing Summary | WNS=-0.018 | TNS=-0.284 |
INFO: [Physopt 32-663] Processed net g0_b0__52_i_4_n_0.  Re-placed instance g0_b0__52_i_4
INFO: [Physopt 32-735] Processed net g0_b0__52_i_4_n_0. Optimization improves timing on the net.
INFO: [Physopt 32-619] Estimated Timing Summary | WNS=-0.018 | TNS=-0.266 |
INFO: [Physopt 32-663] Processed net g0_b0__60_i_4_n_0.  Re-placed instance g0_b0__60_i_4
INFO: [Physopt 32-735] Processed net g0_b0__60_i_4_n_0. Optimization improves timing on the net.
INFO: [Physopt 32-619] Estimated Timing Summary | WNS=-0.016 | TNS=-0.248 |
INFO: [Physopt 32-663] Processed net ciphertext_reg_reg[95]_i_41_n_0.  Re-placed instance ciphertext_reg_reg[95]_i_41
INFO: [Physopt 32-735] Processed net ciphertext_reg_reg[95]_i_41_n_0. Optimization improves timing on the net.
INFO: [Physopt 32-619] Estimated Timing Summary | WNS=-0.016 | TNS=-0.231 |
INFO: [Physopt 32-663] Processed net state_reg[5].  Re-placed instance state_reg_reg_rep[5]
INFO: [Physopt 32-735] Processed net state_reg[5]. Optimization improves timing on the net.
INFO: [Physopt 32-619] Estimated Timing Summary | WNS=-0.015 | TNS=-0.215 |
INFO: [Physopt 32-663] Processed net ciphertext_OBUF[52].  Re-placed instance ciphertext_reg_reg[52]
INFO: [Physopt 32-735] Processed net ciphertext_OBUF[52]. Optimization improves timing on the net.
INFO: [Physopt 32-619] Estimated Timing Summary | WNS=-0.015 | TNS=-0.200 |
INFO: [Physopt 32-702] Processed net g0_b0__61_i_1_n_0. Optimizations did not improve timing on the net.
INFO: [Physopt 32-663] Processed net g0_b0__63_i_2_n_0.  Re-placed instance g0_b0__63_i_2
INFO: [Physopt 32-735] Processed net g0_b0__63_i_2_n_0. Optimization improves timing on the net.
INFO: [Physopt 32-619] Estimated Timing Summary | WNS=-0.015 | TNS=-0.184 |
INFO: [Physopt 32-663] Processed net g0_b0__63_i_5_n_0.  Re-placed instance g0_b0__63_i_5
INFO: [Physopt 32-735] Processed net g0_b0__63_i_5_n_0. Optimization improves timing on the net.
INFO: [Physopt 32-619] Estimated Timing Summary | WNS=-0.015 | TNS=-0.170 |
INFO: [Physopt 32-663] Processed net g0_b0__64_i_4_n_0.  Re-placed instance g0_b0__64_i_4
INFO: [Physopt 32-735] Processed net g0_b0__64_i_4_n_0. Optimization improves timing on the net.
INFO: [Physopt 32-619] Estimated Timing Summary | WNS=-0.014 | TNS=-0.159 |
INFO: [Physopt 32-663] Processed net ciphertext_OBUF[125].  Re-placed instance ciphertext_reg_reg[125]
INFO: [Physopt 32-735] Processed net ciphertext_OBUF[125]. Optimization improves timing on the net.
INFO: [Physopt 32-619] Estimated Timing Summary | WNS=-0.013 | TNS=-0.145 |
INFO: [Physopt 32-702] Processed net g0_b0__52_i_2_n_0. Optimizations did not improve timing on the net.
INFO: [Physopt 32-702] Processed net g0_b0__60_i_1_n_0. Optimizations did not improve timing on the net.
INFO: [Physopt 32-702] Processed net sb/s2_3/ark_data_in[1]. Optimizations did not improve timing on the net.
INFO: [Physopt 32-702] Processed net sb/s1_2/round_reg[3]_0. Optimizations did not improve timing on the net.
INFO: [Physopt 32-608] Optimized 1 net.  Swapped 15 pins.
INFO: [Physopt 32-735] Processed net sb/s2_3/state_reg_reg_rep[7]_i_48[1]. Optimization improves timing on the net.
INFO: [Physopt 32-619] Estimated Timing Summary | WNS=-0.013 | TNS=-0.131 |
INFO: [Physopt 32-663] Processed net ciphertext_OBUF[84].  Re-placed instance ciphertext_reg_reg[84]
INFO: [Physopt 32-735] Processed net ciphertext_OBUF[84]. Optimization improves timing on the net.
INFO: [Physopt 32-619] Estimated Timing Summary | WNS=-0.012 | TNS=-0.118 |
INFO: [Physopt 32-663] Processed net ciphertext_OBUF[70].  Re-placed instance ciphertext_reg_reg[70]
INFO: [Physopt 32-735] Processed net ciphertext_OBUF[70]. Optimization improves timing on the net.
INFO: [Physopt 32-619] Estimated Timing Summary | WNS=-0.011 | TNS=-0.106 |
INFO: [Physopt 32-663] Processed net g0_b0__61_i_5_n_0.  Re-placed instance g0_b0__61_i_5
INFO: [Physopt 32-735] Processed net g0_b0__61_i_5_n_0. Optimization improves timing on the net.
INFO: [Physopt 32-619] Estimated Timing Summary | WNS=-0.010 | TNS=-0.094 |
INFO: [Physopt 32-663] Processed net ciphertext_reg_reg[95]_i_33_n_0.  Re-placed instance ciphertext_reg_reg[95]_i_33
INFO: [Physopt 32-735] Processed net ciphertext_reg_reg[95]_i_33_n_0. Optimization improves timing on the net.
INFO: [Physopt 32-619] Estimated Timing Summary | WNS=-0.010 | TNS=-0.084 |
INFO: [Physopt 32-619] Estimated Timing Summary | WNS=-0.010 | TNS=-0.084 |
Phase 3 Critical Path Optimization | Checksum: 15cfca7b1

Time (s): cpu = 00:00:08 ; elapsed = 00:00:05 . Memory (MB): peak = 2316.012 ; gain = 2.492

Phase 4 Critical Path Optimization
INFO: [Physopt 32-619] Estimated Timing Summary | WNS=-0.010 | TNS=-0.084 |
INFO: [Physopt 32-663] Processed net state_reg_reg_rep[7]_i_48_n_0.  Re-placed instance state_reg_reg_rep[7]_i_48
INFO: [Physopt 32-735] Processed net state_reg_reg_rep[7]_i_48_n_0. Optimization improves timing on the net.
INFO: [Physopt 32-619] Estimated Timing Summary | WNS=-0.008 | TNS=-0.074 |
INFO: [Physopt 32-663] Processed net state_reg[2].  Re-placed instance state_reg_reg_rep[2]
INFO: [Physopt 32-735] Processed net state_reg[2]. Optimization improves timing on the net.
INFO: [Physopt 32-619] Estimated Timing Summary | WNS=-0.008 | TNS=-0.065 |
INFO: [Physopt 32-702] Processed net g0_b0__65_i_2_n_0. Optimizations did not improve timing on the net.
INFO: [Physopt 32-702] Processed net state_reg[0]. Optimizations did not improve timing on the net.
INFO: [Physopt 32-702] Processed net sb/s2_2/ark_data_in[1]. Optimizations did not improve timing on the net.
INFO: [Physopt 32-710] Processed net sb/s2_2/ark_data_in[1]. Critical path length was reduced through logic transformation on cell sb/s2_2/ciphertext_reg[113]_i_5_comp.
INFO: [Physopt 32-735] Processed net sb/s1_1/round_reg[3]_0. Optimization improves timing on the net.
INFO: [Physopt 32-619] Estimated Timing Summary | WNS=-0.008 | TNS=-0.057 |
INFO: [Physopt 32-663] Processed net g0_b0__66_i_3_n_0.  Re-placed instance g0_b0__66_i_3
INFO: [Physopt 32-735] Processed net g0_b0__66_i_3_n_0. Optimization improves timing on the net.
INFO: [Physopt 32-619] Estimated Timing Summary | WNS=-0.007 | TNS=-0.049 |
INFO: [Physopt 32-663] Processed net ciphertext_OBUF[95].  Re-placed instance ciphertext_reg_reg[95]
INFO: [Physopt 32-735] Processed net ciphertext_OBUF[95]. Optimization improves timing on the net.
INFO: [Physopt 32-619] Estimated Timing Summary | WNS=-0.006 | TNS=-0.041 |
INFO: [Physopt 32-81] Processed net round_reg[0]. Replicated 1 times.
INFO: [Physopt 32-735] Processed net round_reg[0]. Optimization improves timing on the net.
INFO: [Physopt 32-619] Estimated Timing Summary | WNS=-0.005 | TNS=-0.038 |
INFO: [Physopt 32-663] Processed net ciphertext_reg_reg[95]_i_30_n_0.  Re-placed instance ciphertext_reg_reg[95]_i_30
INFO: [Physopt 32-735] Processed net ciphertext_reg_reg[95]_i_30_n_0. Optimization improves timing on the net.
INFO: [Physopt 32-619] Estimated Timing Summary | WNS=-0.004 | TNS=-0.033 |
INFO: [Physopt 32-663] Processed net ciphertext_OBUF[11].  Re-placed instance ciphertext_reg_reg[11]
INFO: [Physopt 32-735] Processed net ciphertext_OBUF[11]. Optimization improves timing on the net.
INFO: [Physopt 32-619] Estimated Timing Summary | WNS=-0.004 | TNS=-0.029 |
INFO: [Physopt 32-663] Processed net g0_b0__64_i_4_n_0.  Re-placed instance g0_b0__64_i_4
INFO: [Physopt 32-735] Processed net g0_b0__64_i_4_n_0. Optimization improves timing on the net.
INFO: [Physopt 32-619] Estimated Timing Summary | WNS=-0.004 | TNS=-0.024 |
INFO: [Physopt 32-663] Processed net ciphertext_OBUF[91].  Re-placed instance ciphertext_reg_reg[91]
INFO: [Physopt 32-735] Processed net ciphertext_OBUF[91]. Optimization improves timing on the net.
INFO: [Physopt 32-619] Estimated Timing Summary | WNS=-0.004 | TNS=-0.020 |
INFO: [Physopt 32-663] Processed net g0_b0__56_i_5_n_0.  Re-placed instance g0_b0__56_i_5
INFO: [Physopt 32-735] Processed net g0_b0__56_i_5_n_0. Optimization improves timing on the net.
INFO: [Physopt 32-619] Estimated Timing Summary | WNS=-0.003 | TNS=-0.015 |
INFO: [Physopt 32-702] Processed net state_reg[0]. Optimizations did not improve timing on the net.
INFO: [Physopt 32-702] Processed net round_reg[2]. Optimizations did not improve timing on the net.
INFO: [Physopt 32-608] Optimized 1 net.  Swapped 21 pins.
INFO: [Physopt 32-735] Processed net ke/s7_3/state_reg_rep[0]_i_4_n_0. Optimization improves timing on the net.
INFO: [Physopt 32-619] Estimated Timing Summary | WNS=-0.003 | TNS=-0.012 |
INFO: [Physopt 32-663] Processed net ciphertext_OBUF[108].  Re-placed instance ciphertext_reg_reg[108]
INFO: [Physopt 32-735] Processed net ciphertext_OBUF[108]. Optimization improves timing on the net.
INFO: [Physopt 32-619] Estimated Timing Summary | WNS=-0.003 | TNS=-0.009 |
INFO: [Physopt 32-663] Processed net ciphertext_reg_reg[127]_i_62_n_0.  Re-placed instance ciphertext_reg_reg[127]_i_62
INFO: [Physopt 32-735] Processed net ciphertext_reg_reg[127]_i_62_n_0. Optimization improves timing on the net.
INFO: [Physopt 32-619] Estimated Timing Summary | WNS=-0.001 | TNS=-0.005 |
INFO: [Physopt 32-663] Processed net ciphertext_OBUF[97].  Re-placed instance ciphertext_reg_reg[97]
INFO: [Physopt 32-735] Processed net ciphertext_OBUF[97]. Optimization improves timing on the net.
INFO: [Physopt 32-619] Estimated Timing Summary | WNS=-0.001 | TNS=-0.004 |
INFO: [Physopt 32-663] Processed net g0_b0__59_i_2_n_0.  Re-placed instance g0_b0__59_i_2
INFO: [Physopt 32-735] Processed net g0_b0__59_i_2_n_0. Optimization improves timing on the net.
INFO: [Physopt 32-619] Estimated Timing Summary | WNS=-0.001 | TNS=-0.003 |
INFO: [Physopt 32-663] Processed net g0_b0__63_i_5_n_0.  Re-placed instance g0_b0__63_i_5
INFO: [Physopt 32-735] Processed net g0_b0__63_i_5_n_0. Optimization improves timing on the net.
INFO: [Physopt 32-619] Estimated Timing Summary | WNS=-0.001 | TNS=-0.001 |
INFO: [Physopt 32-663] Processed net state_reg_reg_rep[7]_i_62_n_0.  Re-placed instance state_reg_reg_rep[7]_i_62
INFO: [Physopt 32-735] Processed net state_reg_reg_rep[7]_i_62_n_0. Optimization improves timing on the net.
INFO: [Physopt 32-619] Estimated Timing Summary | WNS=0.000 | TNS=0.000 |
INFO: [Physopt 32-619] Estimated Timing Summary | WNS=0.000 | TNS=0.000 |
Phase 4 Critical Path Optimization | Checksum: 259d2b6d0

Time (s): cpu = 00:00:14 ; elapsed = 00:00:09 . Memory (MB): peak = 2323.328 ; gain = 9.809
Netlist sorting complete. Time (s): cpu = 00:00:00 ; elapsed = 00:00:00.078 . Memory (MB): peak = 2323.328 ; gain = 0.000
INFO: [Physopt 32-603] Post Physical Optimization Timing Summary | WNS=0.000 | TNS=0.000 |

Summary of Physical Synthesis Optimizations
============================================


-------------------------------------------------------------------------------------------------------------------------------------------------------------
|  Optimization   |  WNS Gain (ns)  |  TNS Gain (ns)  |  Added Cells  |  Removed Cells  |  Optimized Cells/Nets  |  Dont Touch  |  Iterations  |  Elapsed   |
-------------------------------------------------------------------------------------------------------------------------------------------------------------
|  DSP Register   |          0.000  |          0.000  |            0  |              0  |                     0  |           0  |           1  |  00:00:00  |
|  Critical Path  |          0.067  |          0.591  |            1  |              0  |                    42  |           0  |           2  |  00:00:07  |
|  Total          |          0.067  |          0.591  |            1  |              0  |                    42  |           0  |           3  |  00:00:07  |
-------------------------------------------------------------------------------------------------------------------------------------------------------------


Netlist sorting complete. Time (s): cpu = 00:00:00 ; elapsed = 00:00:00.002 . Memory (MB): peak = 2323.328 ; gain = 0.000
Ending Physical Synthesis Task | Checksum: 2b7f23845

Time (s): cpu = 00:00:14 ; elapsed = 00:00:09 . Memory (MB): peak = 2323.328 ; gain = 9.809
INFO: [Common 17-83] Releasing license: Implementation
227 Infos, 0 Warnings, 0 Critical Warnings and 0 Errors encountered.
phys_opt_design completed successfully
phys_opt_design: Time (s): cpu = 00:00:15 ; elapsed = 00:00:10 . Memory (MB): peak = 2323.328 ; gain = 9.809
INFO: [Timing 38-480] Writing timing data to binary archive.
Writing XDEF routing.
Writing XDEF routing logical nets.
Writing XDEF routing special nets.
Write XDEF Complete: Time (s): cpu = 00:00:04 ; elapsed = 00:00:01 . Memory (MB): peak = 2323.328 ; gain = 0.000
INFO: [Common 17-1381] The checkpoint 'D:/STUDY/HE_THONG_HDL/DO_AN/code/AES256_Copy/project_1/project_1.runs/impl_1/top_physopt.dcp' has been generated.
Command: route_design
Attempting to get a license for feature 'Implementation' and/or device 'xc7vx485t'
INFO: [Common 17-349] Got license for feature 'Implementation' and/or device 'xc7vx485t'
INFO: [Common 17-86] Your Implementation license expires in 21 day(s)
INFO: [DRC 23-27] Running DRC with 2 threads
INFO: [Vivado_Tcl 4-198] DRC finished with 0 Errors
INFO: [Vivado_Tcl 4-199] Please refer to the DRC report (report_drc) for more information.
Running DRC as a precondition to command route_design
INFO: [DRC 23-27] Running DRC with 2 threads
INFO: [Vivado_Tcl 4-198] DRC finished with 0 Errors
INFO: [Vivado_Tcl 4-199] Please refer to the DRC report (report_drc) for more information.


Starting Routing Task
INFO: [Route 35-254] Multithreading enabled for route_design using a maximum of 2 CPUs

Phase 1 Build RT Design
Checksum: PlaceDB: fa2d5e68 ConstDB: 0 ShapeSum: f3a18921 RouteDB: 0
Post Restoration Checksum: NetGraph: d83f4c7b | NumContArr: ee263261 | Constraints: 190a55ad | Timing: 0
Phase 1 Build RT Design | Checksum: 1df6fd489

Time (s): cpu = 00:01:51 ; elapsed = 00:01:21 . Memory (MB): peak = 2677.629 ; gain = 347.355

Phase 2 Router Initialization

Phase 2.1 Fix Topology Constraints
Phase 2.1 Fix Topology Constraints | Checksum: 1df6fd489

Time (s): cpu = 00:01:51 ; elapsed = 00:01:21 . Memory (MB): peak = 2677.629 ; gain = 347.355

Phase 2.2 Pre Route Cleanup
Phase 2.2 Pre Route Cleanup | Checksum: 1df6fd489

Time (s): cpu = 00:01:51 ; elapsed = 00:01:21 . Memory (MB): peak = 2677.629 ; gain = 347.355
 Number of Nodes with overlaps = 0

Phase 2.3 Update Timing
Phase 2.3 Update Timing | Checksum: 18b7cfb01

Time (s): cpu = 00:01:57 ; elapsed = 00:01:24 . Memory (MB): peak = 2725.137 ; gain = 394.863
INFO: [Route 35-416] Intermediate Timing Summary | WNS=0.036  | TNS=0.000  | WHS=-0.036 | THS=-0.116 |


Router Utilization Summary
  Global Vertical Routing Utilization    = 0 %
  Global Horizontal Routing Utilization  = 0 %
  Routable Net Status*
  *Does not include unroutable nets such as driverless and loadless.
  Run report_route_status for detailed report.
  Number of Failed Nets               = 5128
    (Failed Nets is the sum of unrouted and partially routed nets)
  Number of Unrouted Nets             = 5128
  Number of Partially Routed Nets     = 0
  Number of Node Overlaps             = 0

Phase 2 Router Initialization | Checksum: 14f5db2fc

Time (s): cpu = 00:02:01 ; elapsed = 00:01:27 . Memory (MB): peak = 2737.801 ; gain = 407.527

Phase 3 Initial Routing

Phase 3.1 Global Routing
Phase 3.1 Global Routing | Checksum: 14f5db2fc

Time (s): cpu = 00:02:01 ; elapsed = 00:01:27 . Memory (MB): peak = 2737.801 ; gain = 407.527
Phase 3 Initial Routing | Checksum: 10a587789

Time (s): cpu = 00:02:06 ; elapsed = 00:01:30 . Memory (MB): peak = 2737.801 ; gain = 407.527

Phase 4 Rip-up And Reroute

Phase 4.1 Global Iteration 0
 Number of Nodes with overlaps = 2135
 Number of Nodes with overlaps = 534
 Number of Nodes with overlaps = 257
 Number of Nodes with overlaps = 64
 Number of Nodes with overlaps = 20
 Number of Nodes with overlaps = 0
INFO: [Route 35-416] Intermediate Timing Summary | WNS=-0.690 | TNS=-29.215| WHS=N/A    | THS=N/A    |

Phase 4.1 Global Iteration 0 | Checksum: 89bfd4c0

Time (s): cpu = 00:02:23 ; elapsed = 00:01:44 . Memory (MB): peak = 2737.801 ; gain = 407.527

Phase 4.2 Global Iteration 1
 Number of Nodes with overlaps = 530
 Number of Nodes with overlaps = 441
 Number of Nodes with overlaps = 202
 Number of Nodes with overlaps = 101
 Number of Nodes with overlaps = 65
 Number of Nodes with overlaps = 25
 Number of Nodes with overlaps = 16
 Number of Nodes with overlaps = 5
 Number of Nodes with overlaps = 4
 Number of Nodes with overlaps = 0
INFO: [Route 35-416] Intermediate Timing Summary | WNS=-0.394 | TNS=-17.205| WHS=N/A    | THS=N/A    |

Phase 4.2 Global Iteration 1 | Checksum: c819b934

Time (s): cpu = 00:02:42 ; elapsed = 00:01:56 . Memory (MB): peak = 2737.801 ; gain = 407.527

Phase 4.3 Global Iteration 2
 Number of Nodes with overlaps = 1238
 Number of Nodes with overlaps = 505
 Number of Nodes with overlaps = 216
 Number of Nodes with overlaps = 79
 Number of Nodes with overlaps = 79
 Number of Nodes with overlaps = 51
 Number of Nodes with overlaps = 18
 Number of Nodes with overlaps = 5
 Number of Nodes with overlaps = 2
 Number of Nodes with overlaps = 0
INFO: [Route 35-416] Intermediate Timing Summary | WNS=-0.443 | TNS=-13.337| WHS=N/A    | THS=N/A    |

Phase 4.3 Global Iteration 2 | Checksum: 20e19a575

Time (s): cpu = 00:03:06 ; elapsed = 00:02:12 . Memory (MB): peak = 2737.801 ; gain = 407.527
Phase 4 Rip-up And Reroute | Checksum: 20e19a575

Time (s): cpu = 00:03:06 ; elapsed = 00:02:12 . Memory (MB): peak = 2737.801 ; gain = 407.527

Phase 5 Delay and Skew Optimization

Phase 5.1 Delay CleanUp

Phase 5.1.1 Update Timing
Phase 5.1.1 Update Timing | Checksum: 1f35b49b2

Time (s): cpu = 00:03:07 ; elapsed = 00:02:12 . Memory (MB): peak = 2737.801 ; gain = 407.527
INFO: [Route 35-416] Intermediate Timing Summary | WNS=-0.312 | TNS=-7.485 | WHS=N/A    | THS=N/A    |

 Number of Nodes with overlaps = 0
Phase 5.1 Delay CleanUp | Checksum: 1859fa832

Time (s): cpu = 00:03:08 ; elapsed = 00:02:13 . Memory (MB): peak = 2737.801 ; gain = 407.527

Phase 5.2 Clock Skew Optimization
Phase 5.2 Clock Skew Optimization | Checksum: 1859fa832

Time (s): cpu = 00:03:08 ; elapsed = 00:02:13 . Memory (MB): peak = 2737.801 ; gain = 407.527
Phase 5 Delay and Skew Optimization | Checksum: 1859fa832

Time (s): cpu = 00:03:08 ; elapsed = 00:02:13 . Memory (MB): peak = 2737.801 ; gain = 407.527

Phase 6 Post Hold Fix

Phase 6.1 Hold Fix Iter

Phase 6.1.1 Update Timing
Phase 6.1.1 Update Timing | Checksum: 10e71cab1

Time (s): cpu = 00:03:08 ; elapsed = 00:02:13 . Memory (MB): peak = 2737.801 ; gain = 407.527
INFO: [Route 35-416] Intermediate Timing Summary | WNS=-0.303 | TNS=-6.377 | WHS=0.192  | THS=0.000  |

Phase 6.1 Hold Fix Iter | Checksum: 10e71cab1

Time (s): cpu = 00:03:08 ; elapsed = 00:02:13 . Memory (MB): peak = 2737.801 ; gain = 407.527
Phase 6 Post Hold Fix | Checksum: 10e71cab1

Time (s): cpu = 00:03:08 ; elapsed = 00:02:13 . Memory (MB): peak = 2737.801 ; gain = 407.527

Phase 7 Route finalize

Router Utilization Summary
  Global Vertical Routing Utilization    = 0.582413 %
  Global Horizontal Routing Utilization  = 0.646782 %
  Routable Net Status*
  *Does not include unroutable nets such as driverless and loadless.
  Run report_route_status for detailed report.
  Number of Failed Nets               = 0
    (Failed Nets is the sum of unrouted and partially routed nets)
  Number of Unrouted Nets             = 0
  Number of Partially Routed Nets     = 0
  Number of Node Overlaps             = 0


--GLOBAL Congestion:
Utilization threshold used for congestion level computation: 0.85
Congestion Report
North Dir 1x1 Area, Max Cong = 65.7658%, No Congested Regions.
South Dir 1x1 Area, Max Cong = 57.6577%, No Congested Regions.
East Dir 1x1 Area, Max Cong = 63.2353%, No Congested Regions.
West Dir 1x1 Area, Max Cong = 66.1765%, No Congested Regions.

------------------------------
Reporting congestion hotspots
------------------------------
Direction: North
----------------
Congested clusters found at Level 0
Effective congestion level: 0 Aspect Ratio: 1 Sparse Ratio: 0
Direction: South
----------------
Congested clusters found at Level 0
Effective congestion level: 0 Aspect Ratio: 1 Sparse Ratio: 0
Direction: East
----------------
Congested clusters found at Level 0
Effective congestion level: 0 Aspect Ratio: 1 Sparse Ratio: 0
Direction: West
----------------
Congested clusters found at Level 0
Effective congestion level: 0 Aspect Ratio: 1 Sparse Ratio: 0

Phase 7 Route finalize | Checksum: 1566686ef

Time (s): cpu = 00:03:09 ; elapsed = 00:02:13 . Memory (MB): peak = 2737.801 ; gain = 407.527

Phase 8 Verifying routed nets

 Verification completed successfully
Phase 8 Verifying routed nets | Checksum: 1566686ef

Time (s): cpu = 00:03:09 ; elapsed = 00:02:14 . Memory (MB): peak = 2737.801 ; gain = 407.527

Phase 9 Depositing Routes
Phase 9 Depositing Routes | Checksum: 159b37bfd

Time (s): cpu = 00:03:10 ; elapsed = 00:02:15 . Memory (MB): peak = 2737.801 ; gain = 407.527

Phase 10 Post Router Timing
INFO: [Route 35-57] Estimated Timing Summary | WNS=-0.303 | TNS=-6.377 | WHS=0.192  | THS=0.000  |

WARNING: [Route 35-328] Router estimated timing not met.
Resolution: For a complete and accurate timing signoff, report_timing_summary must be run after route_design. Alternatively, route_design can be run with the -timing_summary option to enable a complete timing signoff at the end of route_design.
Phase 10 Post Router Timing | Checksum: 159b37bfd

Time (s): cpu = 00:03:10 ; elapsed = 00:02:15 . Memory (MB): peak = 2737.801 ; gain = 407.527
INFO: [Route 35-16] Router Completed Successfully

Phase 11 Post-Route Event Processing
Phase 11 Post-Route Event Processing | Checksum: 1c4706db9

Time (s): cpu = 00:03:10 ; elapsed = 00:02:15 . Memory (MB): peak = 2737.801 ; gain = 407.527

Time (s): cpu = 00:03:10 ; elapsed = 00:02:15 . Memory (MB): peak = 2737.801 ; gain = 407.527

Routing Is Done.
INFO: [Common 17-83] Releasing license: Implementation
247 Infos, 1 Warnings, 0 Critical Warnings and 0 Errors encountered.
route_design completed successfully
route_design: Time (s): cpu = 00:03:16 ; elapsed = 00:02:18 . Memory (MB): peak = 2737.801 ; gain = 414.473
INFO: [runtcl-4] Executing : report_drc -file top_drc_routed.rpt -pb top_drc_routed.pb -rpx top_drc_routed.rpx
Command: report_drc -file top_drc_routed.rpt -pb top_drc_routed.pb -rpx top_drc_routed.rpx
INFO: [IP_Flow 19-1839] IP Catalog is up to date.
INFO: [DRC 23-27] Running DRC with 2 threads
INFO: [Vivado_Tcl 2-168] The results of DRC are in file D:/STUDY/HE_THONG_HDL/DO_AN/code/AES256_Copy/project_1/project_1.runs/impl_1/top_drc_routed.rpt.
report_drc completed successfully
INFO: [runtcl-4] Executing : report_methodology -file top_methodology_drc_routed.rpt -pb top_methodology_drc_routed.pb -rpx top_methodology_drc_routed.rpx
Command: report_methodology -file top_methodology_drc_routed.rpt -pb top_methodology_drc_routed.pb -rpx top_methodology_drc_routed.rpx
INFO: [Timing 38-35] Done setting XDC timing constraints.
INFO: [DRC 23-133] Running Methodology with 2 threads
INFO: [Vivado_Tcl 2-1520] The results of Report Methodology are in file D:/STUDY/HE_THONG_HDL/DO_AN/code/AES256_Copy/project_1/project_1.runs/impl_1/top_methodology_drc_routed.rpt.
report_methodology completed successfully
report_methodology: Time (s): cpu = 00:00:09 ; elapsed = 00:00:05 . Memory (MB): peak = 2737.801 ; gain = 0.000
INFO: [runtcl-4] Executing : report_power -file top_power_routed.rpt -pb top_power_summary_routed.pb -rpx top_power_routed.rpx
Command: report_power -file top_power_routed.rpt -pb top_power_summary_routed.pb -rpx top_power_routed.rpx
INFO: [Timing 38-35] Done setting XDC timing constraints.
Running Vector-less Activity Propagation...

Finished Running Vector-less Activity Propagation
WARNING: [Power 33-332] Found switching activity that implies high-fanout reset nets being asserted for excessive periods of time which may result in inaccurate power analysis.
Resolution: To review and fix problems, please run Power Constraints Advisor in the GUI from Tools > Power Constraints Advisor or run report_power with the -advisory option to generate a text report.
257 Infos, 2 Warnings, 0 Critical Warnings and 0 Errors encountered.
report_power completed successfully
report_power: Time (s): cpu = 00:00:21 ; elapsed = 00:00:14 . Memory (MB): peak = 2852.625 ; gain = 114.824
INFO: [runtcl-4] Executing : report_route_status -file top_route_status.rpt -pb top_route_status.pb
INFO: [runtcl-4] Executing : report_timing_summary -max_paths 10 -report_unconstrained -file top_timing_summary_routed.rpt -pb top_timing_summary_routed.pb -rpx top_timing_summary_routed.rpx -warn_on_violation 
INFO: [Timing 38-91] UpdateTimingParams: Speed grade: -1, Delay Type: min_max.
INFO: [Timing 38-191] Multithreading enabled for timing update using a maximum of 2 CPUs
CRITICAL WARNING: [Timing 38-282] The design failed to meet the timing requirements. Please see the timing summary report for details on the timing violations.
INFO: [runtcl-4] Executing : report_incremental_reuse -file top_incremental_reuse_routed.rpt
INFO: [Vivado_Tcl 4-1062] Incremental flow is disabled. No incremental reuse Info to report.
INFO: [runtcl-4] Executing : report_clock_utilization -file top_clock_utilization_routed.rpt
INFO: [runtcl-4] Executing : report_bus_skew -warn_on_violation -file top_bus_skew_routed.rpt -pb top_bus_skew_routed.pb -rpx top_bus_skew_routed.rpx
INFO: [Timing 38-91] UpdateTimingParams: Speed grade: -1, Delay Type: min_max.
INFO: [Timing 38-191] Multithreading enabled for timing update using a maximum of 2 CPUs
INFO: [Timing 38-480] Writing timing data to binary archive.
Writing XDEF routing.
Writing XDEF routing logical nets.
Writing XDEF routing special nets.
Write XDEF Complete: Time (s): cpu = 00:00:03 ; elapsed = 00:00:02 . Memory (MB): peak = 2852.625 ; gain = 0.000
INFO: [Common 17-1381] The checkpoint 'D:/STUDY/HE_THONG_HDL/DO_AN/code/AES256_Copy/project_1/project_1.runs/impl_1/top_routed.dcp' has been generated.
INFO: [Common 17-206] Exiting Vivado at Tue May 12 16:45:10 2026...
[Tue May 12 16:45:13 2026] impl_1 finished
wait_on_runs: Time (s): cpu = 00:00:01 ; elapsed = 00:07:14 . Memory (MB): peak = 481.875 ; gain = 0.000
# open_run impl_1
INFO: [Device 21-403] Loading part xc7vx485tffg1157-1
Netlist sorting complete. Time (s): cpu = 00:00:00 ; elapsed = 00:00:00.129 . Memory (MB): peak = 1042.457 ; gain = 0.000
INFO: [Netlist 29-17] Analyzing 1076 Unisim elements for replacement
INFO: [Netlist 29-28] Unisim Transformation completed in 0 CPU seconds
INFO: [Project 1-479] Netlist was created with Vivado 2023.1
INFO: [Project 1-570] Preparing netlist for logic optimization
INFO: [Timing 38-478] Restoring timing data from binary archive.
INFO: [Timing 38-479] Binary timing data restore complete.
INFO: [Project 1-856] Restoring constraints from binary archive.
INFO: [Project 1-853] Binary constraint restore complete.
Reading XDEF placement.
Reading placer database...
Reading XDEF routing.
Read XDEF Files: Time (s): cpu = 00:00:01 ; elapsed = 00:00:01 . Memory (MB): peak = 1886.867 ; gain = 4.992
Restored from archive | CPU: 1.000000 secs | Memory: 0.000000 MB |
Finished XDEF File Restore: Time (s): cpu = 00:00:01 ; elapsed = 00:00:01 . Memory (MB): peak = 1886.867 ; gain = 4.992
Netlist sorting complete. Time (s): cpu = 00:00:00 ; elapsed = 00:00:00.003 . Memory (MB): peak = 1886.867 ; gain = 0.000
INFO: [Project 1-111] Unisim Transformation Summary:
No Unisim elements were transformed.

open_run: Time (s): cpu = 00:00:41 ; elapsed = 00:00:44 . Memory (MB): peak = 1886.867 ; gain = 1404.992
# report_timing_summary -file [file join $out_dir timing_summary.rpt]
INFO: [Timing 38-91] UpdateTimingParams: Speed grade: -1, Delay Type: min_max.
INFO: [Timing 38-191] Multithreading enabled for timing update using a maximum of 2 CPUs
report_timing_summary: Time (s): cpu = 00:00:08 ; elapsed = 00:00:06 . Memory (MB): peak = 1913.242 ; gain = 26.375
# report_utilization -file [file join $out_dir utilization.rpt]
# report_power -file [file join $out_dir power.rpt]
Command: report_power -file D:/STUDY/HE_THONG_HDL/DO_AN/code/AES256_Copy/results/power.rpt
Running Vector-less Activity Propagation...

Finished Running Vector-less Activity Propagation
WARNING: [Power 33-332] Found switching activity that implies high-fanout reset nets being asserted for excessive periods of time which may result in inaccurate power analysis.
Resolution: To review and fix problems, please run Power Constraints Advisor in the GUI from Tools > Power Constraints Advisor or run report_power with the -advisory option to generate a text report.
0 Infos, 1 Warnings, 0 Critical Warnings and 0 Errors encountered.
report_power completed successfully
report_power: Time (s): cpu = 00:00:22 ; elapsed = 00:00:13 . Memory (MB): peak = 2111.930 ; gain = 197.543
# close_project
# exit 0
INFO: [Common 17-206] Exiting Vivado at Tue May 12 16:46:17 2026...
