Copyright 1986-2022 Xilinx, Inc. All Rights Reserved. Copyright 2022-2023 Advanced Micro Devices, Inc. All Rights Reserved.
-------------------------------------------------------------------------------------------------------------------------------------------------
| Tool Version     : Vivado v.2023.1 (win64) Build 3865809 Sun May  7 15:05:29 MDT 2023
| Date             : Tue May 12 17:15:36 2026
| Host             : DESKTOP-DGP33K4 running 64-bit major release  (build 9200)
| Command          : report_power -file D:/STUDY/HE_THONG_HDL/DO_AN/code/AES256_Copy/results/power.rpt
| Design           : top
| Device           : xc7vx485tffg1157-1
| Design State     : routed
| Grade            : commercial
| Process          : typical
| Characterization : Production
-------------------------------------------------------------------------------------------------------------------------------------------------

Power Report

Table of Contents
-----------------
1. Summary
1.1 On-Chip Components
1.2 Power Supply Summary
1.3 Confidence Level
2. Settings
2.1 Environment
2.2 Clock Constraints
3. Detailed Reports
3.1 By Hierarchy

1. Summary
----------

+--------------------------+--------------+
| Total On-Chip Power (W)  | 1.675        |
| Design Power Budget (W)  | Unspecified* |
| Power Budget Margin (W)  | NA           |
| Dynamic (W)              | 1.420        |
| Device Static (W)        | 0.256        |
| Effective TJA (C/W)      | 1.4          |
| Max Ambient (C)          | 82.7         |
| Junction Temperature (C) | 27.3         |
| Confidence Level         | Low          |
| Setting File             | ---          |
| Simulation Activity File | ---          |
| Design Nets Matched      | NA           |
+--------------------------+--------------+
* Specify Design Power Budget using, set_operating_conditions -design_power_budget <value in Watts>


1.1 On-Chip Components
----------------------

+----------------+-----------+----------+-----------+-----------------+
| On-Chip        | Power (W) | Used     | Available | Utilization (%) |
+----------------+-----------+----------+-----------+-----------------+
| Clocks         |     0.009 |        3 |       --- |             --- |
| Slice Logic    |     0.671 |     6239 |       --- |             --- |
|   LUT as Logic |     0.662 |     4576 |    303600 |            1.51 |
|   F7/F8 Muxes  |     0.010 |     1076 |    303600 |            0.35 |
|   Register     |    <0.001 |      264 |    607200 |            0.04 |
|   Others       |     0.000 |        1 |       --- |             --- |
| Signals        |     0.674 |     5126 |       --- |             --- |
| I/O            |     0.065 |      514 |       600 |           85.67 |
| Static Power   |     0.256 |          |           |                 |
| Total          |     1.675 |          |           |                 |
+----------------+-----------+----------+-----------+-----------------+


1.2 Power Supply Summary
------------------------

+-----------+-------------+-----------+-------------+------------+-------------+-------------+------------+
| Source    | Voltage (V) | Total (A) | Dynamic (A) | Static (A) | Powerup (A) | Budget (A)  | Margin (A) |
+-----------+-------------+-----------+-------------+------------+-------------+-------------+------------+
| Vccint    |       1.000 |     1.504 |       1.358 |      0.146 |       NA    | Unspecified | NA         |
| Vccaux    |       1.800 |     0.043 |       0.005 |      0.038 |       NA    | Unspecified | NA         |
| Vcco33    |       3.300 |     0.000 |       0.000 |      0.000 |       NA    | Unspecified | NA         |
| Vcco25    |       2.500 |     0.000 |       0.000 |      0.000 |       NA    | Unspecified | NA         |
| Vcco18    |       1.800 |     0.030 |       0.029 |      0.001 |       NA    | Unspecified | NA         |
| Vcco15    |       1.500 |     0.000 |       0.000 |      0.000 |       NA    | Unspecified | NA         |
| Vcco135   |       1.350 |     0.000 |       0.000 |      0.000 |       NA    | Unspecified | NA         |
| Vcco12    |       1.200 |     0.000 |       0.000 |      0.000 |       NA    | Unspecified | NA         |
| Vccaux_io |       1.800 |     0.000 |       0.000 |      0.000 |       NA    | Unspecified | NA         |
| Vccbram   |       1.000 |     0.003 |       0.000 |      0.003 |       NA    | Unspecified | NA         |
| MGTAVcc   |       1.000 |     0.000 |       0.000 |      0.000 |       NA    | Unspecified | NA         |
| MGTAVtt   |       1.200 |     0.000 |       0.000 |      0.000 |       NA    | Unspecified | NA         |
| MGTVccaux |       1.800 |     0.000 |       0.000 |      0.000 |       NA    | Unspecified | NA         |
| MGTZVccl  |       1.075 |     0.000 |       0.000 |      0.000 |       NA    | Unspecified | NA         |
| MGTZAVcc  |       1.075 |     0.000 |       0.000 |      0.000 |       NA    | Unspecified | NA         |
| MGTZVcch  |       1.800 |     0.000 |       0.000 |      0.000 |       NA    | Unspecified | NA         |
| Vccadc    |       1.800 |     0.020 |       0.000 |      0.020 |       NA    | Unspecified | NA         |
+-----------+-------------+-----------+-------------+------------+-------------+-------------+------------+


1.3 Confidence Level
--------------------

+-----------------------------+------------+--------------------------------------------------------+------------------------------------------------------------------------------------------------------------+
| User Input Data             | Confidence | Details                                                | Action                                                                                                     |
+-----------------------------+------------+--------------------------------------------------------+------------------------------------------------------------------------------------------------------------+
| Design implementation state | High       | Design is routed                                       |                                                                                                            |
| Clock nodes activity        | High       | User specified more than 95% of clocks                 |                                                                                                            |
| I/O nodes activity          | Low        | More than 75% of inputs are missing user specification | Provide missing input activity with simulation results or by editing the "By Resource Type -> I/Os" view   |
| Internal nodes activity     | Medium     | User specified less than 25% of internal nodes         | Provide missing internal nodes activity with simulation results or by editing the "By Resource Type" views |
| Device models               | High       | Device models are Production                           |                                                                                                            |
|                             |            |                                                        |                                                                                                            |
| Overall confidence level    | Low        |                                                        |                                                                                                            |
+-----------------------------+------------+--------------------------------------------------------+------------------------------------------------------------------------------------------------------------+


2. Settings
-----------

2.1 Environment
---------------

+-----------------------+--------------------------+
| Ambient Temp (C)      | 25.0                     |
| ThetaJA (C/W)         | 1.4                      |
| Airflow (LFM)         | 250                      |
| Heat Sink             | medium (Medium Profile)  |
| ThetaSA (C/W)         | 2.4                      |
| Board Selection       | medium (10"x10")         |
| # of Board Layers     | 12to15 (12 to 15 Layers) |
| Board Temperature (C) | 25.0                     |
+-----------------------+--------------------------+


2.2 Clock Constraints
---------------------

+-------+--------+-----------------+
| Clock | Domain | Constraint (ns) |
+-------+--------+-----------------+
| clk   | clk    |             4.5 |
+-------+--------+-----------------+


3. Detailed Reports
-------------------

3.1 By Hierarchy
----------------

+-----------+-----------+
| Name      | Power (W) |
+-----------+-----------+
| top       |     1.420 |
|   ke      |     1.283 |
|     s15_0 |     0.001 |
|     s15_1 |     0.001 |
|     s15_2 |     0.001 |
|     s15_3 |     0.001 |
|     s19_0 |     0.002 |
|     s19_1 |     0.002 |
|     s19_2 |     0.002 |
|     s19_3 |     0.002 |
|     s23_0 |     0.001 |
|     s23_1 |     0.001 |
|     s23_2 |     0.001 |
|     s23_3 |     0.001 |
|     s27_0 |     0.002 |
|     s27_1 |     0.002 |
|     s27_2 |     0.002 |
|     s27_3 |     0.002 |
|     s31_0 |     0.001 |
|     s31_1 |     0.001 |
|     s31_2 |     0.001 |
|     s31_3 |     0.001 |
|     s35_0 |     0.001 |
|     s35_1 |     0.001 |
|     s35_2 |     0.001 |
|     s35_3 |     0.001 |
|     s39_0 |     0.002 |
|     s39_1 |     0.002 |
|     s39_2 |     0.002 |
|     s39_3 |     0.002 |
|     s43_0 |     0.001 |
|     s43_1 |     0.001 |
|     s43_2 |     0.001 |
|     s43_3 |     0.001 |
|     s47_0 |     0.002 |
|     s47_1 |     0.002 |
|     s47_2 |     0.002 |
|     s47_3 |     0.002 |
|     s51_0 |     0.002 |
|     s51_1 |     0.002 |
|     s51_2 |     0.002 |
|     s51_3 |     0.002 |
|     s55_0 |     0.002 |
|     s55_1 |     0.002 |
|     s55_2 |     0.002 |
|     s55_3 |     0.002 |
|     s7_0  |     0.306 |
|     s7_1  |     0.301 |
|     s7_2  |     0.303 |
|     s7_3  |     0.301 |
|   sb      |     0.034 |
|     s0_0  |     0.002 |
|     s0_1  |     0.003 |
|     s0_2  |     0.002 |
|     s0_3  |     0.002 |
|     s1_0  |     0.002 |
|     s1_1  |     0.002 |
|     s1_2  |     0.002 |
|     s1_3  |     0.002 |
|     s2_0  |     0.002 |
|     s2_1  |     0.002 |
|     s2_2  |     0.002 |
|     s2_3  |     0.002 |
|     s3_0  |     0.002 |
|     s3_1  |     0.002 |
|     s3_2  |     0.002 |
|     s3_3  |     0.002 |
+-----------+-----------+


