Copyright 1986-2022 Xilinx, Inc. All Rights Reserved. Copyright 2022-2023 Advanced Micro Devices, Inc. All Rights Reserved.
---------------------------------------------------------------------------------------------------------------------------------------------
| Tool Version : Vivado v.2023.1 (win64) Build 3865809 Sun May  7 15:05:29 MDT 2023
| Date         : Tue May 12 17:15:22 2026
| Host         : DESKTOP-DGP33K4 running 64-bit major release  (build 9200)
| Command      : report_timing_summary -file D:/STUDY/HE_THONG_HDL/DO_AN/code/AES256_Copy/results/timing_summary.rpt
| Design       : top
| Device       : 7vx485t-ffg1157
| Speed File   : -1  PRODUCTION 1.12 2014-09-11
| Design State : Routed
---------------------------------------------------------------------------------------------------------------------------------------------

Timing Summary Report

------------------------------------------------------------------------------------------------
| Timer Settings
| --------------
------------------------------------------------------------------------------------------------

  Enable Multi Corner Analysis               :  Yes
  Enable Pessimism Removal                   :  Yes
  Pessimism Removal Resolution               :  Nearest Common Node
  Enable Input Delay Default Clock           :  No
  Enable Preset / Clear Arcs                 :  No
  Disable Flight Delays                      :  No
  Ignore I/O Paths                           :  No
  Timing Early Launch at Borrowing Latches   :  No
  Borrow Time for Max Delay Exceptions       :  Yes
  Merge Timing Exceptions                    :  Yes

  Corner  Analyze    Analyze    
  Name    Max Paths  Min Paths  
  ------  ---------  ---------  
  Slow    Yes        Yes        
  Fast    Yes        Yes        


------------------------------------------------------------------------------------------------
| Report Methodology
| ------------------
------------------------------------------------------------------------------------------------

Rule       Severity  Description                    Violations  
---------  --------  -----------------------------  ----------  
TIMING-18  Warning   Missing input or output delay  513         

Note: This report is based on the most recent report_methodology run and may not be up-to-date. Run report_methodology on the current design for the latest report.



check_timing report

Table of Contents
-----------------
1. checking no_clock (0)
2. checking constant_clock (0)
3. checking pulse_width_clock (0)
4. checking unconstrained_internal_endpoints (0)
5. checking no_input_delay (385)
6. checking no_output_delay (128)
7. checking multiple_clock (0)
8. checking generated_clocks (0)
9. checking loops (0)
10. checking partial_input_delay (0)
11. checking partial_output_delay (0)
12. checking latch_loops (0)

1. checking no_clock (0)
------------------------
 There are 0 register/latch pins with no clock.


2. checking constant_clock (0)
------------------------------
 There are 0 register/latch pins with constant_clock.


3. checking pulse_width_clock (0)
---------------------------------
 There are 0 register/latch pins which need pulse_width check


4. checking unconstrained_internal_endpoints (0)
------------------------------------------------
 There are 0 pins that are not constrained for maximum delay.

 There are 0 pins that are not constrained for maximum delay due to constant clock.


5. checking no_input_delay (385)
--------------------------------
 There are 385 input ports with no input delay specified. (HIGH)

 There are 0 input ports with no input delay but user has a false path constraint.


6. checking no_output_delay (128)
---------------------------------
 There are 128 ports with no output delay specified. (HIGH)

 There are 0 ports with no output delay but user has a false path constraint

 There are 0 ports with no output delay but with a timing clock defined on it or propagating through it


7. checking multiple_clock (0)
------------------------------
 There are 0 register/latch pins with multiple clocks.


8. checking generated_clocks (0)
--------------------------------
 There are 0 generated clocks that are not connected to a clock source.


9. checking loops (0)
---------------------
 There are 0 combinational loops in the design.


10. checking partial_input_delay (0)
------------------------------------
 There are 0 input ports with partial input delay specified.


11. checking partial_output_delay (0)
-------------------------------------
 There are 0 ports with partial output delay specified.


12. checking latch_loops (0)
----------------------------
 There are 0 combinational latch loops in the design through latch input



------------------------------------------------------------------------------------------------
| Design Timing Summary
| ---------------------
------------------------------------------------------------------------------------------------

    WNS(ns)      TNS(ns)  TNS Failing Endpoints  TNS Total Endpoints      WHS(ns)      THS(ns)  THS Failing Endpoints  THS Total Endpoints     WPWS(ns)     TPWS(ns)  TPWS Failing Endpoints  TPWS Total Endpoints  
    -------      -------  ---------------------  -------------------      -------      -------  ---------------------  -------------------     --------     --------  ----------------------  --------------------  
      0.016        0.000                      0                  656        0.195        0.000                      0                  656        1.850        0.000                       0                   265  


All user specified timing constraints are met.


------------------------------------------------------------------------------------------------
| Clock Summary
| -------------
------------------------------------------------------------------------------------------------

Clock  Waveform(ns)         Period(ns)      Frequency(MHz)
-----  ------------         ----------      --------------
clk    {0.000 2.250}        4.500           222.222         


------------------------------------------------------------------------------------------------
| Intra Clock Table
| -----------------
------------------------------------------------------------------------------------------------

Clock             WNS(ns)      TNS(ns)  TNS Failing Endpoints  TNS Total Endpoints      WHS(ns)      THS(ns)  THS Failing Endpoints  THS Total Endpoints     WPWS(ns)     TPWS(ns)  TPWS Failing Endpoints  TPWS Total Endpoints  
-----             -------      -------  ---------------------  -------------------      -------      -------  ---------------------  -------------------     --------     --------  ----------------------  --------------------  
clk                 0.016        0.000                      0                  656        0.195        0.000                      0                  656        1.850        0.000                       0                   265  


------------------------------------------------------------------------------------------------
| Inter Clock Table
| -----------------
------------------------------------------------------------------------------------------------

From Clock    To Clock          WNS(ns)      TNS(ns)  TNS Failing Endpoints  TNS Total Endpoints      WHS(ns)      THS(ns)  THS Failing Endpoints  THS Total Endpoints  
----------    --------          -------      -------  ---------------------  -------------------      -------      -------  ---------------------  -------------------  


------------------------------------------------------------------------------------------------
| Other Path Groups Table
| -----------------------
------------------------------------------------------------------------------------------------

Path Group    From Clock    To Clock          WNS(ns)      TNS(ns)  TNS Failing Endpoints  TNS Total Endpoints      WHS(ns)      THS(ns)  THS Failing Endpoints  THS Total Endpoints  
----------    ----------    --------          -------      -------  ---------------------  -------------------      -------      -------  ---------------------  -------------------  


------------------------------------------------------------------------------------------------
| Timing Details
| --------------
------------------------------------------------------------------------------------------------


---------------------------------------------------------------------------------------------------
From Clock:  clk
  To Clock:  clk

Setup :            0  Failing Endpoints,  Worst Slack        0.016ns,  Total Violation        0.000ns
Hold  :            0  Failing Endpoints,  Worst Slack        0.195ns,  Total Violation        0.000ns
PW    :            0  Failing Endpoints,  Worst Slack        1.850ns,  Total Violation        0.000ns
---------------------------------------------------------------------------------------------------


Max Delay Paths
--------------------------------------------------------------------------------------
Slack (MET) :             0.016ns  (required time - arrival time)
  Source:                 g0_b0__65_i_3/C
                            (rising edge-triggered cell FDRE clocked by clk  {rise@0.000ns fall@2.250ns period=4.500ns})
  Destination:            state_reg_reg_rep[3]/D
                            (rising edge-triggered cell FDRE clocked by clk  {rise@0.000ns fall@2.250ns period=4.500ns})
  Path Group:             clk
  Path Type:              Setup (Max at Slow Process Corner)
  Requirement:            4.500ns  (clk rise@4.500ns - clk rise@0.000ns)
  Data Path Delay:        4.408ns  (logic 0.835ns (18.944%)  route 3.573ns (81.056%))
  Logic Levels:           7  (LUT3=1 LUT6=4 MUXF7=1 MUXF8=1)
  Clock Path Skew:        -0.034ns (DCD - SCD + CPR)
    Destination Clock Delay (DCD):    3.770ns = ( 8.270 - 4.500 ) 
    Source Clock Delay      (SCD):    4.106ns
    Clock Pessimism Removal (CPR):    0.301ns
  Clock Uncertainty:      0.035ns  ((TSJ^2 + TIJ^2)^1/2 + DJ) / 2 + PE
    Total System Jitter     (TSJ):    0.071ns
    Total Input Jitter      (TIJ):    0.000ns
    Discrete Jitter          (DJ):    0.000ns
    Phase Error              (PE):    0.000ns

    Location             Delay type                Incr(ns)  Path(ns)    Netlist Resource(s)
  -------------------------------------------------------------------    -------------------
                         (clock clk rise edge)        0.000     0.000 r  
    Y31                                               0.000     0.000 r  clk (IN)
                         net (fo=0)                   0.000     0.000    clk
    Y31                  IBUF (Prop_ibuf_I_O)         0.746     0.746 r  clk_IBUF_inst/O
                         net (fo=1, routed)           1.834     2.580    clk_IBUF
    BUFGCTRL_X0Y0        BUFG (Prop_bufg_I_O)         0.120     2.700 r  clk_IBUF_BUFG_inst/O
                         net (fo=264, routed)         1.406     4.106    clk_IBUF_BUFG
    SLICE_X80Y165        FDRE                                         r  g0_b0__65_i_3/C
  -------------------------------------------------------------------    -------------------
    SLICE_X80Y165        FDRE (Prop_fdre_C_Q)         0.269     4.375 r  g0_b0__65_i_3/Q
                         net (fo=32, routed)          0.954     5.329    sb/s0_1/ciphertext_reg[8]_i_7[2]
    SLICE_X79Y168        LUT6 (Prop_lut6_I2_O)        0.053     5.382 r  sb/s0_1/g1_b3__65/O
                         net (fo=1, routed)           0.000     5.382    sb/s0_1/g1_b3__65_n_0
    SLICE_X79Y168        MUXF7 (Prop_muxf7_I1_O)      0.145     5.527 r  sb/s0_1/state_reg_reg_rep[3]_i_20/O
                         net (fo=1, routed)           0.000     5.527    sb/s0_1/state_reg_reg_rep[3]_i_20_n_0
    SLICE_X79Y168        MUXF8 (Prop_muxf8_I0_O)      0.056     5.583 r  sb/s0_1/state_reg_reg_rep[3]_i_15/O
                         net (fo=6, routed)           1.095     6.678    sb/s3_0/state_reg_rep[7]_i_24[16]
    SLICE_X71Y173        LUT6 (Prop_lut6_I3_O)        0.153     6.831 r  sb/s3_0/state_reg_rep[3]_i_8/O
                         net (fo=2, routed)           0.449     7.280    sb/s2_3/mc_out[3]
    SLICE_X71Y176        LUT6 (Prop_lut6_I3_O)        0.053     7.333 r  sb/s2_3/state_reg_rep[3]_i_9/O
                         net (fo=1, routed)           0.377     7.710    sb/s3_0/ciphertext_reg_reg[3]
    SLICE_X72Y177        LUT3 (Prop_lut3_I2_O)        0.053     7.763 r  sb/s3_0/state_reg_rep[3]_i_5/O
                         net (fo=1, routed)           0.340     8.102    ke/s7_3/ark_data_in[3]
    SLICE_X73Y177        LUT6 (Prop_lut6_I5_O)        0.053     8.155 r  ke/s7_3/state_reg_rep[3]_i_1/O
                         net (fo=2, routed)           0.358     8.513    ark_out[3]
    SLICE_X74Y177        FDRE                                         r  state_reg_reg_rep[3]/D
  -------------------------------------------------------------------    -------------------

                         (clock clk rise edge)        4.500     4.500 r  
    Y31                                               0.000     4.500 r  clk (IN)
                         net (fo=0)                   0.000     4.500    clk
    Y31                  IBUF (Prop_ibuf_I_O)         0.620     5.120 r  clk_IBUF_inst/O
                         net (fo=1, routed)           1.747     6.867    clk_IBUF
    BUFGCTRL_X0Y0        BUFG (Prop_bufg_I_O)         0.113     6.980 r  clk_IBUF_BUFG_inst/O
                         net (fo=264, routed)         1.290     8.270    clk_IBUF_BUFG
    SLICE_X74Y177        FDRE                                         r  state_reg_reg_rep[3]/C
                         clock pessimism              0.301     8.572    
                         clock uncertainty           -0.035     8.536    
    SLICE_X74Y177        FDRE (Setup_fdre_C_D)       -0.007     8.529    state_reg_reg_rep[3]
  -------------------------------------------------------------------
                         required time                          8.529    
                         arrival time                          -8.513    
  -------------------------------------------------------------------
                         slack                                  0.016    





Min Delay Paths
--------------------------------------------------------------------------------------
Slack (MET) :             0.195ns  (arrival time - required time)
  Source:                 warmup_reg[1]/C
                            (rising edge-triggered cell FDRE clocked by clk  {rise@0.000ns fall@2.250ns period=4.500ns})
  Destination:            warmup_reg[2]/D
                            (rising edge-triggered cell FDRE clocked by clk  {rise@0.000ns fall@2.250ns period=4.500ns})
  Path Group:             clk
  Path Type:              Hold (Min at Fast Process Corner)
  Requirement:            0.000ns  (clk rise@0.000ns - clk rise@0.000ns)
  Data Path Delay:        0.270ns  (logic 0.129ns (47.817%)  route 0.141ns (52.183%))
  Logic Levels:           1  (LUT3=1)
  Clock Path Skew:        0.000ns (DCD - SCD - CPR)
    Destination Clock Delay (DCD):    1.898ns
    Source Clock Delay      (SCD):    1.462ns
    Clock Pessimism Removal (CPR):    0.435ns

    Location             Delay type                Incr(ns)  Path(ns)    Netlist Resource(s)
  -------------------------------------------------------------------    -------------------
                         (clock clk rise edge)        0.000     0.000 r  
    Y31                                               0.000     0.000 r  clk (IN)
                         net (fo=0)                   0.000     0.000    clk
    Y31                  IBUF (Prop_ibuf_I_O)         0.146     0.146 r  clk_IBUF_inst/O
                         net (fo=1, routed)           0.713     0.859    clk_IBUF
    BUFGCTRL_X0Y0        BUFG (Prop_bufg_I_O)         0.026     0.885 r  clk_IBUF_BUFG_inst/O
                         net (fo=264, routed)         0.577     1.462    clk_IBUF_BUFG
    SLICE_X65Y172        FDRE                                         r  warmup_reg[1]/C
  -------------------------------------------------------------------    -------------------
    SLICE_X65Y172        FDRE (Prop_fdre_C_Q)         0.100     1.562 r  warmup_reg[1]/Q
                         net (fo=3, routed)           0.141     1.703    warmup_reg_n_0_[1]
    SLICE_X65Y172        LUT3 (Prop_lut3_I1_O)        0.029     1.732 r  warmup[2]_i_1/O
                         net (fo=1, routed)           0.000     1.732    p_0_in[2]
    SLICE_X65Y172        FDRE                                         r  warmup_reg[2]/D
  -------------------------------------------------------------------    -------------------

                         (clock clk rise edge)        0.000     0.000 r  
    Y31                                               0.000     0.000 r  clk (IN)
                         net (fo=0)                   0.000     0.000    clk
    Y31                  IBUF (Prop_ibuf_I_O)         0.313     0.313 r  clk_IBUF_inst/O
                         net (fo=1, routed)           0.779     1.092    clk_IBUF
    BUFGCTRL_X0Y0        BUFG (Prop_bufg_I_O)         0.030     1.122 r  clk_IBUF_BUFG_inst/O
                         net (fo=264, routed)         0.776     1.898    clk_IBUF_BUFG
    SLICE_X65Y172        FDRE                                         r  warmup_reg[2]/C
                         clock pessimism             -0.435     1.462    
    SLICE_X65Y172        FDRE (Hold_fdre_C_D)         0.075     1.537    warmup_reg[2]
  -------------------------------------------------------------------
                         required time                         -1.537    
                         arrival time                           1.732    
  -------------------------------------------------------------------
                         slack                                  0.195    





Pulse Width Checks
--------------------------------------------------------------------------------------
Clock Name:         clk
Waveform(ns):       { 0.000 2.250 }
Period(ns):         4.500
Sources:            { clk }

Check Type        Corner  Lib Pin  Reference Pin  Required(ns)  Actual(ns)  Slack(ns)  Location       Pin
Min Period        n/a     BUFG/I   n/a            1.600         4.500       2.900      BUFGCTRL_X0Y0  clk_IBUF_BUFG_inst/I
Low Pulse Width   Slow    FDRE/C   n/a            0.400         2.250       1.850      SLICE_X85Y175  ciphertext_reg_reg[107]/C
High Pulse Width  Slow    FDRE/C   n/a            0.350         2.250       1.900      SLICE_X75Y177  ciphertext_reg_reg[0]/C



